[INFO] Scanning for projects...
[INFO] 
[INFO] ------------------< com.alphonso:Interviewer-Service >------------------
[INFO] Building Interviewer-Service 0.0.1-SNAPSHOT
[INFO]   from pom.xml
[INFO] --------------------------------[ jar ]---------------------------------
[INFO] 
[INFO] >>> spring-boot:3.5.8:run (default-cli) > test-compile @ Interviewer-Service >>>
[INFO] 
[INFO] --- resources:3.3.1:resources (default-resources) @ Interviewer-Service ---
[INFO] Copying 2 resources from src/main/resources to target/classes
[INFO] Copying 1 resource from src/main/resources to target/classes
[INFO] 
[INFO] --- compiler:3.14.1:compile (default-compile) @ Interviewer-Service ---
[INFO] Nothing to compile - all classes are up to date.
[INFO] 
[INFO] --- resources:3.3.1:testResources (default-testResources) @ Interviewer-Service ---
[INFO] skip non existing resourceDirectory /Users/srinivas/Documents/chanduAnna/AlphonsoBackend-V2/Interviewer-Service/src/test/resources
[INFO] 
[INFO] --- compiler:3.14.1:testCompile (default-testCompile) @ Interviewer-Service ---
[INFO] Nothing to compile - all classes are up to date.
[INFO] 
[INFO] <<< spring-boot:3.5.8:run (default-cli) < test-compile @ Interviewer-Service <<<
[INFO] 
[INFO] 
[INFO] --- spring-boot:3.5.8:run (default-cli) @ Interviewer-Service ---
[INFO] Attaching agents: []

  .   ____          _            __ _ _
 /\\ / ___'_ __ _ _(_)_ __  __ _ \ \ \ \
( ( )\___ | '_ | '_| | '_ \/ _` | \ \ \ \
 \\/  ___)| |_)| | | | | || (_| |  ) ) ) )
  '  |____| .__|_| |_|_| |_\__, | / / / /
 =========|_|==============|___/=/_/_/_/

 :: Spring Boot ::                (v3.5.8)

2026-01-29T23:28:25.899+05:30  INFO 39575 --- [Interviewer-Service] [  restartedMain] c.a.I.InterviewerServiceApplication      : Starting InterviewerServiceApplication using Java 23.0.2 with PID 39575 (/Users/srinivas/Documents/chanduAnna/AlphonsoBackend-V2/Interviewer-Service/target/classes started by srinivas in /Users/srinivas/Documents/chanduAnna/AlphonsoBackend-V2/Interviewer-Service)
2026-01-29T23:28:25.900+05:30  INFO 39575 --- [Interviewer-Service] [  restartedMain] c.a.I.InterviewerServiceApplication      : The following 1 profile is active: "dev"
2026-01-29T23:28:25.932+05:30  INFO 39575 --- [Interviewer-Service] [  restartedMain] .e.DevToolsPropertyDefaultsPostProcessor : Devtools property defaults active! Set 'spring.devtools.add-properties' to 'false' to disable
2026-01-29T23:28:25.932+05:30  INFO 39575 --- [Interviewer-Service] [  restartedMain] .e.DevToolsPropertyDefaultsPostProcessor : For additional web related logging consider setting the 'logging.level.web' property to 'DEBUG'
2026-01-29T23:28:26.347+05:30  INFO 39575 --- [Interviewer-Service] [  restartedMain] .s.d.r.c.RepositoryConfigurationDelegate : Bootstrapping Spring Data JPA repositories in DEFAULT mode.
2026-01-29T23:28:26.426+05:30  INFO 39575 --- [Interviewer-Service] [  restartedMain] .s.d.r.c.RepositoryConfigurationDelegate : Finished Spring Data repository scanning in 74 ms. Found 5 JPA repository interfaces.
2026-01-29T23:28:26.595+05:30  INFO 39575 --- [Interviewer-Service] [  restartedMain] o.s.cloud.context.scope.GenericScope     : BeanFactory id=654b2f42-8e3d-3202-b713-682708910fdb
2026-01-29T23:28:27.011+05:30  INFO 39575 --- [Interviewer-Service] [  restartedMain] o.s.b.w.embedded.tomcat.TomcatWebServer  : Tomcat initialized with port 8083 (http)
2026-01-29T23:28:27.018+05:30  INFO 39575 --- [Interviewer-Service] [  restartedMain] o.apache.catalina.core.StandardService   : Starting service [Tomcat]
2026-01-29T23:28:27.018+05:30  INFO 39575 --- [Interviewer-Service] [  restartedMain] o.apache.catalina.core.StandardEngine    : Starting Servlet engine: [Apache Tomcat/10.1.49]
2026-01-29T23:28:27.039+05:30  INFO 39575 --- [Interviewer-Service] [  restartedMain] o.a.c.c.C.[Tomcat].[localhost].[/]       : Initializing Spring embedded WebApplicationContext
2026-01-29T23:28:27.039+05:30  INFO 39575 --- [Interviewer-Service] [  restartedMain] w.s.c.ServletWebServerApplicationContext : Root WebApplicationContext: initialization completed in 1107 ms
2026-01-29T23:28:27.181+05:30  INFO 39575 --- [Interviewer-Service] [  restartedMain] o.hibernate.jpa.internal.util.LogHelper  : HHH000204: Processing PersistenceUnitInfo [name: default]
2026-01-29T23:28:27.209+05:30  INFO 39575 --- [Interviewer-Service] [  restartedMain] org.hibernate.Version                    : HHH000412: Hibernate ORM core version 6.6.36.Final
2026-01-29T23:28:27.224+05:30  INFO 39575 --- [Interviewer-Service] [  restartedMain] o.h.c.internal.RegionFactoryInitiator    : HHH000026: Second-level cache disabled
2026-01-29T23:28:27.336+05:30  INFO 39575 --- [Interviewer-Service] [  restartedMain] o.s.o.j.p.SpringPersistenceUnitInfo      : No LoadTimeWeaver setup: ignoring JPA class transformer
2026-01-29T23:28:27.349+05:30  INFO 39575 --- [Interviewer-Service] [  restartedMain] com.zaxxer.hikari.HikariDataSource       : HikariPool-1 - Starting...
2026-01-29T23:28:27.442+05:30  INFO 39575 --- [Interviewer-Service] [  restartedMain] com.zaxxer.hikari.pool.HikariPool        : HikariPool-1 - Added connection com.mysql.cj.jdbc.ConnectionImpl@d8e36a2
2026-01-29T23:28:27.443+05:30  INFO 39575 --- [Interviewer-Service] [  restartedMain] com.zaxxer.hikari.HikariDataSource       : HikariPool-1 - Start completed.
2026-01-29T23:28:27.476+05:30  WARN 39575 --- [Interviewer-Service] [  restartedMain] org.hibernate.orm.deprecation            : HHH90000025: MySQLDialect does not need to be specified explicitly using 'hibernate.dialect' (remove the property setting and it will be selected by default)
2026-01-29T23:28:27.484+05:30  INFO 39575 --- [Interviewer-Service] [  restartedMain] org.hibernate.orm.connections.pooling    : HHH10001005: Database info:
	Database JDBC URL [Connecting through datasource 'HikariDataSource (HikariPool-1)']
	Database driver: undefined/unknown
	Database version: 9.5
	Autocommit mode: undefined/unknown
	Isolation level: undefined/unknown
	Minimum pool size: undefined/unknown
	Maximum pool size: undefined/unknown
2026-01-29T23:28:27.956+05:30  INFO 39575 --- [Interviewer-Service] [  restartedMain] o.h.e.t.j.p.i.JtaPlatformInitiator       : HHH000489: No JTA platform available (set 'hibernate.transaction.jta.platform' to enable JTA platform integration)
2026-01-29T23:28:28.061+05:30  INFO 39575 --- [Interviewer-Service] [  restartedMain] j.LocalContainerEntityManagerFactoryBean : Initialized JPA EntityManagerFactory for persistence unit 'default'
2026-01-29T23:28:28.218+05:30  INFO 39575 --- [Interviewer-Service] [  restartedMain] o.s.d.j.r.query.QueryEnhancerFactory     : Hibernate is in classpath; If applicable, HQL parser will be used.
2026-01-29T23:28:28.773+05:30  WARN 39575 --- [Interviewer-Service] [  restartedMain] JpaBaseConfiguration$JpaWebConfiguration : spring.jpa.open-in-view is enabled by default. Therefore, database queries may be performed during view rendering. Explicitly configure spring.jpa.open-in-view to disable this warning
2026-01-29T23:28:28.808+05:30  WARN 39575 --- [Interviewer-Service] [  restartedMain] o.s.b.d.a.OptionalLiveReloadServer       : Unable to start LiveReload server
2026-01-29T23:28:28.860+05:30  INFO 39575 --- [Interviewer-Service] [  restartedMain] o.s.c.openfeign.FeignClientFactoryBean   : For 'Profile-Service' URL not provided. Will try picking an instance via load-balancing.
2026-01-29T23:28:29.030+05:30  WARN 39575 --- [Interviewer-Service] [  restartedMain] .s.s.UserDetailsServiceAutoConfiguration : 

Using generated security password: 7eaa9485-33b9-4ee0-8dce-2c834dd43aad

This generated password is for development use only. Your security configuration must be updated before running your application in production.

2026-01-29T23:28:29.035+05:30  INFO 39575 --- [Interviewer-Service] [  restartedMain] r$InitializeUserDetailsManagerConfigurer : Global AuthenticationManager configured with UserDetailsService bean with name inMemoryUserDetailsManager
2026-01-29T23:28:29.715+05:30  INFO 39575 --- [Interviewer-Service] [  restartedMain] DiscoveryClientOptionalArgsConfiguration : Eureka HTTP Client uses RestTemplate.
2026-01-29T23:28:29.748+05:30  WARN 39575 --- [Interviewer-Service] [  restartedMain] iguration$LoadBalancerCaffeineWarnLogger : Spring Cloud LoadBalancer is currently working with the default cache. While this cache implementation is useful for development and tests, it's recommended to use Caffeine cache in production.You can switch to using Caffeine cache, by adding it and org.springframework.cache.caffeine.CaffeineCacheManager to the classpath.
2026-01-29T23:28:29.776+05:30  INFO 39575 --- [Interviewer-Service] [  restartedMain] o.s.c.n.eureka.InstanceInfoFactory       : Setting initial instance status as: STARTING
2026-01-29T23:28:29.792+05:30  INFO 39575 --- [Interviewer-Service] [  restartedMain] com.netflix.discovery.DiscoveryClient    : Initializing Eureka in region us-east-1
2026-01-29T23:28:29.793+05:30  INFO 39575 --- [Interviewer-Service] [  restartedMain] c.n.d.s.r.aws.ConfigClusterResolver      : Resolving eureka endpoints via configuration
2026-01-29T23:28:29.797+05:30  INFO 39575 --- [Interviewer-Service] [  restartedMain] com.netflix.discovery.DiscoveryClient    : Disable delta property : false
2026-01-29T23:28:29.797+05:30  INFO 39575 --- [Interviewer-Service] [  restartedMain] com.netflix.discovery.DiscoveryClient    : Single vip registry refresh property : null
2026-01-29T23:28:29.797+05:30  INFO 39575 --- [Interviewer-Service] [  restartedMain] com.netflix.discovery.DiscoveryClient    : Force full registry fetch : false
2026-01-29T23:28:29.797+05:30  INFO 39575 --- [Interviewer-Service] [  restartedMain] com.netflix.discovery.DiscoveryClient    : Application is null : false
2026-01-29T23:28:29.797+05:30  INFO 39575 --- [Interviewer-Service] [  restartedMain] com.netflix.discovery.DiscoveryClient    : Registered Applications size is zero : true
2026-01-29T23:28:29.797+05:30  INFO 39575 --- [Interviewer-Service] [  restartedMain] com.netflix.discovery.DiscoveryClient    : Application version is -1: true
2026-01-29T23:28:29.797+05:30  INFO 39575 --- [Interviewer-Service] [  restartedMain] com.netflix.discovery.DiscoveryClient    : Getting all instance registry info from the eureka server
2026-01-29T23:28:30.006+05:30  INFO 39575 --- [Interviewer-Service] [  restartedMain] com.netflix.discovery.DiscoveryClient    : The response status is 200
2026-01-29T23:28:30.006+05:30  INFO 39575 --- [Interviewer-Service] [  restartedMain] com.netflix.discovery.DiscoveryClient    : Starting heartbeat executor: renew interval is: 30
2026-01-29T23:28:30.007+05:30  INFO 39575 --- [Interviewer-Service] [  restartedMain] c.n.discovery.InstanceInfoReplicator     : InstanceInfoReplicator onDemand update allowed rate per min is 4
2026-01-29T23:28:30.008+05:30  INFO 39575 --- [Interviewer-Service] [  restartedMain] com.netflix.discovery.DiscoveryClient    : Discovery Client initialized at timestamp 1769709510008 with initial instances count: 0
2026-01-29T23:28:30.016+05:30  INFO 39575 --- [Interviewer-Service] [  restartedMain] o.s.c.n.e.s.EurekaServiceRegistry        : Registering application INTERVIEWER-SERVICE with eureka with status UP
2026-01-29T23:28:30.016+05:30  INFO 39575 --- [Interviewer-Service] [  restartedMain] com.netflix.discovery.DiscoveryClient    : Saw local status change event StatusChangeEvent [timestamp=1769709510016, current=UP, previous=STARTING]
2026-01-29T23:28:30.017+05:30  INFO 39575 --- [Interviewer-Service] [foReplicator-%d] com.netflix.discovery.DiscoveryClient    : DiscoveryClient_INTERVIEWER-SERVICE/192.0.0.2:Interviewer-Service:8083: registering service...
2026-01-29T23:28:30.028+05:30  INFO 39575 --- [Interviewer-Service] [  restartedMain] o.s.b.w.embedded.tomcat.TomcatWebServer  : Tomcat started on port 8083 (http) with context path '/'
2026-01-29T23:28:30.029+05:30  INFO 39575 --- [Interviewer-Service] [  restartedMain] .s.c.n.e.s.EurekaAutoServiceRegistration : Updating port to 8083
2026-01-29T23:28:30.039+05:30  INFO 39575 --- [Interviewer-Service] [  restartedMain] c.a.I.InterviewerServiceApplication      : Started InterviewerServiceApplication in 4.34 seconds (process running for 4.709)
2026-01-29T23:28:30.043+05:30  INFO 39575 --- [Interviewer-Service] [foReplicator-%d] com.netflix.discovery.DiscoveryClient    : DiscoveryClient_INTERVIEWER-SERVICE/192.0.0.2:Interviewer-Service:8083 - registration status: 204
2026-01-29T23:29:00.073+05:30  INFO 39575 --- [Interviewer-Service] [reshExecutor-%d] com.netflix.discovery.DiscoveryClient    : Disable delta property : false
2026-01-29T23:29:00.081+05:30  INFO 39575 --- [Interviewer-Service] [reshExecutor-%d] com.netflix.discovery.DiscoveryClient    : Single vip registry refresh property : null
2026-01-29T23:29:00.081+05:30  INFO 39575 --- [Interviewer-Service] [reshExecutor-%d] com.netflix.discovery.DiscoveryClient    : Force full registry fetch : false
2026-01-29T23:29:00.082+05:30  INFO 39575 --- [Interviewer-Service] [reshExecutor-%d] com.netflix.discovery.DiscoveryClient    : Application is null : false
2026-01-29T23:29:00.082+05:30  INFO 39575 --- [Interviewer-Service] [reshExecutor-%d] com.netflix.discovery.DiscoveryClient    : Registered Applications size is zero : true
2026-01-29T23:29:00.082+05:30  INFO 39575 --- [Interviewer-Service] [reshExecutor-%d] com.netflix.discovery.DiscoveryClient    : Application version is -1: false
2026-01-29T23:29:00.082+05:30  INFO 39575 --- [Interviewer-Service] [reshExecutor-%d] com.netflix.discovery.DiscoveryClient    : Getting all instance registry info from the eureka server
2026-01-29T23:29:00.158+05:30  INFO 39575 --- [Interviewer-Service] [reshExecutor-%d] com.netflix.discovery.DiscoveryClient    : The response status is 200
2026-01-29T23:30:00.024+05:30  INFO 39575 --- [Interviewer-Service] [   scheduling-1] c.a.I.ServiceImp.InterviewSchedulingJob  : === Starting interview scheduling job for quiz passed candidates ===
2026-01-29T23:30:00.130+05:30  INFO 39575 --- [Interviewer-Service] [   scheduling-1] c.a.I.S.InterviewSchedulerService        : Fetching quiz passed candidates for interview scheduling
2026-01-29T23:30:00.535+05:30  INFO 39575 --- [Interviewer-Service] [   scheduling-1] c.a.I.S.InterviewSchedulerService        : Retrieved 0 quiz passed candidates from profile service
2026-01-29T23:30:00.535+05:30  INFO 39575 --- [Interviewer-Service] [   scheduling-1] c.a.I.S.InterviewSchedulerService        : No quiz passed candidates available for scheduling
2026-01-29T23:30:00.539+05:30  INFO 39575 --- [Interviewer-Service] [   scheduling-1] c.a.I.ServiceImp.InterviewSchedulingJob  : === Completed interview scheduling job ===
2026-01-29T23:30:57.619+05:30  INFO 39575 --- [Interviewer-Service] [nio-8083-exec-2] o.a.c.c.C.[Tomcat].[localhost].[/]       : Initializing Spring DispatcherServlet 'dispatcherServlet'
2026-01-29T23:30:57.620+05:30  INFO 39575 --- [Interviewer-Service] [nio-8083-exec-2] o.s.web.servlet.DispatcherServlet        : Initializing Servlet 'dispatcherServlet'
2026-01-29T23:30:57.632+05:30  INFO 39575 --- [Interviewer-Service] [nio-8083-exec-2] o.s.web.servlet.DispatcherServlet        : Completed initialization in 12 ms
[ROLE_INTERVIEWER]
[ROLE_INTERVIEWER]
[ROLE_INTERVIEWER]
2026-01-29T23:30:57.718+05:30  INFO 39575 --- [Interviewer-Service] [nio-8083-exec-2] c.a.I.Controller.InterviewerController   : GET /upcoming interviews for pawarsrinivasnaik@gmail.com
2026-01-29T23:30:57.718+05:30  INFO 39575 --- [Interviewer-Service] [nio-8083-exec-1] c.a.I.Controller.InterviewerController   : GET /today interviews for pawarsrinivasnaik@gmail.com
2026-01-29T23:30:57.718+05:30  INFO 39575 --- [Interviewer-Service] [nio-8083-exec-3] c.a.I.Controller.InterviewerController   : GET /details called for pawarsrinivasnaik@gmail.com
2026-01-29T23:30:57.718+05:30  INFO 39575 --- [Interviewer-Service] [nio-8083-exec-1] c.a.I.S.InterviewerServiceLayer          : Fetching today's interviews for email: pawarsrinivasnaik@gmail.com
2026-01-29T23:30:57.718+05:30  INFO 39575 --- [Interviewer-Service] [nio-8083-exec-2] c.a.I.S.InterviewerServiceLayer          : Fetching upcoming interviews for email: pawarsrinivasnaik@gmail.com
Hibernate: 
    select
        id1_0.id,
        id1_0.created_at,
        id1_0.email,
        id1_0.name,
        id1_0.profile_id 
    from
        interviewer_details id1_0 
    where
        id1_0.email=?
Hibernate: 
    select
        i1_0.id,
        i1_0.candidate_email,
        i1_0.candidate_profile_id,
        i1_0.created_at,
        i1_0.domain,
        i1_0.end_time,
        i1_0.interview_id,
        i1_0.interviewer_email,
        i1_0.interviewer_id,
        i1_0.meet_url,
        i1_0.start_time 
    from
        interview i1_0 
    where
        i1_0.interviewer_email=? 
        and date(i1_0.start_time)=current_date
Hibernate: 
    select
        i1_0.id,
        i1_0.candidate_email,
        i1_0.candidate_profile_id,
        i1_0.created_at,
        i1_0.domain,
        i1_0.end_time,
        i1_0.interview_id,
        i1_0.interviewer_email,
        i1_0.interviewer_id,
        i1_0.meet_url,
        i1_0.start_time 
    from
        interview i1_0 
    where
        i1_0.interviewer_email=? 
        and i1_0.start_time>current_timestamp(6)
Hibernate: 
    select
        s1_0.interviewer_id,
        s1_1.id,
        s1_1.name 
    from
        interviewer_skill s1_0 
    join
        skill_details s1_1 
            on s1_1.id=s1_0.skill_id 
    where
        s1_0.interviewer_id=?
Hibernate: 
    select
        i1_0.id,
        i1_0.candidate_email,
        i1_0.candidate_profile_id,
        i1_0.created_at,
        i1_0.domain,
        i1_0.end_time,
        i1_0.interview_id,
        i1_0.interviewer_email,
        i1_0.interviewer_id,
        i1_0.meet_url,
        i1_0.start_time 
    from
        interview i1_0 
    where
        i1_0.candidate_email=? 
        and date(i1_0.start_time)=current_date
Hibernate: 
    select
        i1_0.id,
        i1_0.candidate_email,
        i1_0.candidate_profile_id,
        i1_0.created_at,
        i1_0.domain,
        i1_0.end_time,
        i1_0.interview_id,
        i1_0.interviewer_email,
        i1_0.interviewer_id,
        i1_0.meet_url,
        i1_0.start_time 
    from
        interview i1_0 
    where
        i1_0.candidate_email=? 
        and i1_0.start_time>current_timestamp(6)
2026-01-29T23:30:57.906+05:30  INFO 39575 --- [Interviewer-Service] [nio-8083-exec-2] c.a.I.S.InterviewerServiceLayer          : Found 0 upcoming interviews for email: pawarsrinivasnaik@gmail.com (0 as interviewer, 0 as candidate)
2026-01-29T23:30:57.907+05:30  INFO 39575 --- [Interviewer-Service] [nio-8083-exec-1] c.a.I.S.InterviewerServiceLayer          : Found 0 interviews today for email: pawarsrinivasnaik@gmail.com (0 as interviewer, 0 as candidate)
2026-01-29T23:30:57.907+05:30  INFO 39575 --- [Interviewer-Service] [nio-8083-exec-1] c.a.I.Controller.InterviewerController   : No interviews found today for pawarsrinivasnaik@gmail.com
Hibernate: 
    select
        i1_0.id,
        i1_0.candidate_email,
        i1_0.candidate_profile_id,
        i1_0.created_at,
        i1_0.domain,
        i1_0.end_time,
        i1_0.interview_id,
        i1_0.interviewer_email,
        i1_0.interviewer_id,
        i1_0.meet_url,
        i1_0.start_time 
    from
        interview i1_0
2026-01-29T23:30:57.915+05:30  INFO 39575 --- [Interviewer-Service] [nio-8083-exec-2] c.a.I.S.InterviewerServiceLayer          : Total interviews found for email pawarsrinivasnaik@gmail.com: 1
2026-01-29T23:30:57.916+05:30  INFO 39575 --- [Interviewer-Service] [nio-8083-exec-2] c.a.I.S.InterviewerServiceLayer          : Sample interview startTime: 2026-01-28T09:00, Current timestamp: 2026-01-29T23:30:57.916099
2026-01-29T23:30:57.916+05:30  INFO 39575 --- [Interviewer-Service] [nio-8083-exec-2] c.a.I.Controller.InterviewerController   : No upcoming interviews found for pawarsrinivasnaik@gmail.com
2026-01-29T23:30:57.950+05:30  INFO 39575 --- [Interviewer-Service] [nio-8083-exec-3] c.a.I.S.InterviewerServiceLayer          : Returning interviewer details for pawarsrinivasnaik@gmail.com with 3 skills
[ROLE_INTERVIEWER]
2026-01-29T23:30:57.954+05:30  INFO 39575 --- [Interviewer-Service] [nio-8083-exec-3] c.a.I.Controller.InterviewerController   : Returning interviewer details for pawarsrinivasnaik@gmail.com with 3 skills
2026-01-29T23:30:57.954+05:30  INFO 39575 --- [Interviewer-Service] [nio-8083-exec-4] c.a.I.Controller.InterviewerController   : GET /upcoming interviews for pawarsrinivasnaik@gmail.com
2026-01-29T23:30:57.954+05:30  INFO 39575 --- [Interviewer-Service] [nio-8083-exec-4] c.a.I.S.InterviewerServiceLayer          : Fetching upcoming interviews for email: pawarsrinivasnaik@gmail.com
Hibernate: 
    select
        i1_0.id,
        i1_0.candidate_email,
        i1_0.candidate_profile_id,
        i1_0.created_at,
        i1_0.domain,
        i1_0.end_time,
        i1_0.interview_id,
        i1_0.interviewer_email,
        i1_0.interviewer_id,
        i1_0.meet_url,
        i1_0.start_time 
    from
        interview i1_0 
    where
        i1_0.interviewer_email=? 
        and i1_0.start_time>current_timestamp(6)
Hibernate: 
    select
        i1_0.id,
        i1_0.candidate_email,
        i1_0.candidate_profile_id,
        i1_0.created_at,
        i1_0.domain,
        i1_0.end_time,
        i1_0.interview_id,
        i1_0.interviewer_email,
        i1_0.interviewer_id,
        i1_0.meet_url,
        i1_0.start_time 
    from
        interview i1_0 
    where
        i1_0.candidate_email=? 
        and i1_0.start_time>current_timestamp(6)
2026-01-29T23:30:57.957+05:30  INFO 39575 --- [Interviewer-Service] [nio-8083-exec-4] c.a.I.S.InterviewerServiceLayer          : Found 0 upcoming interviews for email: pawarsrinivasnaik@gmail.com (0 as interviewer, 0 as candidate)
Hibernate: 
    select
        i1_0.id,
        i1_0.candidate_email,
        i1_0.candidate_profile_id,
        i1_0.created_at,
        i1_0.domain,
        i1_0.end_time,
        i1_0.interview_id,
        i1_0.interviewer_email,
        i1_0.interviewer_id,
        i1_0.meet_url,
        i1_0.start_time 
    from
        interview i1_0
2026-01-29T23:30:57.962+05:30  INFO 39575 --- [Interviewer-Service] [nio-8083-exec-4] c.a.I.S.InterviewerServiceLayer          : Total interviews found for email pawarsrinivasnaik@gmail.com: 1
2026-01-29T23:30:57.963+05:30  INFO 39575 --- [Interviewer-Service] [nio-8083-exec-4] c.a.I.S.InterviewerServiceLayer          : Sample interview startTime: 2026-01-28T09:00, Current timestamp: 2026-01-29T23:30:57.963069
2026-01-29T23:30:57.963+05:30  INFO 39575 --- [Interviewer-Service] [nio-8083-exec-4] c.a.I.Controller.InterviewerController   : No upcoming interviews found for pawarsrinivasnaik@gmail.com
2026-01-29T23:33:29.807+05:30  INFO 39575 --- [Interviewer-Service] [rap-executor-%d] c.n.d.s.r.aws.ConfigClusterResolver      : Resolving eureka endpoints via configuration
[ROLE_CANDIDATE]
[ROLE_CANDIDATE]
2026-01-29T23:33:58.832+05:30  INFO 39575 --- [Interviewer-Service] [nio-8083-exec-9] c.a.I.Controller.InterviewerController   : GET /upcoming interviews for bablubalu624@gmail.com
2026-01-29T23:33:58.838+05:30  INFO 39575 --- [Interviewer-Service] [nio-8083-exec-9] c.a.I.S.InterviewerServiceLayer          : Fetching upcoming interviews for email: bablubalu624@gmail.com
Hibernate: 
    select
        i1_0.id,
        i1_0.candidate_email,
        i1_0.candidate_profile_id,
        i1_0.created_at,
        i1_0.domain,
        i1_0.end_time,
        i1_0.interview_id,
        i1_0.interviewer_email,
        i1_0.interviewer_id,
        i1_0.meet_url,
        i1_0.start_time 
    from
        interview i1_0 
    where
        i1_0.interviewer_email=? 
        and i1_0.start_time>current_timestamp(6)
Hibernate: 
    select
        f1_0.id,
        f1_0.adaptability,
        f1_0.analytical,
        f1_0.candidate_profile_id,
        f1_0.collaboration,
        f1_0.communication,
        f1_0.created_at,
        f1_0.design,
        f1_0.execution,
        f1_0.interview_id,
        f1_0.interviewer_id,
        f1_0.notes,
        f1_0.recommendation,
        f1_0.technical 
    from
        feedback f1_0 
    where
        f1_0.candidate_profile_id=? 
    order by
        f1_0.created_at desc
Hibernate: 
    select
        i1_0.id,
        i1_0.candidate_email,
        i1_0.candidate_profile_id,
        i1_0.created_at,
        i1_0.domain,
        i1_0.end_time,
        i1_0.interview_id,
        i1_0.interviewer_email,
        i1_0.interviewer_id,
        i1_0.meet_url,
        i1_0.start_time 
    from
        interview i1_0 
    where
        i1_0.candidate_email=? 
        and i1_0.start_time>current_timestamp(6)
2026-01-29T23:33:59.395+05:30  INFO 39575 --- [Interviewer-Service] [nio-8083-exec-9] c.a.I.S.InterviewerServiceLayer          : Found 0 upcoming interviews for email: bablubalu624@gmail.com (0 as interviewer, 0 as candidate)
Hibernate: 
    select
        i1_0.id,
        i1_0.candidate_email,
        i1_0.candidate_profile_id,
        i1_0.created_at,
        i1_0.domain,
        i1_0.end_time,
        i1_0.interview_id,
        i1_0.interviewer_email,
        i1_0.interviewer_id,
        i1_0.meet_url,
        i1_0.start_time 
    from
        interview i1_0
2026-01-29T23:33:59.507+05:30  INFO 39575 --- [Interviewer-Service] [nio-8083-exec-9] c.a.I.S.InterviewerServiceLayer          : Total interviews found for email bablubalu624@gmail.com: 1
2026-01-29T23:33:59.507+05:30  INFO 39575 --- [Interviewer-Service] [nio-8083-exec-9] c.a.I.S.InterviewerServiceLayer          : Sample interview startTime: 2026-01-28T09:00, Current timestamp: 2026-01-29T23:33:59.507879
2026-01-29T23:33:59.508+05:30  INFO 39575 --- [Interviewer-Service] [nio-8083-exec-9] c.a.I.Controller.InterviewerController   : No upcoming interviews found for bablubalu624@gmail.com
[ROLE_CANDIDATE]
Hibernate: 
    select
        f1_0.id,
        f1_0.adaptability,
        f1_0.analytical,
        f1_0.candidate_profile_id,
        f1_0.collaboration,
        f1_0.communication,
        f1_0.created_at,
        f1_0.design,
        f1_0.execution,
        f1_0.interview_id,
        f1_0.interviewer_id,
        f1_0.notes,
        f1_0.recommendation,
        f1_0.technical 
    from
        feedback f1_0 
    where
        f1_0.candidate_profile_id=? 
    order by
        f1_0.created_at desc
2026-01-29T23:35:47.168+05:30  INFO 39575 --- [Interviewer-Service] [ionShutdownHook] o.s.c.n.e.s.EurekaServiceRegistry        : Unregistering application INTERVIEWER-SERVICE with eureka with status DOWN
2026-01-29T23:35:47.178+05:30  INFO 39575 --- [Interviewer-Service] [ionShutdownHook] com.netflix.discovery.DiscoveryClient    : Saw local status change event StatusChangeEvent [timestamp=1769709947178, current=DOWN, previous=UP]
2026-01-29T23:35:47.180+05:30  INFO 39575 --- [Interviewer-Service] [foReplicator-%d] com.netflix.discovery.DiscoveryClient    : DiscoveryClient_INTERVIEWER-SERVICE/192.0.0.2:Interviewer-Service:8083: registering service...
2026-01-29T23:35:47.394+05:30  INFO 39575 --- [Interviewer-Service] [ionShutdownHook] o.s.b.w.e.tomcat.GracefulShutdown        : Commencing graceful shutdown. Waiting for active requests to complete
2026-01-29T23:35:47.437+05:30  INFO 39575 --- [Interviewer-Service] [tomcat-shutdown] o.s.b.w.e.tomcat.GracefulShutdown        : Graceful shutdown complete
2026-01-29T23:35:47.481+05:30  INFO 39575 --- [Interviewer-Service] [foReplicator-%d] c.n.d.s.t.d.RedirectingEurekaHttpClient  : Request execution error. endpoint=DefaultEndpoint{ serviceUrl='http://localhost:8761/eureka/} exception=I/O error on POST request for "http://localhost:8761/eureka/apps/INTERVIEWER-SERVICE": Connect to http://localhost:8761 failed: Connection refused stacktrace=org.springframework.web.client.ResourceAccessException: I/O error on POST request for "http://localhost:8761/eureka/apps/INTERVIEWER-SERVICE": Connect to http://localhost:8761 failed: Connection refused
	at org.springframework.web.client.RestTemplate.createResourceAccessException(RestTemplate.java:926)
	at org.springframework.web.client.RestTemplate.doExecute(RestTemplate.java:906)
	at org.springframework.web.client.RestTemplate.execute(RestTemplate.java:841)
	at org.springframework.web.client.RestTemplate.exchange(RestTemplate.java:702)
	at org.springframework.cloud.netflix.eureka.http.RestTemplateEurekaHttpClient.register(RestTemplateEurekaHttpClient.java:87)
	at com.netflix.discovery.shared.transport.decorator.EurekaHttpClientDecorator$1.execute(EurekaHttpClientDecorator.java:59)
	at com.netflix.discovery.shared.transport.decorator.RedirectingEurekaHttpClient.execute(RedirectingEurekaHttpClient.java:91)
	at com.netflix.discovery.shared.transport.decorator.EurekaHttpClientDecorator.register(EurekaHttpClientDecorator.java:56)
	at com.netflix.discovery.shared.transport.decorator.EurekaHttpClientDecorator$1.execute(EurekaHttpClientDecorator.java:59)
	at com.netflix.discovery.shared.transport.decorator.RetryableEurekaHttpClient.execute(RetryableEurekaHttpClient.java:120)
	at com.netflix.discovery.shared.transport.decorator.EurekaHttpClientDecorator.register(EurekaHttpClientDecorator.java:56)
	at com.netflix.discovery.shared.transport.decorator.EurekaHttpClientDecorator$1.execute(EurekaHttpClientDecorator.java:59)
	at com.netflix.discovery.shared.transport.decorator.SessionedEurekaHttpClient.execute(SessionedEurekaHttpClient.java:76)
	at com.netflix.discovery.shared.transport.decorator.EurekaHttpClientDecorator.register(EurekaHttpClientDecorator.java:56)
	at com.netflix.discovery.DiscoveryClient.register(DiscoveryClient.java:828)
	at com.netflix.discovery.InstanceInfoReplicator.run(InstanceInfoReplicator.java:125)
	at com.netflix.discovery.InstanceInfoReplicator$2.run(InstanceInfoReplicator.java:105)
	at java.base/java.util.concurrent.Executors$RunnableAdapter.call(Executors.java:572)
	at java.base/java.util.concurrent.FutureTask.run(FutureTask.java:317)
	at java.base/java.util.concurrent.ScheduledThreadPoolExecutor$ScheduledFutureTask.run(ScheduledThreadPoolExecutor.java:304)
	at java.base/java.util.concurrent.ThreadPoolExecutor.runWorker(ThreadPoolExecutor.java:1144)
	at java.base/java.util.concurrent.ThreadPoolExecutor$Worker.run(ThreadPoolExecutor.java:642)
	at java.base/java.lang.Thread.run(Thread.java:1575)
Caused by: org.apache.hc.client5.http.HttpHostConnectException: Connect to http://localhost:8761 failed: Connection refused
	at java.base/sun.nio.ch.Net.pollConnect(Native Method)
	at java.base/sun.nio.ch.Net.pollConnectNow(Net.java:682)
	at java.base/sun.nio.ch.NioSocketImpl.timedFinishConnect(NioSocketImpl.java:549)
	at java.base/sun.nio.ch.NioSocketImpl.connect(NioSocketImpl.java:592)
	at java.base/java.net.SocksSocketImpl.connect(SocksSocketImpl.java:327)
	at java.base/java.net.Socket.connect(Socket.java:760)
	at org.apache.hc.client5.http.impl.io.DefaultHttpClientConnectionOperator.connect(DefaultHttpClientConnectionOperator.java:215)
	at org.apache.hc.client5.http.impl.io.PoolingHttpClientConnectionManager.connect(PoolingHttpClientConnectionManager.java:497)
	at org.apache.hc.client5.http.impl.classic.InternalExecRuntime.connectEndpoint(InternalExecRuntime.java:164)
	at org.apache.hc.client5.http.impl.classic.InternalExecRuntime.connectEndpoint(InternalExecRuntime.java:174)
	at org.apache.hc.client5.http.impl.classic.ConnectExec.execute(ConnectExec.java:144)
	at org.apache.hc.client5.http.impl.classic.ExecChainElement.execute(ExecChainElement.java:51)
	at org.apache.hc.client5.http.impl.classic.ProtocolExec.execute(ProtocolExec.java:195)
	at org.apache.hc.client5.http.impl.classic.ExecChainElement.execute(ExecChainElement.java:51)
	at org.apache.hc.client5.http.impl.classic.ContentCompressionExec.execute(ContentCompressionExec.java:151)
	at org.apache.hc.client5.http.impl.classic.ExecChainElement.execute(ExecChainElement.java:51)
	at org.apache.hc.client5.http.impl.classic.HttpRequestRetryExec.execute(HttpRequestRetryExec.java:112)
	at org.apache.hc.client5.http.impl.classic.ExecChainElement.execute(ExecChainElement.java:51)
	at org.apache.hc.client5.http.impl.classic.RedirectExec.execute(RedirectExec.java:110)
	at org.apache.hc.client5.http.impl.classic.ExecChainElement.execute(ExecChainElement.java:51)
	at org.apache.hc.client5.http.impl.classic.InternalHttpClient.doExecute(InternalHttpClient.java:185)
	at org.apache.hc.client5.http.impl.classic.CloseableHttpClient.execute(CloseableHttpClient.java:87)
	at org.apache.hc.client5.http.impl.classic.CloseableHttpClient.execute(CloseableHttpClient.java:55)
	at org.apache.hc.client5.http.classic.HttpClient.executeOpen(HttpClient.java:183)
	at org.springframework.http.client.HttpComponentsClientHttpRequest.executeInternal(HttpComponentsClientHttpRequest.java:99)
	at org.springframework.http.client.AbstractStreamingClientHttpRequest.executeInternal(AbstractStreamingClientHttpRequest.java:88)
	at org.springframework.http.client.AbstractClientHttpRequest.execute(AbstractClientHttpRequest.java:81)
	at org.springframework.http.client.InterceptingClientHttpRequest$InterceptingRequestExecution.execute(InterceptingClientHttpRequest.java:117)
	at org.springframework.cloud.netflix.eureka.http.RestTemplateTransportClientFactory.lambda$restTemplate$2(RestTemplateTransportClientFactory.java:145)
	at org.springframework.http.client.InterceptingClientHttpRequest$InterceptingRequestExecution.execute(InterceptingClientHttpRequest.java:88)
	at org.springframework.http.client.InterceptingClientHttpRequest.executeInternal(InterceptingClientHttpRequest.java:72)
	at org.springframework.http.client.AbstractBufferingClientHttpRequest.executeInternal(AbstractBufferingClientHttpRequest.java:48)
	at org.springframework.http.client.AbstractClientHttpRequest.execute(AbstractClientHttpRequest.java:81)
	at org.springframework.web.client.RestTemplate.doExecute(RestTemplate.java:900)
	... 21 more

2026-01-29T23:35:47.481+05:30  WARN 39575 --- [Interviewer-Service] [foReplicator-%d] c.n.d.s.t.d.RetryableEurekaHttpClient    : Request execution failed with message: I/O error on POST request for "http://localhost:8761/eureka/apps/INTERVIEWER-SERVICE": Connect to http://localhost:8761 failed: Connection refused
2026-01-29T23:35:47.539+05:30  INFO 39575 --- [Interviewer-Service] [ionShutdownHook] j.LocalContainerEntityManagerFactoryBean : Closing JPA EntityManagerFactory for persistence unit 'default'
2026-01-29T23:35:47.689+05:30  INFO 39575 --- [Interviewer-Service] [foReplicator-%d] c.n.d.s.t.d.RedirectingEurekaHttpClient  : Request execution error. endpoint=DefaultEndpoint{ serviceUrl='http://localhost:8761/eureka/}, exception=I/O error on POST request for "http://localhost:8761/eureka/apps/INTERVIEWER-SERVICE": Connect to http://localhost:8761 failed: Connection refused stacktrace=org.springframework.web.client.ResourceAccessException: I/O error on POST request for "http://localhost:8761/eureka/apps/INTERVIEWER-SERVICE": Connect to http://localhost:8761 failed: Connection refused
	at org.springframework.web.client.RestTemplate.createResourceAccessException(RestTemplate.java:926)
	at org.springframework.web.client.RestTemplate.doExecute(RestTemplate.java:906)
	at org.springframework.web.client.RestTemplate.execute(RestTemplate.java:841)
	at org.springframework.web.client.RestTemplate.exchange(RestTemplate.java:702)
	at org.springframework.cloud.netflix.eureka.http.RestTemplateEurekaHttpClient.register(RestTemplateEurekaHttpClient.java:87)
	at com.netflix.discovery.shared.transport.decorator.EurekaHttpClientDecorator$1.execute(EurekaHttpClientDecorator.java:59)
	at com.netflix.discovery.shared.transport.decorator.RedirectingEurekaHttpClient.executeOnNewServer(RedirectingEurekaHttpClient.java:121)
	at com.netflix.discovery.shared.transport.decorator.RedirectingEurekaHttpClient.execute(RedirectingEurekaHttpClient.java:80)
	at com.netflix.discovery.shared.transport.decorator.EurekaHttpClientDecorator.register(EurekaHttpClientDecorator.java:56)
	at com.netflix.discovery.shared.transport.decorator.EurekaHttpClientDecorator$1.execute(EurekaHttpClientDecorator.java:59)
	at com.netflix.discovery.shared.transport.decorator.RetryableEurekaHttpClient.execute(RetryableEurekaHttpClient.java:120)
	at com.netflix.discovery.shared.transport.decorator.EurekaHttpClientDecorator.register(EurekaHttpClientDecorator.java:56)
	at com.netflix.discovery.shared.transport.decorator.EurekaHttpClientDecorator$1.execute(EurekaHttpClientDecorator.java:59)
	at com.netflix.discovery.shared.transport.decorator.SessionedEurekaHttpClient.execute(SessionedEurekaHttpClient.java:76)
	at com.netflix.discovery.shared.transport.decorator.EurekaHttpClientDecorator.register(EurekaHttpClientDecorator.java:56)
	at com.netflix.discovery.DiscoveryClient.register(DiscoveryClient.java:828)
	at com.netflix.discovery.InstanceInfoReplicator.run(InstanceInfoReplicator.java:125)
	at com.netflix.discovery.InstanceInfoReplicator$2.run(InstanceInfoReplicator.java:105)
	at java.base/java.util.concurrent.Executors$RunnableAdapter.call(Executors.java:572)
	at java.base/java.util.concurrent.FutureTask.run(FutureTask.java:317)
	at java.base/java.util.concurrent.ScheduledThreadPoolExecutor$ScheduledFutureTask.run(ScheduledThreadPoolExecutor.java:304)
	at java.base/java.util.concurrent.ThreadPoolExecutor.runWorker(ThreadPoolExecutor.java:1144)
	at java.base/java.util.concurrent.ThreadPoolExecutor$Worker.run(ThreadPoolExecutor.java:642)
	at java.base/java.lang.Thread.run(Thread.java:1575)
Caused by: org.apache.hc.client5.http.HttpHostConnectException: Connect to http://localhost:8761 failed: Connection refused
	at java.base/sun.nio.ch.Net.pollConnect(Native Method)
	at java.base/sun.nio.ch.Net.pollConnectNow(Net.java:682)
	at java.base/sun.nio.ch.NioSocketImpl.timedFinishConnect(NioSocketImpl.java:549)
	at java.base/sun.nio.ch.NioSocketImpl.connect(NioSocketImpl.java:592)
	at java.base/java.net.SocksSocketImpl.connect(SocksSocketImpl.java:327)
	at java.base/java.net.Socket.connect(Socket.java:760)
	at org.apache.hc.client5.http.impl.io.DefaultHttpClientConnectionOperator.connect(DefaultHttpClientConnectionOperator.java:215)
	at org.apache.hc.client5.http.impl.io.PoolingHttpClientConnectionManager.connect(PoolingHttpClientConnectionManager.java:497)
	at org.apache.hc.client5.http.impl.classic.InternalExecRuntime.connectEndpoint(InternalExecRuntime.java:164)
	at org.apache.hc.client5.http.impl.classic.InternalExecRuntime.connectEndpoint(InternalExecRuntime.java:174)
	at org.apache.hc.client5.http.impl.classic.ConnectExec.execute(ConnectExec.java:144)
	at org.apache.hc.client5.http.impl.classic.ExecChainElement.execute(ExecChainElement.java:51)
	at org.apache.hc.client5.http.impl.classic.ProtocolExec.execute(ProtocolExec.java:195)
	at org.apache.hc.client5.http.impl.classic.ExecChainElement.execute(ExecChainElement.java:51)
	at org.apache.hc.client5.http.impl.classic.ContentCompressionExec.execute(ContentCompressionExec.java:151)
	at org.apache.hc.client5.http.impl.classic.ExecChainElement.execute(ExecChainElement.java:51)
	at org.apache.hc.client5.http.impl.classic.HttpRequestRetryExec.execute(HttpRequestRetryExec.java:112)
	at org.apache.hc.client5.http.impl.classic.ExecChainElement.execute(ExecChainElement.java:51)
	at org.apache.hc.client5.http.impl.classic.RedirectExec.execute(RedirectExec.java:110)
	at org.apache.hc.client5.http.impl.classic.ExecChainElement.execute(ExecChainElement.java:51)
	at org.apache.hc.client5.http.impl.classic.InternalHttpClient.doExecute(InternalHttpClient.java:185)
	at org.apache.hc.client5.http.impl.classic.CloseableHttpClient.execute(CloseableHttpClient.java:87)
	at org.apache.hc.client5.http.impl.classic.CloseableHttpClient.execute(CloseableHttpClient.java:55)
	at org.apache.hc.client5.http.classic.HttpClient.executeOpen(HttpClient.java:183)
	at org.springframework.http.client.HttpComponentsClientHttpRequest.executeInternal(HttpComponentsClientHttpRequest.java:99)
	at org.springframework.http.client.AbstractStreamingClientHttpRequest.executeInternal(AbstractStreamingClientHttpRequest.java:88)
	at org.springframework.http.client.AbstractClientHttpRequest.execute(AbstractClientHttpRequest.java:81)
	at org.springframework.http.client.InterceptingClientHttpRequest$InterceptingRequestExecution.execute(InterceptingClientHttpRequest.java:117)
	at org.springframework.cloud.netflix.eureka.http.RestTemplateTransportClientFactory.lambda$restTemplate$2(RestTemplateTransportClientFactory.java:145)
	at org.springframework.http.client.InterceptingClientHttpRequest$InterceptingRequestExecution.execute(InterceptingClientHttpRequest.java:88)
	at org.springframework.http.client.InterceptingClientHttpRequest.executeInternal(InterceptingClientHttpRequest.java:72)
	at org.springframework.http.client.AbstractBufferingClientHttpRequest.executeInternal(AbstractBufferingClientHttpRequest.java:48)
	at org.springframework.http.client.AbstractClientHttpRequest.execute(AbstractClientHttpRequest.java:81)
	at org.springframework.web.client.RestTemplate.doExecute(RestTemplate.java:900)
	... 22 more

2026-01-29T23:35:47.689+05:30  WARN 39575 --- [Interviewer-Service] [foReplicator-%d] c.n.d.s.t.d.RetryableEurekaHttpClient    : Request execution failed with message: I/O error on POST request for "http://localhost:8761/eureka/apps/INTERVIEWER-SERVICE": Connect to http://localhost:8761 failed: Connection refused
2026-01-29T23:35:47.703+05:30  INFO 39575 --- [Interviewer-Service] [ionShutdownHook] com.zaxxer.hikari.HikariDataSource       : HikariPool-1 - Shutdown initiated...
2026-01-29T23:35:47.690+05:30  WARN 39575 --- [Interviewer-Service] [foReplicator-%d] com.netflix.discovery.DiscoveryClient    : DiscoveryClient_INTERVIEWER-SERVICE/192.0.0.2:Interviewer-Service:8083 - registration failed Cannot execute request on any known server

com.netflix.discovery.shared.transport.TransportException: Cannot execute request on any known server
	at com.netflix.discovery.shared.transport.decorator.RetryableEurekaHttpClient.execute(RetryableEurekaHttpClient.java:112) ~[eureka-client-2.0.4.jar:2.0.4]
	at com.netflix.discovery.shared.transport.decorator.EurekaHttpClientDecorator.register(EurekaHttpClientDecorator.java:56) ~[eureka-client-2.0.4.jar:2.0.4]
	at com.netflix.discovery.shared.transport.decorator.EurekaHttpClientDecorator$1.execute(EurekaHttpClientDecorator.java:59) ~[eureka-client-2.0.4.jar:2.0.4]
	at com.netflix.discovery.shared.transport.decorator.SessionedEurekaHttpClient.execute(SessionedEurekaHttpClient.java:76) ~[eureka-client-2.0.4.jar:2.0.4]
	at com.netflix.discovery.shared.transport.decorator.EurekaHttpClientDecorator.register(EurekaHttpClientDecorator.java:56) ~[eureka-client-2.0.4.jar:2.0.4]
	at com.netflix.discovery.DiscoveryClient.register(DiscoveryClient.java:828) ~[eureka-client-2.0.4.jar:2.0.4]
	at com.netflix.discovery.InstanceInfoReplicator.run(InstanceInfoReplicator.java:125) ~[eureka-client-2.0.4.jar:2.0.4]
	at com.netflix.discovery.InstanceInfoReplicator$2.run(InstanceInfoReplicator.java:105) ~[eureka-client-2.0.4.jar:2.0.4]
	at java.base/java.util.concurrent.Executors$RunnableAdapter.call(Executors.java:572) ~[na:na]
	at java.base/java.util.concurrent.FutureTask.run(FutureTask.java:317) ~[na:na]
	at java.base/java.util.concurrent.ScheduledThreadPoolExecutor$ScheduledFutureTask.run(ScheduledThreadPoolExecutor.java:304) ~[na:na]
	at java.base/java.util.concurrent.ThreadPoolExecutor.runWorker(ThreadPoolExecutor.java:1144) ~[na:na]
	at java.base/java.util.concurrent.ThreadPoolExecutor$Worker.run(ThreadPoolExecutor.java:642) ~[na:na]
	at java.base/java.lang.Thread.run(Thread.java:1575) ~[na:na]

2026-01-29T23:35:47.704+05:30  WARN 39575 --- [Interviewer-Service] [foReplicator-%d] c.n.discovery.InstanceInfoReplicator     : There was a problem with the instance info replicator

com.netflix.discovery.shared.transport.TransportException: Cannot execute request on any known server
	at com.netflix.discovery.shared.transport.decorator.RetryableEurekaHttpClient.execute(RetryableEurekaHttpClient.java:112) ~[eureka-client-2.0.4.jar:2.0.4]
	at com.netflix.discovery.shared.transport.decorator.EurekaHttpClientDecorator.register(EurekaHttpClientDecorator.java:56) ~[eureka-client-2.0.4.jar:2.0.4]
	at com.netflix.discovery.shared.transport.decorator.EurekaHttpClientDecorator$1.execute(EurekaHttpClientDecorator.java:59) ~[eureka-client-2.0.4.jar:2.0.4]
	at com.netflix.discovery.shared.transport.decorator.SessionedEurekaHttpClient.execute(SessionedEurekaHttpClient.java:76) ~[eureka-client-2.0.4.jar:2.0.4]
	at com.netflix.discovery.shared.transport.decorator.EurekaHttpClientDecorator.register(EurekaHttpClientDecorator.java:56) ~[eureka-client-2.0.4.jar:2.0.4]
	at com.netflix.discovery.DiscoveryClient.register(DiscoveryClient.java:828) ~[eureka-client-2.0.4.jar:2.0.4]
	at com.netflix.discovery.InstanceInfoReplicator.run(InstanceInfoReplicator.java:125) ~[eureka-client-2.0.4.jar:2.0.4]
	at com.netflix.discovery.InstanceInfoReplicator$2.run(InstanceInfoReplicator.java:105) ~[eureka-client-2.0.4.jar:2.0.4]
	at java.base/java.util.concurrent.Executors$RunnableAdapter.call(Executors.java:572) ~[na:na]
	at java.base/java.util.concurrent.FutureTask.run(FutureTask.java:317) ~[na:na]
	at java.base/java.util.concurrent.ScheduledThreadPoolExecutor$ScheduledFutureTask.run(ScheduledThreadPoolExecutor.java:304) ~[na:na]
	at java.base/java.util.concurrent.ThreadPoolExecutor.runWorker(ThreadPoolExecutor.java:1144) ~[na:na]
	at java.base/java.util.concurrent.ThreadPoolExecutor$Worker.run(ThreadPoolExecutor.java:642) ~[na:na]
	at java.base/java.lang.Thread.run(Thread.java:1575) ~[na:na]

2026-01-29T23:35:47.717+05:30  INFO 39575 --- [Interviewer-Service] [ionShutdownHook] com.zaxxer.hikari.HikariDataSource       : HikariPool-1 - Shutdown completed.
2026-01-29T23:35:47.719+05:30  INFO 39575 --- [Interviewer-Service] [ionShutdownHook] com.netflix.discovery.DiscoveryClient    : Shutting down DiscoveryClient ...
2026-01-29T23:35:50.721+05:30  INFO 39575 --- [Interviewer-Service] [ionShutdownHook] com.netflix.discovery.DiscoveryClient    : Unregistering ...
2026-01-29T23:35:50.741+05:30  INFO 39575 --- [Interviewer-Service] [ionShutdownHook] c.n.d.s.t.d.RedirectingEurekaHttpClient  : Request execution error. endpoint=DefaultEndpoint{ serviceUrl='http://localhost:8761/eureka/}, exception=I/O error on DELETE request for "http://localhost:8761/eureka/apps/INTERVIEWER-SERVICE/192.0.0.2:Interviewer-Service:8083": Connect to http://localhost:8761 failed: Connection refused stacktrace=org.springframework.web.client.ResourceAccessException: I/O error on DELETE request for "http://localhost:8761/eureka/apps/INTERVIEWER-SERVICE/192.0.0.2:Interviewer-Service:8083": Connect to http://localhost:8761 failed: Connection refused
	at org.springframework.web.client.RestTemplate.createResourceAccessException(RestTemplate.java:926)
	at org.springframework.web.client.RestTemplate.doExecute(RestTemplate.java:906)
	at org.springframework.web.client.RestTemplate.execute(RestTemplate.java:841)
	at org.springframework.web.client.RestTemplate.exchange(RestTemplate.java:702)
	at org.springframework.cloud.netflix.eureka.http.RestTemplateEurekaHttpClient.cancel(RestTemplateEurekaHttpClient.java:100)
	at com.netflix.discovery.shared.transport.decorator.EurekaHttpClientDecorator$2.execute(EurekaHttpClientDecorator.java:74)
	at com.netflix.discovery.shared.transport.decorator.RedirectingEurekaHttpClient.executeOnNewServer(RedirectingEurekaHttpClient.java:121)
	at com.netflix.discovery.shared.transport.decorator.RedirectingEurekaHttpClient.execute(RedirectingEurekaHttpClient.java:80)
	at com.netflix.discovery.shared.transport.decorator.EurekaHttpClientDecorator.cancel(EurekaHttpClientDecorator.java:71)
	at com.netflix.discovery.shared.transport.decorator.EurekaHttpClientDecorator$2.execute(EurekaHttpClientDecorator.java:74)
	at com.netflix.discovery.shared.transport.decorator.RetryableEurekaHttpClient.execute(RetryableEurekaHttpClient.java:120)
	at com.netflix.discovery.shared.transport.decorator.EurekaHttpClientDecorator.cancel(EurekaHttpClientDecorator.java:71)
	at com.netflix.discovery.shared.transport.decorator.EurekaHttpClientDecorator$2.execute(EurekaHttpClientDecorator.java:74)
	at com.netflix.discovery.shared.transport.decorator.SessionedEurekaHttpClient.execute(SessionedEurekaHttpClient.java:76)
	at com.netflix.discovery.shared.transport.decorator.EurekaHttpClientDecorator.cancel(EurekaHttpClientDecorator.java:71)
	at com.netflix.discovery.DiscoveryClient.unregister(DiscoveryClient.java:919)
	at com.netflix.discovery.DiscoveryClient.shutdown(DiscoveryClient.java:900)
	at java.base/jdk.internal.reflect.DirectMethodHandleAccessor.invoke(DirectMethodHandleAccessor.java:103)
	at java.base/java.lang.reflect.Method.invoke(Method.java:580)
	at org.springframework.beans.factory.annotation.InitDestroyAnnotationBeanPostProcessor$LifecycleMethod.invoke(InitDestroyAnnotationBeanPostProcessor.java:457)
	at org.springframework.beans.factory.annotation.InitDestroyAnnotationBeanPostProcessor$LifecycleMetadata.invokeDestroyMethods(InitDestroyAnnotationBeanPostProcessor.java:415)
	at org.springframework.beans.factory.annotation.InitDestroyAnnotationBeanPostProcessor.postProcessBeforeDestruction(InitDestroyAnnotationBeanPostProcessor.java:239)
	at org.springframework.beans.factory.support.DisposableBeanAdapter.destroy(DisposableBeanAdapter.java:203)
	at org.springframework.beans.factory.support.DisposableBeanAdapter.run(DisposableBeanAdapter.java:196)
	at org.springframework.cloud.context.scope.GenericScope$BeanLifecycleWrapper.destroy(GenericScope.java:387)
	at org.springframework.cloud.context.scope.GenericScope.destroy(GenericScope.java:134)
	at org.springframework.beans.factory.support.DisposableBeanAdapter.destroy(DisposableBeanAdapter.java:212)
	at org.springframework.beans.factory.support.DefaultSingletonBeanRegistry.destroyBean(DefaultSingletonBeanRegistry.java:798)
	at org.springframework.beans.factory.support.DefaultSingletonBeanRegistry.destroySingleton(DefaultSingletonBeanRegistry.java:748)
	at org.springframework.beans.factory.support.DefaultListableBeanFactory.destroySingleton(DefaultListableBeanFactory.java:1499)
	at org.springframework.beans.factory.support.DefaultSingletonBeanRegistry.destroySingletons(DefaultSingletonBeanRegistry.java:707)
	at org.springframework.beans.factory.support.DefaultListableBeanFactory.destroySingletons(DefaultListableBeanFactory.java:1492)
	at org.springframework.context.support.AbstractApplicationContext.destroyBeans(AbstractApplicationContext.java:1222)
	at org.springframework.context.support.AbstractApplicationContext.doClose(AbstractApplicationContext.java:1183)
	at org.springframework.boot.web.servlet.context.ServletWebServerApplicationContext.doClose(ServletWebServerApplicationContext.java:179)
	at org.springframework.context.support.AbstractApplicationContext.close(AbstractApplicationContext.java:1129)
	at org.springframework.boot.SpringApplicationShutdownHook.closeAndWait(SpringApplicationShutdownHook.java:147)
	at java.base/java.lang.Iterable.forEach(Iterable.java:75)
	at org.springframework.boot.SpringApplicationShutdownHook.run(SpringApplicationShutdownHook.java:116)
	at java.base/java.lang.Thread.run(Thread.java:1575)
Caused by: org.apache.hc.client5.http.HttpHostConnectException: Connect to http://localhost:8761 failed: Connection refused
	at java.base/sun.nio.ch.Net.pollConnect(Native Method)
	at java.base/sun.nio.ch.Net.pollConnectNow(Net.java:682)
	at java.base/sun.nio.ch.NioSocketImpl.timedFinishConnect(NioSocketImpl.java:549)
	at java.base/sun.nio.ch.NioSocketImpl.connect(NioSocketImpl.java:592)
	at java.base/java.net.SocksSocketImpl.connect(SocksSocketImpl.java:327)
	at java.base/java.net.Socket.connect(Socket.java:760)
	at org.apache.hc.client5.http.impl.io.DefaultHttpClientConnectionOperator.connect(DefaultHttpClientConnectionOperator.java:215)
	at org.apache.hc.client5.http.impl.io.PoolingHttpClientConnectionManager.connect(PoolingHttpClientConnectionManager.java:497)
	at org.apache.hc.client5.http.impl.classic.InternalExecRuntime.connectEndpoint(InternalExecRuntime.java:164)
	at org.apache.hc.client5.http.impl.classic.InternalExecRuntime.connectEndpoint(InternalExecRuntime.java:174)
	at org.apache.hc.client5.http.impl.classic.ConnectExec.execute(ConnectExec.java:144)
	at org.apache.hc.client5.http.impl.classic.ExecChainElement.execute(ExecChainElement.java:51)
	at org.apache.hc.client5.http.impl.classic.ProtocolExec.execute(ProtocolExec.java:195)
	at org.apache.hc.client5.http.impl.classic.ExecChainElement.execute(ExecChainElement.java:51)
	at org.apache.hc.client5.http.impl.classic.ContentCompressionExec.execute(ContentCompressionExec.java:151)
	at org.apache.hc.client5.http.impl.classic.ExecChainElement.execute(ExecChainElement.java:51)
	at org.apache.hc.client5.http.impl.classic.HttpRequestRetryExec.execute(HttpRequestRetryExec.java:112)
	at org.apache.hc.client5.http.impl.classic.ExecChainElement.execute(ExecChainElement.java:51)
	at org.apache.hc.client5.http.impl.classic.RedirectExec.execute(RedirectExec.java:110)
	at org.apache.hc.client5.http.impl.classic.ExecChainElement.execute(ExecChainElement.java:51)
	at org.apache.hc.client5.http.impl.classic.InternalHttpClient.doExecute(InternalHttpClient.java:185)
	at org.apache.hc.client5.http.impl.classic.CloseableHttpClient.execute(CloseableHttpClient.java:87)
	at org.apache.hc.client5.http.impl.classic.CloseableHttpClient.execute(CloseableHttpClient.java:55)
	at org.apache.hc.client5.http.classic.HttpClient.executeOpen(HttpClient.java:183)
	at org.springframework.http.client.HttpComponentsClientHttpRequest.executeInternal(HttpComponentsClientHttpRequest.java:99)
	at org.springframework.http.client.AbstractStreamingClientHttpRequest.executeInternal(AbstractStreamingClientHttpRequest.java:88)
	at org.springframework.http.client.AbstractClientHttpRequest.execute(AbstractClientHttpRequest.java:81)
	at org.springframework.http.client.InterceptingClientHttpRequest$InterceptingRequestExecution.execute(InterceptingClientHttpRequest.java:117)
	at org.springframework.cloud.netflix.eureka.http.RestTemplateTransportClientFactory.lambda$restTemplate$2(RestTemplateTransportClientFactory.java:145)
	at org.springframework.http.client.InterceptingClientHttpRequest$InterceptingRequestExecution.execute(InterceptingClientHttpRequest.java:88)
	at org.springframework.http.client.InterceptingClientHttpRequest.executeInternal(InterceptingClientHttpRequest.java:72)
	at org.springframework.http.client.AbstractBufferingClientHttpRequest.executeInternal(AbstractBufferingClientHttpRequest.java:48)
	at org.springframework.http.client.AbstractClientHttpRequest.execute(AbstractClientHttpRequest.java:81)
	at org.springframework.web.client.RestTemplate.doExecute(RestTemplate.java:900)
	... 38 more

2026-01-29T23:35:50.741+05:30  WARN 39575 --- [Interviewer-Service] [ionShutdownHook] c.n.d.s.t.d.RetryableEurekaHttpClient    : Request execution failed with message: I/O error on DELETE request for "http://localhost:8761/eureka/apps/INTERVIEWER-SERVICE/192.0.0.2:Interviewer-Service:8083": Connect to http://localhost:8761 failed: Connection refused
2026-01-29T23:35:50.741+05:30 ERROR 39575 --- [Interviewer-Service] [ionShutdownHook] com.netflix.discovery.DiscoveryClient    : DiscoveryClient_INTERVIEWER-SERVICE/192.0.0.2:Interviewer-Service:8083 - de-registration failedCannot execute request on any known server

com.netflix.discovery.shared.transport.TransportException: Cannot execute request on any known server
	at com.netflix.discovery.shared.transport.decorator.RetryableEurekaHttpClient.execute(RetryableEurekaHttpClient.java:112) ~[eureka-client-2.0.4.jar:2.0.4]
	at com.netflix.discovery.shared.transport.decorator.EurekaHttpClientDecorator.cancel(EurekaHttpClientDecorator.java:71) ~[eureka-client-2.0.4.jar:2.0.4]
	at com.netflix.discovery.shared.transport.decorator.EurekaHttpClientDecorator$2.execute(EurekaHttpClientDecorator.java:74) ~[eureka-client-2.0.4.jar:2.0.4]
	at com.netflix.discovery.shared.transport.decorator.SessionedEurekaHttpClient.execute(SessionedEurekaHttpClient.java:76) ~[eureka-client-2.0.4.jar:2.0.4]
	at com.netflix.discovery.shared.transport.decorator.EurekaHttpClientDecorator.cancel(EurekaHttpClientDecorator.java:71) ~[eureka-client-2.0.4.jar:2.0.4]
	at com.netflix.discovery.DiscoveryClient.unregister(DiscoveryClient.java:919) ~[eureka-client-2.0.4.jar:2.0.4]
	at com.netflix.discovery.DiscoveryClient.shutdown(DiscoveryClient.java:900) ~[eureka-client-2.0.4.jar:2.0.4]
	at java.base/jdk.internal.reflect.DirectMethodHandleAccessor.invoke(DirectMethodHandleAccessor.java:103) ~[na:na]
	at java.base/java.lang.reflect.Method.invoke(Method.java:580) ~[na:na]
	at org.springframework.beans.factory.annotation.InitDestroyAnnotationBeanPostProcessor$LifecycleMethod.invoke(InitDestroyAnnotationBeanPostProcessor.java:457) ~[spring-beans-6.2.14.jar:6.2.14]
	at org.springframework.beans.factory.annotation.InitDestroyAnnotationBeanPostProcessor$LifecycleMetadata.invokeDestroyMethods(InitDestroyAnnotationBeanPostProcessor.java:415) ~[spring-beans-6.2.14.jar:6.2.14]
	at org.springframework.beans.factory.annotation.InitDestroyAnnotationBeanPostProcessor.postProcessBeforeDestruction(InitDestroyAnnotationBeanPostProcessor.java:239) ~[spring-beans-6.2.14.jar:6.2.14]
	at org.springframework.beans.factory.support.DisposableBeanAdapter.destroy(DisposableBeanAdapter.java:203) ~[spring-beans-6.2.14.jar:6.2.14]
	at org.springframework.beans.factory.support.DisposableBeanAdapter.run(DisposableBeanAdapter.java:196) ~[spring-beans-6.2.14.jar:6.2.14]
	at org.springframework.cloud.context.scope.GenericScope$BeanLifecycleWrapper.destroy(GenericScope.java:387) ~[spring-cloud-context-4.3.0.jar:4.3.0]
	at org.springframework.cloud.context.scope.GenericScope.destroy(GenericScope.java:134) ~[spring-cloud-context-4.3.0.jar:4.3.0]
	at org.springframework.beans.factory.support.DisposableBeanAdapter.destroy(DisposableBeanAdapter.java:212) ~[spring-beans-6.2.14.jar:6.2.14]
	at org.springframework.beans.factory.support.DefaultSingletonBeanRegistry.destroyBean(DefaultSingletonBeanRegistry.java:798) ~[spring-beans-6.2.14.jar:6.2.14]
	at org.springframework.beans.factory.support.DefaultSingletonBeanRegistry.destroySingleton(DefaultSingletonBeanRegistry.java:748) ~[spring-beans-6.2.14.jar:6.2.14]
	at org.springframework.beans.factory.support.DefaultListableBeanFactory.destroySingleton(DefaultListableBeanFactory.java:1499) ~[spring-beans-6.2.14.jar:6.2.14]
	at org.springframework.beans.factory.support.DefaultSingletonBeanRegistry.destroySingletons(DefaultSingletonBeanRegistry.java:707) ~[spring-beans-6.2.14.jar:6.2.14]
	at org.springframework.beans.factory.support.DefaultListableBeanFactory.destroySingletons(DefaultListableBeanFactory.java:1492) ~[spring-beans-6.2.14.jar:6.2.14]
	at org.springframework.context.support.AbstractApplicationContext.destroyBeans(AbstractApplicationContext.java:1222) ~[spring-context-6.2.14.jar:6.2.14]
	at org.springframework.context.support.AbstractApplicationContext.doClose(AbstractApplicationContext.java:1183) ~[spring-context-6.2.14.jar:6.2.14]
	at org.springframework.boot.web.servlet.context.ServletWebServerApplicationContext.doClose(ServletWebServerApplicationContext.java:179) ~[spring-boot-3.5.8.jar:3.5.8]
	at org.springframework.context.support.AbstractApplicationContext.close(AbstractApplicationContext.java:1129) ~[spring-context-6.2.14.jar:6.2.14]
	at org.springframework.boot.SpringApplicationShutdownHook.closeAndWait(SpringApplicationShutdownHook.java:147) ~[spring-boot-3.5.8.jar:3.5.8]
	at java.base/java.lang.Iterable.forEach(Iterable.java:75) ~[na:na]
	at org.springframework.boot.SpringApplicationShutdownHook.run(SpringApplicationShutdownHook.java:116) ~[spring-boot-3.5.8.jar:3.5.8]
	at java.base/java.lang.Thread.run(Thread.java:1575) ~[na:na]

2026-01-29T23:35:50.743+05:30  INFO 39575 --- [Interviewer-Service] [ionShutdownHook] com.netflix.discovery.DiscoveryClient    : Completed shut down of DiscoveryClient
