[INFO] Scanning for projects...
[INFO] 
[INFO] ---------------------< com.infotech:user-service >----------------------
[INFO] Building user-service 0.0.1-SNAPSHOT
[INFO]   from pom.xml
[INFO] --------------------------------[ jar ]---------------------------------
[INFO] 
[INFO] >>> spring-boot:3.5.6:run (default-cli) > test-compile @ user-service >>>
[INFO] 
[INFO] --- resources:3.3.1:resources (default-resources) @ user-service ---
[INFO] Copying 3 resources from src/main/resources to target/classes
[INFO] Copying 1 resource from src/main/resources to target/classes
[INFO] 
[INFO] --- compiler:3.14.0:compile (default-compile) @ user-service ---
[INFO] Nothing to compile - all classes are up to date.
[INFO] 
[INFO] --- resources:3.3.1:testResources (default-testResources) @ user-service ---
[INFO] skip non existing resourceDirectory /Users/srinivas/Documents/chanduAnna/AlphonsoBackend-V2/Profile-Service/src/test/resources
[INFO] 
[INFO] --- compiler:3.14.0:testCompile (default-testCompile) @ user-service ---
[INFO] Nothing to compile - all classes are up to date.
[INFO] 
[INFO] <<< spring-boot:3.5.6:run (default-cli) < test-compile @ user-service <<<
[INFO] 
[INFO] 
[INFO] --- spring-boot:3.5.6:run (default-cli) @ user-service ---
[INFO] Attaching agents: []

  .   ____          _            __ _ _
 /\\ / ___'_ __ _ _(_)_ __  __ _ \ \ \ \
( ( )\___ | '_ | '_| | '_ \/ _` | \ \ \ \
 \\/  ___)| |_)| | | | | || (_| |  ) ) ) )
  '  |____| .__|_| |_|_| |_\__, | / / / /
 =========|_|==============|___/=/_/_/_/

 :: Spring Boot ::                (v3.5.6)

2026-01-29T23:28:15.339+05:30  INFO 39425 --- [Profile-Service] [  restartedMain] c.a.p.ProfileServiceApplication          : Starting ProfileServiceApplication using Java 23.0.2 with PID 39425 (/Users/srinivas/Documents/chanduAnna/AlphonsoBackend-V2/Profile-Service/target/classes started by srinivas in /Users/srinivas/Documents/chanduAnna/AlphonsoBackend-V2/Profile-Service)
2026-01-29T23:28:15.340+05:30  INFO 39425 --- [Profile-Service] [  restartedMain] c.a.p.ProfileServiceApplication          : The following 1 profile is active: "dev"
2026-01-29T23:28:15.366+05:30  INFO 39425 --- [Profile-Service] [  restartedMain] .e.DevToolsPropertyDefaultsPostProcessor : Devtools property defaults active! Set 'spring.devtools.add-properties' to 'false' to disable
2026-01-29T23:28:15.366+05:30  INFO 39425 --- [Profile-Service] [  restartedMain] .e.DevToolsPropertyDefaultsPostProcessor : For additional web related logging consider setting the 'logging.level.web' property to 'DEBUG'
2026-01-29T23:28:15.921+05:30  INFO 39425 --- [Profile-Service] [  restartedMain] .s.d.r.c.RepositoryConfigurationDelegate : Bootstrapping Spring Data JPA repositories in DEFAULT mode.
2026-01-29T23:28:16.001+05:30  INFO 39425 --- [Profile-Service] [  restartedMain] .s.d.r.c.RepositoryConfigurationDelegate : Finished Spring Data repository scanning in 76 ms. Found 14 JPA repository interfaces.
2026-01-29T23:28:16.168+05:30  INFO 39425 --- [Profile-Service] [  restartedMain] o.s.cloud.context.scope.GenericScope     : BeanFactory id=5830cff9-77f9-3304-a468-2544ae045e39
2026-01-29T23:28:16.583+05:30  INFO 39425 --- [Profile-Service] [  restartedMain] o.s.b.w.embedded.tomcat.TomcatWebServer  : Tomcat initialized with port 8081 (http)
2026-01-29T23:28:16.590+05:30  INFO 39425 --- [Profile-Service] [  restartedMain] o.apache.catalina.core.StandardService   : Starting service [Tomcat]
2026-01-29T23:28:16.590+05:30  INFO 39425 --- [Profile-Service] [  restartedMain] o.apache.catalina.core.StandardEngine    : Starting Servlet engine: [Apache Tomcat/10.1.46]
2026-01-29T23:28:16.610+05:30  INFO 39425 --- [Profile-Service] [  restartedMain] o.a.c.c.C.[Tomcat].[localhost].[/]       : Initializing Spring embedded WebApplicationContext
2026-01-29T23:28:16.611+05:30  INFO 39425 --- [Profile-Service] [  restartedMain] w.s.c.ServletWebServerApplicationContext : Root WebApplicationContext: initialization completed in 1245 ms
2026-01-29T23:28:16.851+05:30  INFO 39425 --- [Profile-Service] [  restartedMain] o.hibernate.jpa.internal.util.LogHelper  : HHH000204: Processing PersistenceUnitInfo [name: default]
2026-01-29T23:28:16.874+05:30  INFO 39425 --- [Profile-Service] [  restartedMain] org.hibernate.Version                    : HHH000412: Hibernate ORM core version 6.6.29.Final
2026-01-29T23:28:16.888+05:30  INFO 39425 --- [Profile-Service] [  restartedMain] o.h.c.internal.RegionFactoryInitiator    : HHH000026: Second-level cache disabled
2026-01-29T23:28:16.994+05:30  INFO 39425 --- [Profile-Service] [  restartedMain] o.s.o.j.p.SpringPersistenceUnitInfo      : No LoadTimeWeaver setup: ignoring JPA class transformer
2026-01-29T23:28:17.005+05:30  INFO 39425 --- [Profile-Service] [  restartedMain] com.zaxxer.hikari.HikariDataSource       : HikariPool-1 - Starting...
2026-01-29T23:28:17.086+05:30  INFO 39425 --- [Profile-Service] [  restartedMain] com.zaxxer.hikari.pool.HikariPool        : HikariPool-1 - Added connection com.mysql.cj.jdbc.ConnectionImpl@5ce857b7
2026-01-29T23:28:17.087+05:30  INFO 39425 --- [Profile-Service] [  restartedMain] com.zaxxer.hikari.HikariDataSource       : HikariPool-1 - Start completed.
2026-01-29T23:28:17.115+05:30  WARN 39425 --- [Profile-Service] [  restartedMain] org.hibernate.orm.deprecation            : HHH90000025: MySQL8Dialect does not need to be specified explicitly using 'hibernate.dialect' (remove the property setting and it will be selected by default)
2026-01-29T23:28:17.116+05:30  WARN 39425 --- [Profile-Service] [  restartedMain] org.hibernate.orm.deprecation            : HHH90000026: MySQL8Dialect has been deprecated; use org.hibernate.dialect.MySQLDialect instead
2026-01-29T23:28:17.123+05:30  INFO 39425 --- [Profile-Service] [  restartedMain] org.hibernate.orm.connections.pooling    : HHH10001005: Database info:
	Database JDBC URL [Connecting through datasource 'HikariDataSource (HikariPool-1)']
	Database driver: undefined/unknown
	Database version: 8.0
	Autocommit mode: undefined/unknown
	Isolation level: undefined/unknown
	Minimum pool size: undefined/unknown
	Maximum pool size: undefined/unknown
2026-01-29T23:28:17.632+05:30  INFO 39425 --- [Profile-Service] [  restartedMain] o.h.e.t.j.p.i.JtaPlatformInitiator       : HHH000489: No JTA platform available (set 'hibernate.transaction.jta.platform' to enable JTA platform integration)
Hibernate: 
    create table voluntary_disclosure (
        id bigint not null auto_increment,
        gender enum ('FEMALE','I_Choose_Not_To_Self_Identify','MALE'),
        race enum ('AMERICAN_INDIAN_OR_ALASKA_NATIVE','ASIAN','BLACK_OR_AFRICAN_AMERICAN','HISPANIC_OR_LATINO','NATIVE_HAWAIIAN_OR_PACIFIC_ISLANDER','Prefer_Not_To_Answer','TWO_OR_MORE_RACES','WHITE'),
        profile_id bigint,
        primary key (id)
    ) engine=InnoDB
2026-01-29T23:28:18.094+05:30  WARN 39425 --- [Profile-Service] [  restartedMain] o.h.t.s.i.ExceptionHandlerLoggedImpl     : GenerationTarget encountered exception accepting command : Error executing DDL "
    create table voluntary_disclosure (
        id bigint not null auto_increment,
        gender enum ('FEMALE','I_Choose_Not_To_Self_Identify','MALE'),
        race enum ('AMERICAN_INDIAN_OR_ALASKA_NATIVE','ASIAN','BLACK_OR_AFRICAN_AMERICAN','HISPANIC_OR_LATINO','NATIVE_HAWAIIAN_OR_PACIFIC_ISLANDER','Prefer_Not_To_Answer','TWO_OR_MORE_RACES','WHITE'),
        profile_id bigint,
        primary key (id)
    ) engine=InnoDB" via JDBC [Table 'voluntary_disclosure' already exists]

org.hibernate.tool.schema.spi.CommandAcceptanceException: Error executing DDL "
    create table voluntary_disclosure (
        id bigint not null auto_increment,
        gender enum ('FEMALE','I_Choose_Not_To_Self_Identify','MALE'),
        race enum ('AMERICAN_INDIAN_OR_ALASKA_NATIVE','ASIAN','BLACK_OR_AFRICAN_AMERICAN','HISPANIC_OR_LATINO','NATIVE_HAWAIIAN_OR_PACIFIC_ISLANDER','Prefer_Not_To_Answer','TWO_OR_MORE_RACES','WHITE'),
        profile_id bigint,
        primary key (id)
    ) engine=InnoDB" via JDBC [Table 'voluntary_disclosure' already exists]
	at org.hibernate.tool.schema.internal.exec.GenerationTargetToDatabase.accept(GenerationTargetToDatabase.java:94)
	at org.hibernate.tool.schema.internal.AbstractSchemaMigrator.applySqlString(AbstractSchemaMigrator.java:576)
	at org.hibernate.tool.schema.internal.AbstractSchemaMigrator.applySqlStrings(AbstractSchemaMigrator.java:516)
	at org.hibernate.tool.schema.internal.AbstractSchemaMigrator.createTable(AbstractSchemaMigrator.java:316)
	at org.hibernate.tool.schema.internal.GroupedSchemaMigratorImpl.performTablesMigration(GroupedSchemaMigratorImpl.java:80)
	at org.hibernate.tool.schema.internal.AbstractSchemaMigrator.performMigration(AbstractSchemaMigrator.java:233)
	at org.hibernate.tool.schema.internal.AbstractSchemaMigrator.doMigration(AbstractSchemaMigrator.java:112)
	at org.hibernate.tool.schema.spi.SchemaManagementToolCoordinator.performDatabaseAction(SchemaManagementToolCoordinator.java:280)
	at org.hibernate.tool.schema.spi.SchemaManagementToolCoordinator.lambda$process$5(SchemaManagementToolCoordinator.java:144)
	at java.base/java.util.HashMap.forEach(HashMap.java:1430)
	at org.hibernate.tool.schema.spi.SchemaManagementToolCoordinator.process(SchemaManagementToolCoordinator.java:141)
	at org.hibernate.boot.internal.SessionFactoryObserverForSchemaExport.sessionFactoryCreated(SessionFactoryObserverForSchemaExport.java:37)
	at org.hibernate.internal.SessionFactoryObserverChain.sessionFactoryCreated(SessionFactoryObserverChain.java:35)
	at org.hibernate.internal.SessionFactoryImpl.<init>(SessionFactoryImpl.java:324)
	at org.hibernate.boot.internal.SessionFactoryBuilderImpl.build(SessionFactoryBuilderImpl.java:463)
	at org.hibernate.jpa.boot.internal.EntityManagerFactoryBuilderImpl.build(EntityManagerFactoryBuilderImpl.java:1517)
	at org.springframework.orm.jpa.vendor.SpringHibernateJpaPersistenceProvider.createContainerEntityManagerFactory(SpringHibernateJpaPersistenceProvider.java:66)
	at org.springframework.orm.jpa.LocalContainerEntityManagerFactoryBean.createNativeEntityManagerFactory(LocalContainerEntityManagerFactoryBean.java:390)
	at org.springframework.orm.jpa.AbstractEntityManagerFactoryBean.buildNativeEntityManagerFactory(AbstractEntityManagerFactoryBean.java:419)
	at org.springframework.orm.jpa.AbstractEntityManagerFactoryBean.afterPropertiesSet(AbstractEntityManagerFactoryBean.java:400)
	at org.springframework.orm.jpa.LocalContainerEntityManagerFactoryBean.afterPropertiesSet(LocalContainerEntityManagerFactoryBean.java:366)
	at org.springframework.beans.factory.support.AbstractAutowireCapableBeanFactory.invokeInitMethods(AbstractAutowireCapableBeanFactory.java:1873)
	at org.springframework.beans.factory.support.AbstractAutowireCapableBeanFactory.initializeBean(AbstractAutowireCapableBeanFactory.java:1822)
	at org.springframework.beans.factory.support.AbstractAutowireCapableBeanFactory.doCreateBean(AbstractAutowireCapableBeanFactory.java:607)
	at org.springframework.beans.factory.support.AbstractAutowireCapableBeanFactory.createBean(AbstractAutowireCapableBeanFactory.java:529)
	at org.springframework.beans.factory.support.AbstractBeanFactory.lambda$doGetBean$0(AbstractBeanFactory.java:339)
	at org.springframework.beans.factory.support.DefaultSingletonBeanRegistry.getSingleton(DefaultSingletonBeanRegistry.java:373)
	at org.springframework.beans.factory.support.AbstractBeanFactory.doGetBean(AbstractBeanFactory.java:337)
	at org.springframework.beans.factory.support.AbstractBeanFactory.getBean(AbstractBeanFactory.java:207)
	at org.springframework.context.support.AbstractApplicationContext.finishBeanFactoryInitialization(AbstractApplicationContext.java:970)
	at org.springframework.context.support.AbstractApplicationContext.refresh(AbstractApplicationContext.java:627)
	at org.springframework.boot.web.servlet.context.ServletWebServerApplicationContext.refresh(ServletWebServerApplicationContext.java:146)
	at org.springframework.boot.SpringApplication.refresh(SpringApplication.java:752)
	at org.springframework.boot.SpringApplication.refreshContext(SpringApplication.java:439)
	at org.springframework.boot.SpringApplication.run(SpringApplication.java:318)
	at org.springframework.boot.SpringApplication.run(SpringApplication.java:1361)
	at org.springframework.boot.SpringApplication.run(SpringApplication.java:1350)
	at com.alphonso.profile_service.ProfileServiceApplication.main(ProfileServiceApplication.java:16)
	at java.base/jdk.internal.reflect.DirectMethodHandleAccessor.invoke(DirectMethodHandleAccessor.java:103)
	at java.base/java.lang.reflect.Method.invoke(Method.java:580)
	at org.springframework.boot.devtools.restart.RestartLauncher.run(RestartLauncher.java:50)
Caused by: java.sql.SQLSyntaxErrorException: Table 'voluntary_disclosure' already exists
	at com.mysql.cj.jdbc.exceptions.SQLError.createSQLException(SQLError.java:112)
	at com.mysql.cj.jdbc.exceptions.SQLExceptionsMapping.translateException(SQLExceptionsMapping.java:114)
	at com.mysql.cj.jdbc.StatementImpl.executeInternal(StatementImpl.java:837)
	at com.mysql.cj.jdbc.StatementImpl.execute(StatementImpl.java:685)
	at com.zaxxer.hikari.pool.ProxyStatement.execute(ProxyStatement.java:95)
	at com.zaxxer.hikari.pool.HikariProxyStatement.execute(HikariProxyStatement.java)
	at org.hibernate.tool.schema.internal.exec.GenerationTargetToDatabase.accept(GenerationTargetToDatabase.java:80)
	... 40 common frames omitted

Hibernate: 
    alter table voluntary_disclosure 
       drop index UK71ra4yqsptx0bmrb45g18myn4
Hibernate: 
    alter table voluntary_disclosure 
       add constraint UK71ra4yqsptx0bmrb45g18myn4 unique (profile_id)
Hibernate: 
    alter table voluntary_disclosure 
       add constraint FK6lo3vrcmqlupmw346rq5e1y2u 
       foreign key (profile_id) 
       references user_profile (id)
2026-01-29T23:28:18.193+05:30  WARN 39425 --- [Profile-Service] [  restartedMain] o.h.t.s.i.ExceptionHandlerLoggedImpl     : GenerationTarget encountered exception accepting command : Error executing DDL "
    alter table voluntary_disclosure 
       add constraint FK6lo3vrcmqlupmw346rq5e1y2u 
       foreign key (profile_id) 
       references user_profile (id)" via JDBC [Duplicate foreign key constraint name 'FK6lo3vrcmqlupmw346rq5e1y2u']

org.hibernate.tool.schema.spi.CommandAcceptanceException: Error executing DDL "
    alter table voluntary_disclosure 
       add constraint FK6lo3vrcmqlupmw346rq5e1y2u 
       foreign key (profile_id) 
       references user_profile (id)" via JDBC [Duplicate foreign key constraint name 'FK6lo3vrcmqlupmw346rq5e1y2u']
	at org.hibernate.tool.schema.internal.exec.GenerationTargetToDatabase.accept(GenerationTargetToDatabase.java:94)
	at org.hibernate.tool.schema.internal.AbstractSchemaMigrator.applySqlString(AbstractSchemaMigrator.java:576)
	at org.hibernate.tool.schema.internal.AbstractSchemaMigrator.applySqlStrings(AbstractSchemaMigrator.java:516)
	at org.hibernate.tool.schema.internal.AbstractSchemaMigrator.applyForeignKeys(AbstractSchemaMigrator.java:448)
	at org.hibernate.tool.schema.internal.AbstractSchemaMigrator.performMigration(AbstractSchemaMigrator.java:269)
	at org.hibernate.tool.schema.internal.AbstractSchemaMigrator.doMigration(AbstractSchemaMigrator.java:112)
	at org.hibernate.tool.schema.spi.SchemaManagementToolCoordinator.performDatabaseAction(SchemaManagementToolCoordinator.java:280)
	at org.hibernate.tool.schema.spi.SchemaManagementToolCoordinator.lambda$process$5(SchemaManagementToolCoordinator.java:144)
	at java.base/java.util.HashMap.forEach(HashMap.java:1430)
	at org.hibernate.tool.schema.spi.SchemaManagementToolCoordinator.process(SchemaManagementToolCoordinator.java:141)
	at org.hibernate.boot.internal.SessionFactoryObserverForSchemaExport.sessionFactoryCreated(SessionFactoryObserverForSchemaExport.java:37)
	at org.hibernate.internal.SessionFactoryObserverChain.sessionFactoryCreated(SessionFactoryObserverChain.java:35)
	at org.hibernate.internal.SessionFactoryImpl.<init>(SessionFactoryImpl.java:324)
	at org.hibernate.boot.internal.SessionFactoryBuilderImpl.build(SessionFactoryBuilderImpl.java:463)
	at org.hibernate.jpa.boot.internal.EntityManagerFactoryBuilderImpl.build(EntityManagerFactoryBuilderImpl.java:1517)
	at org.springframework.orm.jpa.vendor.SpringHibernateJpaPersistenceProvider.createContainerEntityManagerFactory(SpringHibernateJpaPersistenceProvider.java:66)
	at org.springframework.orm.jpa.LocalContainerEntityManagerFactoryBean.createNativeEntityManagerFactory(LocalContainerEntityManagerFactoryBean.java:390)
	at org.springframework.orm.jpa.AbstractEntityManagerFactoryBean.buildNativeEntityManagerFactory(AbstractEntityManagerFactoryBean.java:419)
	at org.springframework.orm.jpa.AbstractEntityManagerFactoryBean.afterPropertiesSet(AbstractEntityManagerFactoryBean.java:400)
	at org.springframework.orm.jpa.LocalContainerEntityManagerFactoryBean.afterPropertiesSet(LocalContainerEntityManagerFactoryBean.java:366)
	at org.springframework.beans.factory.support.AbstractAutowireCapableBeanFactory.invokeInitMethods(AbstractAutowireCapableBeanFactory.java:1873)
	at org.springframework.beans.factory.support.AbstractAutowireCapableBeanFactory.initializeBean(AbstractAutowireCapableBeanFactory.java:1822)
	at org.springframework.beans.factory.support.AbstractAutowireCapableBeanFactory.doCreateBean(AbstractAutowireCapableBeanFactory.java:607)
	at org.springframework.beans.factory.support.AbstractAutowireCapableBeanFactory.createBean(AbstractAutowireCapableBeanFactory.java:529)
	at org.springframework.beans.factory.support.AbstractBeanFactory.lambda$doGetBean$0(AbstractBeanFactory.java:339)
	at org.springframework.beans.factory.support.DefaultSingletonBeanRegistry.getSingleton(DefaultSingletonBeanRegistry.java:373)
	at org.springframework.beans.factory.support.AbstractBeanFactory.doGetBean(AbstractBeanFactory.java:337)
	at org.springframework.beans.factory.support.AbstractBeanFactory.getBean(AbstractBeanFactory.java:207)
	at org.springframework.context.support.AbstractApplicationContext.finishBeanFactoryInitialization(AbstractApplicationContext.java:970)
	at org.springframework.context.support.AbstractApplicationContext.refresh(AbstractApplicationContext.java:627)
	at org.springframework.boot.web.servlet.context.ServletWebServerApplicationContext.refresh(ServletWebServerApplicationContext.java:146)
	at org.springframework.boot.SpringApplication.refresh(SpringApplication.java:752)
	at org.springframework.boot.SpringApplication.refreshContext(SpringApplication.java:439)
	at org.springframework.boot.SpringApplication.run(SpringApplication.java:318)
	at org.springframework.boot.SpringApplication.run(SpringApplication.java:1361)
	at org.springframework.boot.SpringApplication.run(SpringApplication.java:1350)
	at com.alphonso.profile_service.ProfileServiceApplication.main(ProfileServiceApplication.java:16)
	at java.base/jdk.internal.reflect.DirectMethodHandleAccessor.invoke(DirectMethodHandleAccessor.java:103)
	at java.base/java.lang.reflect.Method.invoke(Method.java:580)
	at org.springframework.boot.devtools.restart.RestartLauncher.run(RestartLauncher.java:50)
Caused by: java.sql.SQLException: Duplicate foreign key constraint name 'FK6lo3vrcmqlupmw346rq5e1y2u'
	at com.mysql.cj.jdbc.exceptions.SQLError.createSQLException(SQLError.java:121)
	at com.mysql.cj.jdbc.exceptions.SQLExceptionsMapping.translateException(SQLExceptionsMapping.java:114)
	at com.mysql.cj.jdbc.StatementImpl.executeInternal(StatementImpl.java:837)
	at com.mysql.cj.jdbc.StatementImpl.execute(StatementImpl.java:685)
	at com.zaxxer.hikari.pool.ProxyStatement.execute(ProxyStatement.java:95)
	at com.zaxxer.hikari.pool.HikariProxyStatement.execute(HikariProxyStatement.java)
	at org.hibernate.tool.schema.internal.exec.GenerationTargetToDatabase.accept(GenerationTargetToDatabase.java:80)
	... 39 common frames omitted

2026-01-29T23:28:18.195+05:30  INFO 39425 --- [Profile-Service] [  restartedMain] j.LocalContainerEntityManagerFactoryBean : Initialized JPA EntityManagerFactory for persistence unit 'default'
2026-01-29T23:28:18.429+05:30  INFO 39425 --- [Profile-Service] [  restartedMain] o.s.d.j.r.query.QueryEnhancerFactory     : Hibernate is in classpath; If applicable, HQL parser will be used.
2026-01-29T23:28:19.095+05:30  WARN 39425 --- [Profile-Service] [  restartedMain] JpaBaseConfiguration$JpaWebConfiguration : spring.jpa.open-in-view is enabled by default. Therefore, database queries may be performed during view rendering. Explicitly configure spring.jpa.open-in-view to disable this warning
2026-01-29T23:28:19.153+05:30  WARN 39425 --- [Profile-Service] [  restartedMain] o.s.b.d.a.OptionalLiveReloadServer       : Unable to start LiveReload server
2026-01-29T23:28:19.231+05:30  INFO 39425 --- [Profile-Service] [  restartedMain] o.s.c.openfeign.FeignClientFactoryBean   : For 'User-Service' URL not provided. Will try picking an instance via load-balancing.
2026-01-29T23:28:19.335+05:30  INFO 39425 --- [Profile-Service] [  restartedMain] o.s.c.openfeign.FeignClientFactoryBean   : For 'moodle-service' URL not provided. Will try picking an instance via load-balancing.
2026-01-29T23:28:19.589+05:30  INFO 39425 --- [Profile-Service] [  restartedMain] r$InitializeUserDetailsManagerConfigurer : Global AuthenticationManager configured with UserDetailsService bean with name customUserDetailsService
2026-01-29T23:28:20.164+05:30  INFO 39425 --- [Profile-Service] [  restartedMain] o.s.b.a.e.web.EndpointLinksResolver      : Exposing 26 endpoints beneath base path '/actuator'
2026-01-29T23:28:20.724+05:30  INFO 39425 --- [Profile-Service] [  restartedMain] DiscoveryClientOptionalArgsConfiguration : Eureka HTTP Client uses RestTemplate.
2026-01-29T23:28:20.763+05:30  WARN 39425 --- [Profile-Service] [  restartedMain] iguration$LoadBalancerCaffeineWarnLogger : Spring Cloud LoadBalancer is currently working with the default cache. While this cache implementation is useful for development and tests, it's recommended to use Caffeine cache in production.You can switch to using Caffeine cache, by adding it and org.springframework.cache.caffeine.CaffeineCacheManager to the classpath.
2026-01-29T23:28:20.811+05:30  INFO 39425 --- [Profile-Service] [  restartedMain] o.s.c.n.eureka.InstanceInfoFactory       : Setting initial instance status as: STARTING
2026-01-29T23:28:20.825+05:30  INFO 39425 --- [Profile-Service] [  restartedMain] com.netflix.discovery.DiscoveryClient    : Initializing Eureka in region us-east-1
2026-01-29T23:28:20.827+05:30  INFO 39425 --- [Profile-Service] [  restartedMain] c.n.d.s.r.aws.ConfigClusterResolver      : Resolving eureka endpoints via configuration
2026-01-29T23:28:20.830+05:30  INFO 39425 --- [Profile-Service] [  restartedMain] com.netflix.discovery.DiscoveryClient    : Disable delta property : false
2026-01-29T23:28:20.831+05:30  INFO 39425 --- [Profile-Service] [  restartedMain] com.netflix.discovery.DiscoveryClient    : Single vip registry refresh property : null
2026-01-29T23:28:20.831+05:30  INFO 39425 --- [Profile-Service] [  restartedMain] com.netflix.discovery.DiscoveryClient    : Force full registry fetch : false
2026-01-29T23:28:20.831+05:30  INFO 39425 --- [Profile-Service] [  restartedMain] com.netflix.discovery.DiscoveryClient    : Application is null : false
2026-01-29T23:28:20.831+05:30  INFO 39425 --- [Profile-Service] [  restartedMain] com.netflix.discovery.DiscoveryClient    : Registered Applications size is zero : true
2026-01-29T23:28:20.831+05:30  INFO 39425 --- [Profile-Service] [  restartedMain] com.netflix.discovery.DiscoveryClient    : Application version is -1: true
2026-01-29T23:28:20.831+05:30  INFO 39425 --- [Profile-Service] [  restartedMain] com.netflix.discovery.DiscoveryClient    : Getting all instance registry info from the eureka server
2026-01-29T23:28:21.071+05:30  INFO 39425 --- [Profile-Service] [  restartedMain] com.netflix.discovery.DiscoveryClient    : The response status is 200
2026-01-29T23:28:21.071+05:30  INFO 39425 --- [Profile-Service] [  restartedMain] com.netflix.discovery.DiscoveryClient    : Starting heartbeat executor: renew interval is: 30
2026-01-29T23:28:21.072+05:30  INFO 39425 --- [Profile-Service] [  restartedMain] c.n.discovery.InstanceInfoReplicator     : InstanceInfoReplicator onDemand update allowed rate per min is 4
2026-01-29T23:28:21.073+05:30  INFO 39425 --- [Profile-Service] [  restartedMain] com.netflix.discovery.DiscoveryClient    : Discovery Client initialized at timestamp 1769709501073 with initial instances count: 0
2026-01-29T23:28:21.081+05:30  INFO 39425 --- [Profile-Service] [  restartedMain] o.s.c.n.e.s.EurekaServiceRegistry        : Registering application PROFILE-SERVICE with eureka with status UP
2026-01-29T23:28:21.081+05:30  INFO 39425 --- [Profile-Service] [  restartedMain] com.netflix.discovery.DiscoveryClient    : Saw local status change event StatusChangeEvent [timestamp=1769709501081, current=UP, previous=STARTING]
2026-01-29T23:28:21.082+05:30  INFO 39425 --- [Profile-Service] [foReplicator-%d] com.netflix.discovery.DiscoveryClient    : DiscoveryClient_PROFILE-SERVICE/192.0.0.2:Profile-Service:8081: registering service...
2026-01-29T23:28:21.091+05:30  INFO 39425 --- [Profile-Service] [  restartedMain] o.s.b.w.embedded.tomcat.TomcatWebServer  : Tomcat started on port 8081 (http) with context path '/'
2026-01-29T23:28:21.091+05:30  INFO 39425 --- [Profile-Service] [  restartedMain] .s.c.n.e.s.EurekaAutoServiceRegistration : Updating port to 8081
2026-01-29T23:28:21.106+05:30  INFO 39425 --- [Profile-Service] [foReplicator-%d] com.netflix.discovery.DiscoveryClient    : DiscoveryClient_PROFILE-SERVICE/192.0.0.2:Profile-Service:8081 - registration status: 204
2026-01-29T23:28:21.109+05:30  INFO 39425 --- [Profile-Service] [  restartedMain] c.a.p.ProfileServiceApplication          : Started ProfileServiceApplication in 6.042 seconds (process running for 6.348)
2026-01-29T23:28:51.084+05:30  INFO 39425 --- [Profile-Service] [reshExecutor-%d] com.netflix.discovery.DiscoveryClient    : Disable delta property : false
2026-01-29T23:28:51.088+05:30  INFO 39425 --- [Profile-Service] [reshExecutor-%d] com.netflix.discovery.DiscoveryClient    : Single vip registry refresh property : null
2026-01-29T23:28:51.088+05:30  INFO 39425 --- [Profile-Service] [reshExecutor-%d] com.netflix.discovery.DiscoveryClient    : Force full registry fetch : false
2026-01-29T23:28:51.088+05:30  INFO 39425 --- [Profile-Service] [reshExecutor-%d] com.netflix.discovery.DiscoveryClient    : Application is null : false
2026-01-29T23:28:51.088+05:30  INFO 39425 --- [Profile-Service] [reshExecutor-%d] com.netflix.discovery.DiscoveryClient    : Registered Applications size is zero : true
2026-01-29T23:28:51.088+05:30  INFO 39425 --- [Profile-Service] [reshExecutor-%d] com.netflix.discovery.DiscoveryClient    : Application version is -1: false
2026-01-29T23:28:51.089+05:30  INFO 39425 --- [Profile-Service] [reshExecutor-%d] com.netflix.discovery.DiscoveryClient    : Getting all instance registry info from the eureka server
2026-01-29T23:28:51.140+05:30  INFO 39425 --- [Profile-Service] [reshExecutor-%d] com.netflix.discovery.DiscoveryClient    : The response status is 200
2026-01-29T23:29:48.355+05:30  INFO 39425 --- [Profile-Service] [nio-8081-exec-1] o.a.c.c.C.[Tomcat].[localhost].[/]       : Initializing Spring DispatcherServlet 'dispatcherServlet'
2026-01-29T23:29:48.356+05:30  INFO 39425 --- [Profile-Service] [nio-8081-exec-1] o.s.web.servlet.DispatcherServlet        : Initializing Servlet 'dispatcherServlet'
2026-01-29T23:29:48.373+05:30  INFO 39425 --- [Profile-Service] [nio-8081-exec-1] o.s.web.servlet.DispatcherServlet        : Completed initialization in 16 ms
2026-01-29T23:29:48.464+05:30  INFO 39425 --- [Profile-Service] [nio-8081-exec-1] c.a.p.Controller.ProfileController       : Fetching full profile
2026-01-29T23:29:48.478+05:30  INFO 39425 --- [Profile-Service] [nio-8081-exec-1] c.a.p.ServiceImp.ProfileService          : Fetching profile for user: pawarsrinivasnaik@gmail.com
Hibernate: 
    select
        pd1_0.id,
        pd1_0.address,
        pd1_0.city,
        pd1_0.country,
        pd1_0.pincode,
        pd1_0.state,
        pd1_0.assessment_status,
        pd1_0.created_at,
        pd1_0.email,
        pd1_0.first_name,
        pd1_0.last_name,
        pd1_0.phone_number,
        pd1_0.git_hub,
        pd1_0.linked_in,
        pd1_0.others,
        pd1_0.porfolio_id,
        pd1_0.profile_id,
        pd1_0.status,
        pd1_0.university_email,
        pd1_0.university_email_verified,
        pd1_0.updated_at,
        pd1_0.user_id,
        pd1_0.version 
    from
        user_profile pd1_0 
    where
        pd1_0.email=?
Hibernate: 
    select
        aq1_0.id,
        aq1_0.job_preference,
        aq1_0.legal_age_to_work,
        aq1_0.profile_id,
        aq1_0.requires_sponsorship,
        aq1_0.willing_to_relocate 
    from
        application_questions aq1_0 
    where
        aq1_0.profile_id=?
Hibernate: 
    select
        ps1_0.id,
        g1_0.id,
        g1_0.group_name,
        ps1_0.profile_id,
        ps2_0.id,
        ps2_0.program_name,
        r1_0.id,
        r1_0.group_id,
        r1_0.role_name 
    from
        profile_skills ps1_0 
    left join
        skill_groups g1_0 
            on g1_0.id=ps1_0.group_id 
    left join
        programming_skills ps2_0 
            on ps2_0.id=ps1_0.programming_skill_id 
    left join
        skill_roles r1_0 
            on r1_0.id=ps1_0.role_id 
    where
        ps1_0.profile_id=?
Hibernate: 
    select
        vd1_0.id,
        vd1_0.gender,
        vd1_0.profile_id,
        vd1_0.race 
    from
        voluntary_disclosure vd1_0 
    where
        vd1_0.profile_id=?
Hibernate: 
    select
        e1_0.profile_id,
        e1_0.id,
        e1_0.area_of_study,
        e1_0.college_name,
        e1_0.education_level,
        e1_0.end_date,
        e1_0.start_date 
    from
        education e1_0 
    where
        e1_0.profile_id=?
Hibernate: 
    select
        e1_0.profile_id,
        e1_0.id,
        e1_0.is_experienced 
    from
        experience e1_0 
    where
        e1_0.profile_id=?
Hibernate: 
    select
        jd1_0.experience_id,
        jd1_0.id,
        jd1_0.company_name,
        jd1_0.currently_working,
        jd1_0.end_date,
        jd1_0.job_title,
        jd1_0.location,
        jd1_0.role_description,
        jd1_0.start_date 
    from
        job_details jd1_0 
    where
        jd1_0.experience_id=?
2026-01-29T23:29:48.651+05:30  INFO 39425 --- [Profile-Service] [nio-8081-exec-1] c.a.p.Controller.ProfileController       : Profile fetched successfully for user: pawarsrinivasnaik@gmail.com
2026-01-29T23:30:00.335+05:30  INFO 39425 --- [Profile-Service] [nio-8081-exec-2] c.a.p.Controller.ProfileController       : Fetching quiz passed candidates list
2026-01-29T23:30:00.375+05:30  INFO 39425 --- [Profile-Service] [nio-8081-exec-2] c.a.p.ServiceImp.ProfileService          : Fetching quiz passed candidates for interview
Hibernate: 
    select
        pd1_0.profile_id,
        pd1_0.email,
        pd1_0.first_name,
        pd1_0.last_name,
        r1_0.role_name 
    from
        user_profile pd1_0 
    join
        profile_skills ps1_0 
            on pd1_0.id=ps1_0.profile_id 
    join
        skill_roles r1_0 
            on r1_0.id=ps1_0.role_id 
    where
        pd1_0.assessment_status=?
2026-01-29T23:30:00.521+05:30  INFO 39425 --- [Profile-Service] [nio-8081-exec-2] c.a.p.ServiceImp.ProfileService          : No quiz passed candidates found
2026-01-29T23:30:00.522+05:30  INFO 39425 --- [Profile-Service] [nio-8081-exec-2] c.a.p.Controller.ProfileController       : Quiz passed candidates fetched successfully, count=0
2026-01-29T23:30:00.547+05:30  INFO 39425 --- [Profile-Service] [   scheduling-1] c.a.p.ServiceImp.ProfileSyncJob          : === Starting syncProfileResultsProfiles job ===
Hibernate: 
    select
        pd1_0.id,
        pd1_0.address,
        pd1_0.city,
        pd1_0.country,
        pd1_0.pincode,
        pd1_0.state,
        pd1_0.assessment_status,
        pd1_0.created_at,
        pd1_0.email,
        pd1_0.first_name,
        pd1_0.last_name,
        pd1_0.phone_number,
        pd1_0.git_hub,
        pd1_0.linked_in,
        pd1_0.others,
        pd1_0.porfolio_id,
        pd1_0.profile_id,
        pd1_0.status,
        pd1_0.university_email,
        pd1_0.university_email_verified,
        pd1_0.updated_at,
        pd1_0.user_id,
        pd1_0.version 
    from
        user_profile pd1_0 
    where
        pd1_0.assessment_status=?
2026-01-29T23:30:00.554+05:30  INFO 39425 --- [Profile-Service] [   scheduling-1] c.a.p.ServiceImp.ProfileSyncJob          : Found 0 profiles with MOODLE_SYNC_SUCCESS status
2026-01-29T23:30:00.554+05:30  INFO 39425 --- [Profile-Service] [   scheduling-1] c.a.p.ServiceImp.ProfileSyncJob          : Processing 0 profile IDs for result sync
2026-01-29T23:30:00.554+05:30  INFO 39425 --- [Profile-Service] [   scheduling-1] c.a.p.ServiceImp.ProfileSyncJob          : No profiles to sync results for. Exiting syncProfileResultsProfiles job.
2026-01-29T23:30:00.564+05:30  INFO 39425 --- [Profile-Service] [   scheduling-1] c.a.p.ServiceImp.ProfileSyncJob          : === Starting syncPendingProfiles job ===
Hibernate: 
    select
        pd1_0.id,
        pd1_0.address,
        pd1_0.city,
        pd1_0.country,
        pd1_0.pincode,
        pd1_0.state,
        pd1_0.assessment_status,
        pd1_0.created_at,
        pd1_0.email,
        pd1_0.first_name,
        pd1_0.last_name,
        pd1_0.phone_number,
        pd1_0.git_hub,
        pd1_0.linked_in,
        pd1_0.others,
        pd1_0.porfolio_id,
        pd1_0.profile_id,
        pd1_0.status,
        pd1_0.university_email,
        pd1_0.university_email_verified,
        pd1_0.updated_at,
        pd1_0.user_id,
        pd1_0.version 
    from
        user_profile pd1_0 
    where
        pd1_0.assessment_status=?
Hibernate: 
    select
        aq1_0.id,
        aq1_0.job_preference,
        aq1_0.legal_age_to_work,
        aq1_0.profile_id,
        aq1_0.requires_sponsorship,
        aq1_0.willing_to_relocate 
    from
        application_questions aq1_0 
    where
        aq1_0.profile_id=?
Hibernate: 
    select
        ps1_0.id,
        g1_0.id,
        g1_0.group_name,
        ps1_0.profile_id,
        ps2_0.id,
        ps2_0.program_name,
        r1_0.id,
        r1_0.group_id,
        r1_0.role_name 
    from
        profile_skills ps1_0 
    left join
        skill_groups g1_0 
            on g1_0.id=ps1_0.group_id 
    left join
        programming_skills ps2_0 
            on ps2_0.id=ps1_0.programming_skill_id 
    left join
        skill_roles r1_0 
            on r1_0.id=ps1_0.role_id 
    where
        ps1_0.profile_id=?
Hibernate: 
    select
        vd1_0.id,
        vd1_0.gender,
        vd1_0.profile_id,
        vd1_0.race 
    from
        voluntary_disclosure vd1_0 
    where
        vd1_0.profile_id=?
2026-01-29T23:30:00.574+05:30  INFO 39425 --- [Profile-Service] [   scheduling-1] c.a.p.ServiceImp.ProfileSyncJob          : Found 1 profiles with MOODLE_PENDING status
2026-01-29T23:30:00.574+05:30  INFO 39425 --- [Profile-Service] [   scheduling-1] c.a.p.ServiceImp.ProfileSyncJob          : Processing profile - Email: info.shriramsena@gmail.com, ProfileId: null, Status: MOODLE_PENDING
2026-01-29T23:30:00.574+05:30 ERROR 39425 --- [Profile-Service] [   scheduling-1] c.a.p.ServiceImp.ProfileSyncJob          : ProfileSkills is NULL for profile - Email: info.shriramsena@gmail.com, ProfileId: null. Skipping sync.
2026-01-29T23:30:00.574+05:30  INFO 39425 --- [Profile-Service] [   scheduling-1] c.a.p.ServiceImp.ProfileSyncJob          : === Completed syncPendingProfiles job - Success: 0, Failed: 1, Total: 1 ===
2026-01-29T23:30:43.259+05:30  INFO 39425 --- [Profile-Service] [nio-8081-exec-3] c.a.p.Controller.ProfileController       : Fetching full profile
2026-01-29T23:30:43.302+05:30  INFO 39425 --- [Profile-Service] [nio-8081-exec-3] c.a.p.ServiceImp.ProfileService          : Fetching profile for user: pawarsrinivasnaik@gmail.com
Hibernate: 
    select
        pd1_0.id,
        pd1_0.address,
        pd1_0.city,
        pd1_0.country,
        pd1_0.pincode,
        pd1_0.state,
        pd1_0.assessment_status,
        pd1_0.created_at,
        pd1_0.email,
        pd1_0.first_name,
        pd1_0.last_name,
        pd1_0.phone_number,
        pd1_0.git_hub,
        pd1_0.linked_in,
        pd1_0.others,
        pd1_0.porfolio_id,
        pd1_0.profile_id,
        pd1_0.status,
        pd1_0.university_email,
        pd1_0.university_email_verified,
        pd1_0.updated_at,
        pd1_0.user_id,
        pd1_0.version 
    from
        user_profile pd1_0 
    where
        pd1_0.email=?
Hibernate: 
    select
        aq1_0.id,
        aq1_0.job_preference,
        aq1_0.legal_age_to_work,
        aq1_0.profile_id,
        aq1_0.requires_sponsorship,
        aq1_0.willing_to_relocate 
    from
        application_questions aq1_0 
    where
        aq1_0.profile_id=?
Hibernate: 
    select
        ps1_0.id,
        g1_0.id,
        g1_0.group_name,
        ps1_0.profile_id,
        ps2_0.id,
        ps2_0.program_name,
        r1_0.id,
        r1_0.group_id,
        r1_0.role_name 
    from
        profile_skills ps1_0 
    left join
        skill_groups g1_0 
            on g1_0.id=ps1_0.group_id 
    left join
        programming_skills ps2_0 
            on ps2_0.id=ps1_0.programming_skill_id 
    left join
        skill_roles r1_0 
            on r1_0.id=ps1_0.role_id 
    where
        ps1_0.profile_id=?
Hibernate: 
    select
        vd1_0.id,
        vd1_0.gender,
        vd1_0.profile_id,
        vd1_0.race 
    from
        voluntary_disclosure vd1_0 
    where
        vd1_0.profile_id=?
Hibernate: 
    select
        e1_0.profile_id,
        e1_0.id,
        e1_0.area_of_study,
        e1_0.college_name,
        e1_0.education_level,
        e1_0.end_date,
        e1_0.start_date 
    from
        education e1_0 
    where
        e1_0.profile_id=?
Hibernate: 
    select
        e1_0.profile_id,
        e1_0.id,
        e1_0.is_experienced 
    from
        experience e1_0 
    where
        e1_0.profile_id=?
Hibernate: 
    select
        jd1_0.experience_id,
        jd1_0.id,
        jd1_0.company_name,
        jd1_0.currently_working,
        jd1_0.end_date,
        jd1_0.job_title,
        jd1_0.location,
        jd1_0.role_description,
        jd1_0.start_date 
    from
        job_details jd1_0 
    where
        jd1_0.experience_id=?
2026-01-29T23:30:43.413+05:30  INFO 39425 --- [Profile-Service] [nio-8081-exec-3] c.a.p.Controller.ProfileController       : Profile fetched successfully for user: pawarsrinivasnaik@gmail.com
2026-01-29T23:30:57.464+05:30  INFO 39425 --- [Profile-Service] [nio-8081-exec-4] c.a.p.Controller.ProfileController       : Fetching full profile
2026-01-29T23:30:57.470+05:30  INFO 39425 --- [Profile-Service] [nio-8081-exec-4] c.a.p.ServiceImp.ProfileService          : Fetching profile for user: pawarsrinivasnaik@gmail.com
Hibernate: 
    select
        pd1_0.id,
        pd1_0.address,
        pd1_0.city,
        pd1_0.country,
        pd1_0.pincode,
        pd1_0.state,
        pd1_0.assessment_status,
        pd1_0.created_at,
        pd1_0.email,
        pd1_0.first_name,
        pd1_0.last_name,
        pd1_0.phone_number,
        pd1_0.git_hub,
        pd1_0.linked_in,
        pd1_0.others,
        pd1_0.porfolio_id,
        pd1_0.profile_id,
        pd1_0.status,
        pd1_0.university_email,
        pd1_0.university_email_verified,
        pd1_0.updated_at,
        pd1_0.user_id,
        pd1_0.version 
    from
        user_profile pd1_0 
    where
        pd1_0.email=?
Hibernate: 
    select
        aq1_0.id,
        aq1_0.job_preference,
        aq1_0.legal_age_to_work,
        aq1_0.profile_id,
        aq1_0.requires_sponsorship,
        aq1_0.willing_to_relocate 
    from
        application_questions aq1_0 
    where
        aq1_0.profile_id=?
Hibernate: 
    select
        ps1_0.id,
        g1_0.id,
        g1_0.group_name,
        ps1_0.profile_id,
        ps2_0.id,
        ps2_0.program_name,
        r1_0.id,
        r1_0.group_id,
        r1_0.role_name 
    from
        profile_skills ps1_0 
    left join
        skill_groups g1_0 
            on g1_0.id=ps1_0.group_id 
    left join
        programming_skills ps2_0 
            on ps2_0.id=ps1_0.programming_skill_id 
    left join
        skill_roles r1_0 
            on r1_0.id=ps1_0.role_id 
    where
        ps1_0.profile_id=?
Hibernate: 
    select
        vd1_0.id,
        vd1_0.gender,
        vd1_0.profile_id,
        vd1_0.race 
    from
        voluntary_disclosure vd1_0 
    where
        vd1_0.profile_id=?
Hibernate: 
    select
        e1_0.profile_id,
        e1_0.id,
        e1_0.area_of_study,
        e1_0.college_name,
        e1_0.education_level,
        e1_0.end_date,
        e1_0.start_date 
    from
        education e1_0 
    where
        e1_0.profile_id=?
Hibernate: 
    select
        e1_0.profile_id,
        e1_0.id,
        e1_0.is_experienced 
    from
        experience e1_0 
    where
        e1_0.profile_id=?
Hibernate: 
    select
        jd1_0.experience_id,
        jd1_0.id,
        jd1_0.company_name,
        jd1_0.currently_working,
        jd1_0.end_date,
        jd1_0.job_title,
        jd1_0.location,
        jd1_0.role_description,
        jd1_0.start_date 
    from
        job_details jd1_0 
    where
        jd1_0.experience_id=?
2026-01-29T23:30:57.581+05:30  INFO 39425 --- [Profile-Service] [nio-8081-exec-4] c.a.p.Controller.ProfileController       : Profile fetched successfully for user: pawarsrinivasnaik@gmail.com
2026-01-29T23:32:48.853+05:30  INFO 39425 --- [Profile-Service] [nio-8081-exec-1] c.a.p.Controller.ProfileController       : Fetching all skill roles
2026-01-29T23:32:48.858+05:30  INFO 39425 --- [Profile-Service] [nio-8081-exec-7] c.a.p.Controller.ProfileController       : Fetching all additional skills
2026-01-29T23:32:48.853+05:30  INFO 39425 --- [Profile-Service] [io-8081-exec-10] c.a.p.Controller.ProfileController       : Fetching all skill groups
2026-01-29T23:32:48.853+05:30  INFO 39425 --- [Profile-Service] [nio-8081-exec-8] c.a.p.Controller.ProfileController       : Fetching all programming skills
2026-01-29T23:32:48.921+05:30  INFO 39425 --- [Profile-Service] [nio-8081-exec-9] c.a.p.Controller.ProfileController       : Fetching all core skills
Hibernate: 
    select
        cs1_0.id,
        cs1_0.skill_name 
    from
        core_skills cs1_0
Hibernate: 
    select
        ps1_0.id,
        ps1_0.program_name 
    from
        programming_skills ps1_0
Hibernate: 
    select
        as1_0.id,
        as1_0.skill_name 
    from
        additional_skills as1_0
Hibernate: 
    select
        sr1_0.id,
        sr1_0.group_id,
        sr1_0.role_name 
    from
        skill_roles sr1_0
Hibernate: 
    select
        sg1_0.id,
        sg1_0.group_name 
    from
        skill_groups sg1_0
2026-01-29T23:32:49.348+05:30  INFO 39425 --- [Profile-Service] [io-8081-exec-10] c.a.p.Controller.ProfileController       : Fetched 5 skill groups
2026-01-29T23:32:49.352+05:30  INFO 39425 --- [Profile-Service] [nio-8081-exec-1] c.a.p.Controller.ProfileController       : Fetched 11 skill roles
2026-01-29T23:32:49.376+05:30  INFO 39425 --- [Profile-Service] [nio-8081-exec-8] c.a.p.Controller.ProfileController       : Fetched 10 programming skills
2026-01-29T23:32:49.391+05:30  INFO 39425 --- [Profile-Service] [nio-8081-exec-2] c.a.p.Controller.ProfileController       : Fetching all skill roles
2026-01-29T23:32:49.391+05:30  INFO 39425 --- [Profile-Service] [nio-8081-exec-3] c.a.p.Controller.ProfileController       : Fetching all programming skills
2026-01-29T23:32:49.392+05:30  INFO 39425 --- [Profile-Service] [nio-8081-exec-4] c.a.p.Controller.ProfileController       : Fetching all skill groups
Hibernate: 
    select
        sg1_0.id,
        sg1_0.group_name 
    from
        skill_groups sg1_0
Hibernate: 
    select
        ps1_0.id,
        ps1_0.program_name 
    from
        programming_skills ps1_0
Hibernate: 
    select
        sr1_0.id,
        sr1_0.group_id,
        sr1_0.role_name 
    from
        skill_roles sr1_0
2026-01-29T23:32:49.398+05:30  INFO 39425 --- [Profile-Service] [nio-8081-exec-9] c.a.p.Controller.ProfileController       : Fetched 15 core skills
2026-01-29T23:32:49.409+05:30  INFO 39425 --- [Profile-Service] [nio-8081-exec-5] c.a.p.Controller.ProfileController       : Fetching all core skills
Hibernate: 
    select
        cs1_0.id,
        cs1_0.skill_name 
    from
        core_skills cs1_0
2026-01-29T23:32:49.448+05:30  INFO 39425 --- [Profile-Service] [nio-8081-exec-3] c.a.p.Controller.ProfileController       : Fetched 10 programming skills
2026-01-29T23:32:49.450+05:30  INFO 39425 --- [Profile-Service] [nio-8081-exec-7] c.a.p.Controller.ProfileController       : Fetched 15 additional skills
2026-01-29T23:32:49.463+05:30  INFO 39425 --- [Profile-Service] [nio-8081-exec-6] c.a.p.Controller.ProfileController       : Fetching all additional skills
Hibernate: 
    select
        as1_0.id,
        as1_0.skill_name 
    from
        additional_skills as1_0
2026-01-29T23:32:49.470+05:30  INFO 39425 --- [Profile-Service] [nio-8081-exec-4] c.a.p.Controller.ProfileController       : Fetched 5 skill groups
2026-01-29T23:32:49.471+05:30  INFO 39425 --- [Profile-Service] [nio-8081-exec-2] c.a.p.Controller.ProfileController       : Fetched 11 skill roles
2026-01-29T23:32:49.472+05:30  INFO 39425 --- [Profile-Service] [nio-8081-exec-5] c.a.p.Controller.ProfileController       : Fetched 15 core skills
2026-01-29T23:32:49.491+05:30  INFO 39425 --- [Profile-Service] [nio-8081-exec-6] c.a.p.Controller.ProfileController       : Fetched 15 additional skills
2026-01-29T23:33:20.838+05:30  INFO 39425 --- [Profile-Service] [rap-executor-%d] c.n.d.s.r.aws.ConfigClusterResolver      : Resolving eureka endpoints via configuration
2026-01-29T23:33:53.789+05:30  INFO 39425 --- [Profile-Service] [nio-8081-exec-7] c.a.p.Controller.ProfileController       : Fetching full profile
2026-01-29T23:33:53.802+05:30  INFO 39425 --- [Profile-Service] [nio-8081-exec-7] c.a.p.ServiceImp.ProfileService          : Fetching profile for user: bablubalu624@gmail.com
Hibernate: 
    select
        pd1_0.id,
        pd1_0.address,
        pd1_0.city,
        pd1_0.country,
        pd1_0.pincode,
        pd1_0.state,
        pd1_0.assessment_status,
        pd1_0.created_at,
        pd1_0.email,
        pd1_0.first_name,
        pd1_0.last_name,
        pd1_0.phone_number,
        pd1_0.git_hub,
        pd1_0.linked_in,
        pd1_0.others,
        pd1_0.porfolio_id,
        pd1_0.profile_id,
        pd1_0.status,
        pd1_0.university_email,
        pd1_0.university_email_verified,
        pd1_0.updated_at,
        pd1_0.user_id,
        pd1_0.version 
    from
        user_profile pd1_0 
    where
        pd1_0.email=?
Hibernate: 
    select
        aq1_0.id,
        aq1_0.job_preference,
        aq1_0.legal_age_to_work,
        aq1_0.profile_id,
        aq1_0.requires_sponsorship,
        aq1_0.willing_to_relocate 
    from
        application_questions aq1_0 
    where
        aq1_0.profile_id=?
Hibernate: 
    select
        ps1_0.id,
        g1_0.id,
        g1_0.group_name,
        ps1_0.profile_id,
        ps2_0.id,
        ps2_0.program_name,
        r1_0.id,
        r1_0.group_id,
        r1_0.role_name 
    from
        profile_skills ps1_0 
    left join
        skill_groups g1_0 
            on g1_0.id=ps1_0.group_id 
    left join
        programming_skills ps2_0 
            on ps2_0.id=ps1_0.programming_skill_id 
    left join
        skill_roles r1_0 
            on r1_0.id=ps1_0.role_id 
    where
        ps1_0.profile_id=?
Hibernate: 
    select
        vd1_0.id,
        vd1_0.gender,
        vd1_0.profile_id,
        vd1_0.race 
    from
        voluntary_disclosure vd1_0 
    where
        vd1_0.profile_id=?
Hibernate: 
    select
        e1_0.profile_id,
        e1_0.id,
        e1_0.area_of_study,
        e1_0.college_name,
        e1_0.education_level,
        e1_0.end_date,
        e1_0.start_date 
    from
        education e1_0 
    where
        e1_0.profile_id=?
Hibernate: 
    select
        e1_0.profile_id,
        e1_0.id,
        e1_0.is_experienced 
    from
        experience e1_0 
    where
        e1_0.profile_id=?
Hibernate: 
    select
        cs1_0.profile_skill_id,
        cs1_1.id,
        cs1_1.skill_name 
    from
        profile_core_skills cs1_0 
    join
        core_skills cs1_1 
            on cs1_1.id=cs1_0.core_skill_id 
    where
        cs1_0.profile_skill_id=?
Hibernate: 
    select
        as1_0.profile_skill_id,
        as1_1.id,
        as1_1.skill_name 
    from
        profile_additional_skills as1_0 
    join
        additional_skills as1_1 
            on as1_1.id=as1_0.additional_skill_id 
    where
        as1_0.profile_skill_id=?
2026-01-29T23:33:54.054+05:30  INFO 39425 --- [Profile-Service] [nio-8081-exec-7] c.a.p.Controller.ProfileController       : Profile fetched successfully for user: bablubalu624@gmail.com
2026-01-29T23:34:38.044+05:30  INFO 39425 --- [Profile-Service] [   File Watcher] rtingClassPathChangeChangedEventListener : Restarting due to 1 class path change (0 additions, 0 deletions, 1 modification)
2026-01-29T23:34:38.217+05:30  INFO 39425 --- [Profile-Service] [       Thread-1] o.s.c.n.e.s.EurekaServiceRegistry        : Unregistering application PROFILE-SERVICE with eureka with status DOWN
2026-01-29T23:34:38.222+05:30  INFO 39425 --- [Profile-Service] [       Thread-1] com.netflix.discovery.DiscoveryClient    : Saw local status change event StatusChangeEvent [timestamp=1769709878221, current=DOWN, previous=UP]
2026-01-29T23:34:38.248+05:30  INFO 39425 --- [Profile-Service] [foReplicator-%d] com.netflix.discovery.DiscoveryClient    : DiscoveryClient_PROFILE-SERVICE/192.0.0.2:Profile-Service:8081: registering service...
2026-01-29T23:34:38.593+05:30  INFO 39425 --- [Profile-Service] [       Thread-1] o.s.b.w.e.tomcat.GracefulShutdown        : Commencing graceful shutdown. Waiting for active requests to complete
2026-01-29T23:34:38.682+05:30  INFO 39425 --- [Profile-Service] [foReplicator-%d] com.netflix.discovery.DiscoveryClient    : DiscoveryClient_PROFILE-SERVICE/192.0.0.2:Profile-Service:8081 - registration status: 204
2026-01-29T23:34:38.737+05:30  INFO 39425 --- [Profile-Service] [tomcat-shutdown] o.s.b.w.e.tomcat.GracefulShutdown        : Graceful shutdown complete
2026-01-29T23:34:38.944+05:30  INFO 39425 --- [Profile-Service] [       Thread-1] j.LocalContainerEntityManagerFactoryBean : Closing JPA EntityManagerFactory for persistence unit 'default'
2026-01-29T23:34:38.986+05:30  INFO 39425 --- [Profile-Service] [       Thread-1] com.zaxxer.hikari.HikariDataSource       : HikariPool-1 - Shutdown initiated...
2026-01-29T23:34:39.050+05:30  INFO 39425 --- [Profile-Service] [       Thread-1] com.zaxxer.hikari.HikariDataSource       : HikariPool-1 - Shutdown completed.
2026-01-29T23:34:39.089+05:30  INFO 39425 --- [Profile-Service] [       Thread-1] com.netflix.discovery.DiscoveryClient    : Shutting down DiscoveryClient ...
2026-01-29T23:34:42.100+05:30  INFO 39425 --- [Profile-Service] [       Thread-1] com.netflix.discovery.DiscoveryClient    : Unregistering ...
2026-01-29T23:34:42.155+05:30  INFO 39425 --- [Profile-Service] [       Thread-1] com.netflix.discovery.DiscoveryClient    : DiscoveryClient_PROFILE-SERVICE/192.0.0.2:Profile-Service:8081 - deregister  status: 200
2026-01-29T23:34:42.156+05:30  INFO 39425 --- [Profile-Service] [       Thread-1] com.netflix.discovery.DiscoveryClient    : Completed shut down of DiscoveryClient

  .   ____          _            __ _ _
 /\\ / ___'_ __ _ _(_)_ __  __ _ \ \ \ \
( ( )\___ | '_ | '_| | '_ \/ _` | \ \ \ \
 \\/  ___)| |_)| | | | | || (_| |  ) ) ) )
  '  |____| .__|_| |_|_| |_\__, | / / / /
 =========|_|==============|___/=/_/_/_/

 :: Spring Boot ::                (v3.5.6)

2026-01-29T23:34:42.706+05:30  INFO 39425 --- [Profile-Service] [  restartedMain] c.a.p.ProfileServiceApplication          : Starting ProfileServiceApplication using Java 23.0.2 with PID 39425 (/Users/srinivas/Documents/chanduAnna/AlphonsoBackend-V2/Profile-Service/target/classes started by srinivas in /Users/srinivas/Documents/chanduAnna/AlphonsoBackend-V2/Profile-Service)
2026-01-29T23:34:42.707+05:30  INFO 39425 --- [Profile-Service] [  restartedMain] c.a.p.ProfileServiceApplication          : The following 1 profile is active: "dev"
2026-01-29T23:34:43.194+05:30  INFO 39425 --- [Profile-Service] [  restartedMain] .s.d.r.c.RepositoryConfigurationDelegate : Bootstrapping Spring Data JPA repositories in DEFAULT mode.
2026-01-29T23:34:43.214+05:30  INFO 39425 --- [Profile-Service] [  restartedMain] .s.d.r.c.RepositoryConfigurationDelegate : Finished Spring Data repository scanning in 19 ms. Found 14 JPA repository interfaces.
2026-01-29T23:34:43.340+05:30  INFO 39425 --- [Profile-Service] [  restartedMain] o.s.cloud.context.scope.GenericScope     : BeanFactory id=5830cff9-77f9-3304-a468-2544ae045e39
2026-01-29T23:34:43.591+05:30  INFO 39425 --- [Profile-Service] [  restartedMain] o.s.b.w.embedded.tomcat.TomcatWebServer  : Tomcat initialized with port 8081 (http)
2026-01-29T23:34:43.593+05:30  INFO 39425 --- [Profile-Service] [  restartedMain] o.apache.catalina.core.StandardService   : Starting service [Tomcat]
2026-01-29T23:34:43.593+05:30  INFO 39425 --- [Profile-Service] [  restartedMain] o.apache.catalina.core.StandardEngine    : Starting Servlet engine: [Apache Tomcat/10.1.46]
2026-01-29T23:34:43.604+05:30  INFO 39425 --- [Profile-Service] [  restartedMain] o.a.c.c.C.[Tomcat].[localhost].[/]       : Initializing Spring embedded WebApplicationContext
2026-01-29T23:34:43.604+05:30  INFO 39425 --- [Profile-Service] [  restartedMain] w.s.c.ServletWebServerApplicationContext : Root WebApplicationContext: initialization completed in 893 ms
2026-01-29T23:34:43.798+05:30  INFO 39425 --- [Profile-Service] [  restartedMain] o.hibernate.jpa.internal.util.LogHelper  : HHH000204: Processing PersistenceUnitInfo [name: default]
2026-01-29T23:34:43.799+05:30  INFO 39425 --- [Profile-Service] [  restartedMain] o.h.c.internal.RegionFactoryInitiator    : HHH000026: Second-level cache disabled
2026-01-29T23:34:43.806+05:30  INFO 39425 --- [Profile-Service] [  restartedMain] o.s.o.j.p.SpringPersistenceUnitInfo      : No LoadTimeWeaver setup: ignoring JPA class transformer
2026-01-29T23:34:43.807+05:30  INFO 39425 --- [Profile-Service] [  restartedMain] com.zaxxer.hikari.HikariDataSource       : HikariPool-2 - Starting...
2026-01-29T23:34:43.885+05:30  INFO 39425 --- [Profile-Service] [  restartedMain] com.zaxxer.hikari.pool.HikariPool        : HikariPool-2 - Added connection com.mysql.cj.jdbc.ConnectionImpl@54f72dfd
2026-01-29T23:34:43.885+05:30  INFO 39425 --- [Profile-Service] [  restartedMain] com.zaxxer.hikari.HikariDataSource       : HikariPool-2 - Start completed.
2026-01-29T23:34:43.887+05:30  WARN 39425 --- [Profile-Service] [  restartedMain] org.hibernate.orm.deprecation            : HHH90000025: MySQL8Dialect does not need to be specified explicitly using 'hibernate.dialect' (remove the property setting and it will be selected by default)
2026-01-29T23:34:43.887+05:30  WARN 39425 --- [Profile-Service] [  restartedMain] org.hibernate.orm.deprecation            : HHH90000026: MySQL8Dialect has been deprecated; use org.hibernate.dialect.MySQLDialect instead
2026-01-29T23:34:43.888+05:30  INFO 39425 --- [Profile-Service] [  restartedMain] org.hibernate.orm.connections.pooling    : HHH10001005: Database info:
	Database JDBC URL [Connecting through datasource 'HikariDataSource (HikariPool-2)']
	Database driver: undefined/unknown
	Database version: 8.0
	Autocommit mode: undefined/unknown
	Isolation level: undefined/unknown
	Minimum pool size: undefined/unknown
	Maximum pool size: undefined/unknown
2026-01-29T23:34:44.013+05:30  INFO 39425 --- [Profile-Service] [  restartedMain] o.h.e.t.j.p.i.JtaPlatformInitiator       : HHH000489: No JTA platform available (set 'hibernate.transaction.jta.platform' to enable JTA platform integration)
Hibernate: 
    create table voluntary_disclosure (
        id bigint not null auto_increment,
        gender enum ('FEMALE','I_Choose_Not_To_Self_Identify','MALE'),
        race enum ('AMERICAN_INDIAN_OR_ALASKA_NATIVE','ASIAN','BLACK_OR_AFRICAN_AMERICAN','HISPANIC_OR_LATINO','NATIVE_HAWAIIAN_OR_PACIFIC_ISLANDER','Prefer_Not_To_Answer','TWO_OR_MORE_RACES','WHITE'),
        profile_id bigint,
        primary key (id)
    ) engine=InnoDB
2026-01-29T23:34:44.123+05:30  WARN 39425 --- [Profile-Service] [  restartedMain] o.h.t.s.i.ExceptionHandlerLoggedImpl     : GenerationTarget encountered exception accepting command : Error executing DDL "
    create table voluntary_disclosure (
        id bigint not null auto_increment,
        gender enum ('FEMALE','I_Choose_Not_To_Self_Identify','MALE'),
        race enum ('AMERICAN_INDIAN_OR_ALASKA_NATIVE','ASIAN','BLACK_OR_AFRICAN_AMERICAN','HISPANIC_OR_LATINO','NATIVE_HAWAIIAN_OR_PACIFIC_ISLANDER','Prefer_Not_To_Answer','TWO_OR_MORE_RACES','WHITE'),
        profile_id bigint,
        primary key (id)
    ) engine=InnoDB" via JDBC [Table 'voluntary_disclosure' already exists]

org.hibernate.tool.schema.spi.CommandAcceptanceException: Error executing DDL "
    create table voluntary_disclosure (
        id bigint not null auto_increment,
        gender enum ('FEMALE','I_Choose_Not_To_Self_Identify','MALE'),
        race enum ('AMERICAN_INDIAN_OR_ALASKA_NATIVE','ASIAN','BLACK_OR_AFRICAN_AMERICAN','HISPANIC_OR_LATINO','NATIVE_HAWAIIAN_OR_PACIFIC_ISLANDER','Prefer_Not_To_Answer','TWO_OR_MORE_RACES','WHITE'),
        profile_id bigint,
        primary key (id)
    ) engine=InnoDB" via JDBC [Table 'voluntary_disclosure' already exists]
	at org.hibernate.tool.schema.internal.exec.GenerationTargetToDatabase.accept(GenerationTargetToDatabase.java:94)
	at org.hibernate.tool.schema.internal.AbstractSchemaMigrator.applySqlString(AbstractSchemaMigrator.java:576)
	at org.hibernate.tool.schema.internal.AbstractSchemaMigrator.applySqlStrings(AbstractSchemaMigrator.java:516)
	at org.hibernate.tool.schema.internal.AbstractSchemaMigrator.createTable(AbstractSchemaMigrator.java:316)
	at org.hibernate.tool.schema.internal.GroupedSchemaMigratorImpl.performTablesMigration(GroupedSchemaMigratorImpl.java:80)
	at org.hibernate.tool.schema.internal.AbstractSchemaMigrator.performMigration(AbstractSchemaMigrator.java:233)
	at org.hibernate.tool.schema.internal.AbstractSchemaMigrator.doMigration(AbstractSchemaMigrator.java:112)
	at org.hibernate.tool.schema.spi.SchemaManagementToolCoordinator.performDatabaseAction(SchemaManagementToolCoordinator.java:280)
	at org.hibernate.tool.schema.spi.SchemaManagementToolCoordinator.lambda$process$5(SchemaManagementToolCoordinator.java:144)
	at java.base/java.util.HashMap.forEach(HashMap.java:1430)
	at org.hibernate.tool.schema.spi.SchemaManagementToolCoordinator.process(SchemaManagementToolCoordinator.java:141)
	at org.hibernate.boot.internal.SessionFactoryObserverForSchemaExport.sessionFactoryCreated(SessionFactoryObserverForSchemaExport.java:37)
	at org.hibernate.internal.SessionFactoryObserverChain.sessionFactoryCreated(SessionFactoryObserverChain.java:35)
	at org.hibernate.internal.SessionFactoryImpl.<init>(SessionFactoryImpl.java:324)
	at org.hibernate.boot.internal.SessionFactoryBuilderImpl.build(SessionFactoryBuilderImpl.java:463)
	at org.hibernate.jpa.boot.internal.EntityManagerFactoryBuilderImpl.build(EntityManagerFactoryBuilderImpl.java:1517)
	at org.springframework.orm.jpa.vendor.SpringHibernateJpaPersistenceProvider.createContainerEntityManagerFactory(SpringHibernateJpaPersistenceProvider.java:66)
	at org.springframework.orm.jpa.LocalContainerEntityManagerFactoryBean.createNativeEntityManagerFactory(LocalContainerEntityManagerFactoryBean.java:390)
	at org.springframework.orm.jpa.AbstractEntityManagerFactoryBean.buildNativeEntityManagerFactory(AbstractEntityManagerFactoryBean.java:419)
	at org.springframework.orm.jpa.AbstractEntityManagerFactoryBean.afterPropertiesSet(AbstractEntityManagerFactoryBean.java:400)
	at org.springframework.orm.jpa.LocalContainerEntityManagerFactoryBean.afterPropertiesSet(LocalContainerEntityManagerFactoryBean.java:366)
	at org.springframework.beans.factory.support.AbstractAutowireCapableBeanFactory.invokeInitMethods(AbstractAutowireCapableBeanFactory.java:1873)
	at org.springframework.beans.factory.support.AbstractAutowireCapableBeanFactory.initializeBean(AbstractAutowireCapableBeanFactory.java:1822)
	at org.springframework.beans.factory.support.AbstractAutowireCapableBeanFactory.doCreateBean(AbstractAutowireCapableBeanFactory.java:607)
	at org.springframework.beans.factory.support.AbstractAutowireCapableBeanFactory.createBean(AbstractAutowireCapableBeanFactory.java:529)
	at org.springframework.beans.factory.support.AbstractBeanFactory.lambda$doGetBean$0(AbstractBeanFactory.java:339)
	at org.springframework.beans.factory.support.DefaultSingletonBeanRegistry.getSingleton(DefaultSingletonBeanRegistry.java:373)
	at org.springframework.beans.factory.support.AbstractBeanFactory.doGetBean(AbstractBeanFactory.java:337)
	at org.springframework.beans.factory.support.AbstractBeanFactory.getBean(AbstractBeanFactory.java:207)
	at org.springframework.context.support.AbstractApplicationContext.finishBeanFactoryInitialization(AbstractApplicationContext.java:970)
	at org.springframework.context.support.AbstractApplicationContext.refresh(AbstractApplicationContext.java:627)
	at org.springframework.boot.web.servlet.context.ServletWebServerApplicationContext.refresh(ServletWebServerApplicationContext.java:146)
	at org.springframework.boot.SpringApplication.refresh(SpringApplication.java:752)
	at org.springframework.boot.SpringApplication.refreshContext(SpringApplication.java:439)
	at org.springframework.boot.SpringApplication.run(SpringApplication.java:318)
	at org.springframework.boot.SpringApplication.run(SpringApplication.java:1361)
	at org.springframework.boot.SpringApplication.run(SpringApplication.java:1350)
	at com.alphonso.profile_service.ProfileServiceApplication.main(ProfileServiceApplication.java:16)
	at java.base/jdk.internal.reflect.DirectMethodHandleAccessor.invoke(DirectMethodHandleAccessor.java:103)
	at java.base/java.lang.reflect.Method.invoke(Method.java:580)
	at org.springframework.boot.devtools.restart.RestartLauncher.run(RestartLauncher.java:50)
Caused by: java.sql.SQLSyntaxErrorException: Table 'voluntary_disclosure' already exists
	at com.mysql.cj.jdbc.exceptions.SQLError.createSQLException(SQLError.java:112)
	at com.mysql.cj.jdbc.exceptions.SQLExceptionsMapping.translateException(SQLExceptionsMapping.java:114)
	at com.mysql.cj.jdbc.StatementImpl.executeInternal(StatementImpl.java:837)
	at com.mysql.cj.jdbc.StatementImpl.execute(StatementImpl.java:685)
	at com.zaxxer.hikari.pool.ProxyStatement.execute(ProxyStatement.java:95)
	at com.zaxxer.hikari.pool.HikariProxyStatement.execute(HikariProxyStatement.java)
	at org.hibernate.tool.schema.internal.exec.GenerationTargetToDatabase.accept(GenerationTargetToDatabase.java:80)
	... 40 common frames omitted

Hibernate: 
    alter table voluntary_disclosure 
       drop index UK71ra4yqsptx0bmrb45g18myn4
Hibernate: 
    alter table voluntary_disclosure 
       add constraint UK71ra4yqsptx0bmrb45g18myn4 unique (profile_id)
Hibernate: 
    alter table voluntary_disclosure 
       add constraint FK6lo3vrcmqlupmw346rq5e1y2u 
       foreign key (profile_id) 
       references user_profile (id)
2026-01-29T23:34:44.270+05:30  WARN 39425 --- [Profile-Service] [  restartedMain] o.h.t.s.i.ExceptionHandlerLoggedImpl     : GenerationTarget encountered exception accepting command : Error executing DDL "
    alter table voluntary_disclosure 
       add constraint FK6lo3vrcmqlupmw346rq5e1y2u 
       foreign key (profile_id) 
       references user_profile (id)" via JDBC [Duplicate foreign key constraint name 'FK6lo3vrcmqlupmw346rq5e1y2u']

org.hibernate.tool.schema.spi.CommandAcceptanceException: Error executing DDL "
    alter table voluntary_disclosure 
       add constraint FK6lo3vrcmqlupmw346rq5e1y2u 
       foreign key (profile_id) 
       references user_profile (id)" via JDBC [Duplicate foreign key constraint name 'FK6lo3vrcmqlupmw346rq5e1y2u']
	at org.hibernate.tool.schema.internal.exec.GenerationTargetToDatabase.accept(GenerationTargetToDatabase.java:94)
	at org.hibernate.tool.schema.internal.AbstractSchemaMigrator.applySqlString(AbstractSchemaMigrator.java:576)
	at org.hibernate.tool.schema.internal.AbstractSchemaMigrator.applySqlStrings(AbstractSchemaMigrator.java:516)
	at org.hibernate.tool.schema.internal.AbstractSchemaMigrator.applyForeignKeys(AbstractSchemaMigrator.java:448)
	at org.hibernate.tool.schema.internal.AbstractSchemaMigrator.performMigration(AbstractSchemaMigrator.java:269)
	at org.hibernate.tool.schema.internal.AbstractSchemaMigrator.doMigration(AbstractSchemaMigrator.java:112)
	at org.hibernate.tool.schema.spi.SchemaManagementToolCoordinator.performDatabaseAction(SchemaManagementToolCoordinator.java:280)
	at org.hibernate.tool.schema.spi.SchemaManagementToolCoordinator.lambda$process$5(SchemaManagementToolCoordinator.java:144)
	at java.base/java.util.HashMap.forEach(HashMap.java:1430)
	at org.hibernate.tool.schema.spi.SchemaManagementToolCoordinator.process(SchemaManagementToolCoordinator.java:141)
	at org.hibernate.boot.internal.SessionFactoryObserverForSchemaExport.sessionFactoryCreated(SessionFactoryObserverForSchemaExport.java:37)
	at org.hibernate.internal.SessionFactoryObserverChain.sessionFactoryCreated(SessionFactoryObserverChain.java:35)
	at org.hibernate.internal.SessionFactoryImpl.<init>(SessionFactoryImpl.java:324)
	at org.hibernate.boot.internal.SessionFactoryBuilderImpl.build(SessionFactoryBuilderImpl.java:463)
	at org.hibernate.jpa.boot.internal.EntityManagerFactoryBuilderImpl.build(EntityManagerFactoryBuilderImpl.java:1517)
	at org.springframework.orm.jpa.vendor.SpringHibernateJpaPersistenceProvider.createContainerEntityManagerFactory(SpringHibernateJpaPersistenceProvider.java:66)
	at org.springframework.orm.jpa.LocalContainerEntityManagerFactoryBean.createNativeEntityManagerFactory(LocalContainerEntityManagerFactoryBean.java:390)
	at org.springframework.orm.jpa.AbstractEntityManagerFactoryBean.buildNativeEntityManagerFactory(AbstractEntityManagerFactoryBean.java:419)
	at org.springframework.orm.jpa.AbstractEntityManagerFactoryBean.afterPropertiesSet(AbstractEntityManagerFactoryBean.java:400)
	at org.springframework.orm.jpa.LocalContainerEntityManagerFactoryBean.afterPropertiesSet(LocalContainerEntityManagerFactoryBean.java:366)
	at org.springframework.beans.factory.support.AbstractAutowireCapableBeanFactory.invokeInitMethods(AbstractAutowireCapableBeanFactory.java:1873)
	at org.springframework.beans.factory.support.AbstractAutowireCapableBeanFactory.initializeBean(AbstractAutowireCapableBeanFactory.java:1822)
	at org.springframework.beans.factory.support.AbstractAutowireCapableBeanFactory.doCreateBean(AbstractAutowireCapableBeanFactory.java:607)
	at org.springframework.beans.factory.support.AbstractAutowireCapableBeanFactory.createBean(AbstractAutowireCapableBeanFactory.java:529)
	at org.springframework.beans.factory.support.AbstractBeanFactory.lambda$doGetBean$0(AbstractBeanFactory.java:339)
	at org.springframework.beans.factory.support.DefaultSingletonBeanRegistry.getSingleton(DefaultSingletonBeanRegistry.java:373)
	at org.springframework.beans.factory.support.AbstractBeanFactory.doGetBean(AbstractBeanFactory.java:337)
	at org.springframework.beans.factory.support.AbstractBeanFactory.getBean(AbstractBeanFactory.java:207)
	at org.springframework.context.support.AbstractApplicationContext.finishBeanFactoryInitialization(AbstractApplicationContext.java:970)
	at org.springframework.context.support.AbstractApplicationContext.refresh(AbstractApplicationContext.java:627)
	at org.springframework.boot.web.servlet.context.ServletWebServerApplicationContext.refresh(ServletWebServerApplicationContext.java:146)
	at org.springframework.boot.SpringApplication.refresh(SpringApplication.java:752)
	at org.springframework.boot.SpringApplication.refreshContext(SpringApplication.java:439)
	at org.springframework.boot.SpringApplication.run(SpringApplication.java:318)
	at org.springframework.boot.SpringApplication.run(SpringApplication.java:1361)
	at org.springframework.boot.SpringApplication.run(SpringApplication.java:1350)
	at com.alphonso.profile_service.ProfileServiceApplication.main(ProfileServiceApplication.java:16)
	at java.base/jdk.internal.reflect.DirectMethodHandleAccessor.invoke(DirectMethodHandleAccessor.java:103)
	at java.base/java.lang.reflect.Method.invoke(Method.java:580)
	at org.springframework.boot.devtools.restart.RestartLauncher.run(RestartLauncher.java:50)
Caused by: java.sql.SQLException: Duplicate foreign key constraint name 'FK6lo3vrcmqlupmw346rq5e1y2u'
	at com.mysql.cj.jdbc.exceptions.SQLError.createSQLException(SQLError.java:121)
	at com.mysql.cj.jdbc.exceptions.SQLExceptionsMapping.translateException(SQLExceptionsMapping.java:114)
	at com.mysql.cj.jdbc.StatementImpl.executeInternal(StatementImpl.java:837)
	at com.mysql.cj.jdbc.StatementImpl.execute(StatementImpl.java:685)
	at com.zaxxer.hikari.pool.ProxyStatement.execute(ProxyStatement.java:95)
	at com.zaxxer.hikari.pool.HikariProxyStatement.execute(HikariProxyStatement.java)
	at org.hibernate.tool.schema.internal.exec.GenerationTargetToDatabase.accept(GenerationTargetToDatabase.java:80)
	... 39 common frames omitted

2026-01-29T23:34:44.271+05:30  INFO 39425 --- [Profile-Service] [  restartedMain] j.LocalContainerEntityManagerFactoryBean : Initialized JPA EntityManagerFactory for persistence unit 'default'
2026-01-29T23:34:44.601+05:30  WARN 39425 --- [Profile-Service] [  restartedMain] JpaBaseConfiguration$JpaWebConfiguration : spring.jpa.open-in-view is enabled by default. Therefore, database queries may be performed during view rendering. Explicitly configure spring.jpa.open-in-view to disable this warning
2026-01-29T23:34:44.649+05:30  WARN 39425 --- [Profile-Service] [  restartedMain] o.s.b.d.a.OptionalLiveReloadServer       : Unable to start LiveReload server
2026-01-29T23:34:44.685+05:30  INFO 39425 --- [Profile-Service] [  restartedMain] o.s.c.openfeign.FeignClientFactoryBean   : For 'User-Service' URL not provided. Will try picking an instance via load-balancing.
2026-01-29T23:34:44.723+05:30  INFO 39425 --- [Profile-Service] [  restartedMain] o.s.c.openfeign.FeignClientFactoryBean   : For 'moodle-service' URL not provided. Will try picking an instance via load-balancing.
2026-01-29T23:34:44.806+05:30  INFO 39425 --- [Profile-Service] [  restartedMain] r$InitializeUserDetailsManagerConfigurer : Global AuthenticationManager configured with UserDetailsService bean with name customUserDetailsService
2026-01-29T23:34:45.155+05:30  INFO 39425 --- [Profile-Service] [  restartedMain] o.s.b.a.e.web.EndpointLinksResolver      : Exposing 26 endpoints beneath base path '/actuator'
2026-01-29T23:34:45.505+05:30  INFO 39425 --- [Profile-Service] [  restartedMain] DiscoveryClientOptionalArgsConfiguration : Eureka HTTP Client uses RestTemplate.
2026-01-29T23:34:45.527+05:30  WARN 39425 --- [Profile-Service] [  restartedMain] iguration$LoadBalancerCaffeineWarnLogger : Spring Cloud LoadBalancer is currently working with the default cache. While this cache implementation is useful for development and tests, it's recommended to use Caffeine cache in production.You can switch to using Caffeine cache, by adding it and org.springframework.cache.caffeine.CaffeineCacheManager to the classpath.
2026-01-29T23:34:45.551+05:30  INFO 39425 --- [Profile-Service] [  restartedMain] o.s.c.n.eureka.InstanceInfoFactory       : Setting initial instance status as: STARTING
2026-01-29T23:34:45.554+05:30  INFO 39425 --- [Profile-Service] [  restartedMain] com.netflix.discovery.DiscoveryClient    : Initializing Eureka in region us-east-1
2026-01-29T23:34:45.554+05:30  INFO 39425 --- [Profile-Service] [  restartedMain] c.n.d.s.r.aws.ConfigClusterResolver      : Resolving eureka endpoints via configuration
2026-01-29T23:34:45.554+05:30  INFO 39425 --- [Profile-Service] [  restartedMain] com.netflix.discovery.DiscoveryClient    : Disable delta property : false
2026-01-29T23:34:45.554+05:30  INFO 39425 --- [Profile-Service] [  restartedMain] com.netflix.discovery.DiscoveryClient    : Single vip registry refresh property : null
2026-01-29T23:34:45.554+05:30  INFO 39425 --- [Profile-Service] [  restartedMain] com.netflix.discovery.DiscoveryClient    : Force full registry fetch : false
2026-01-29T23:34:45.554+05:30  INFO 39425 --- [Profile-Service] [  restartedMain] com.netflix.discovery.DiscoveryClient    : Application is null : false
2026-01-29T23:34:45.554+05:30  INFO 39425 --- [Profile-Service] [  restartedMain] com.netflix.discovery.DiscoveryClient    : Registered Applications size is zero : true
2026-01-29T23:34:45.554+05:30  INFO 39425 --- [Profile-Service] [  restartedMain] com.netflix.discovery.DiscoveryClient    : Application version is -1: true
2026-01-29T23:34:45.554+05:30  INFO 39425 --- [Profile-Service] [  restartedMain] com.netflix.discovery.DiscoveryClient    : Getting all instance registry info from the eureka server
2026-01-29T23:34:45.584+05:30  INFO 39425 --- [Profile-Service] [  restartedMain] com.netflix.discovery.DiscoveryClient    : The response status is 200
2026-01-29T23:34:45.584+05:30  INFO 39425 --- [Profile-Service] [  restartedMain] com.netflix.discovery.DiscoveryClient    : Starting heartbeat executor: renew interval is: 30
2026-01-29T23:34:45.584+05:30  INFO 39425 --- [Profile-Service] [  restartedMain] c.n.discovery.InstanceInfoReplicator     : InstanceInfoReplicator onDemand update allowed rate per min is 4
2026-01-29T23:34:45.584+05:30  INFO 39425 --- [Profile-Service] [  restartedMain] com.netflix.discovery.DiscoveryClient    : Discovery Client initialized at timestamp 1769709885584 with initial instances count: 5
2026-01-29T23:34:45.592+05:30  INFO 39425 --- [Profile-Service] [  restartedMain] o.s.c.n.e.s.EurekaServiceRegistry        : Registering application PROFILE-SERVICE with eureka with status UP
2026-01-29T23:34:45.592+05:30  INFO 39425 --- [Profile-Service] [  restartedMain] com.netflix.discovery.DiscoveryClient    : Saw local status change event StatusChangeEvent [timestamp=1769709885592, current=UP, previous=STARTING]
2026-01-29T23:34:45.592+05:30  INFO 39425 --- [Profile-Service] [foReplicator-%d] com.netflix.discovery.DiscoveryClient    : DiscoveryClient_PROFILE-SERVICE/192.0.0.2:Profile-Service:8081: registering service...
2026-01-29T23:34:45.594+05:30  INFO 39425 --- [Profile-Service] [  restartedMain] o.s.b.w.embedded.tomcat.TomcatWebServer  : Tomcat started on port 8081 (http) with context path '/'
2026-01-29T23:34:45.594+05:30  INFO 39425 --- [Profile-Service] [  restartedMain] .s.c.n.e.s.EurekaAutoServiceRegistration : Updating port to 8081
2026-01-29T23:34:45.602+05:30  INFO 39425 --- [Profile-Service] [foReplicator-%d] com.netflix.discovery.DiscoveryClient    : DiscoveryClient_PROFILE-SERVICE/192.0.0.2:Profile-Service:8081 - registration status: 204
2026-01-29T23:34:45.603+05:30  INFO 39425 --- [Profile-Service] [  restartedMain] c.a.p.ProfileServiceApplication          : Started ProfileServiceApplication in 2.951 seconds (process running for 390.848)
2026-01-29T23:34:45.605+05:30  INFO 39425 --- [Profile-Service] [  restartedMain] .ConditionEvaluationDeltaLoggingListener : Condition evaluation unchanged
2026-01-29T23:35:46.868+05:30  INFO 39425 --- [Profile-Service] [ionShutdownHook] o.s.c.n.e.s.EurekaServiceRegistry        : Unregistering application PROFILE-SERVICE with eureka with status DOWN
2026-01-29T23:35:46.902+05:30  INFO 39425 --- [Profile-Service] [ionShutdownHook] com.netflix.discovery.DiscoveryClient    : Saw local status change event StatusChangeEvent [timestamp=1769709946902, current=DOWN, previous=UP]
2026-01-29T23:35:46.902+05:30  INFO 39425 --- [Profile-Service] [foReplicator-%d] com.netflix.discovery.DiscoveryClient    : DiscoveryClient_PROFILE-SERVICE/192.0.0.2:Profile-Service:8081: registering service...
2026-01-29T23:35:46.925+05:30  INFO 39425 --- [Profile-Service] [ionShutdownHook] o.s.b.w.e.tomcat.GracefulShutdown        : Commencing graceful shutdown. Waiting for active requests to complete
2026-01-29T23:35:46.931+05:30  INFO 39425 --- [Profile-Service] [tomcat-shutdown] o.s.b.w.e.tomcat.GracefulShutdown        : Graceful shutdown complete
2026-01-29T23:35:46.932+05:30  INFO 39425 --- [Profile-Service] [foReplicator-%d] com.netflix.discovery.DiscoveryClient    : DiscoveryClient_PROFILE-SERVICE/192.0.0.2:Profile-Service:8081 - registration status: 204
2026-01-29T23:35:46.942+05:30  INFO 39425 --- [Profile-Service] [ionShutdownHook] j.LocalContainerEntityManagerFactoryBean : Closing JPA EntityManagerFactory for persistence unit 'default'
2026-01-29T23:35:46.945+05:30  INFO 39425 --- [Profile-Service] [ionShutdownHook] com.zaxxer.hikari.HikariDataSource       : HikariPool-2 - Shutdown initiated...
2026-01-29T23:35:46.950+05:30  INFO 39425 --- [Profile-Service] [ionShutdownHook] com.zaxxer.hikari.HikariDataSource       : HikariPool-2 - Shutdown completed.
2026-01-29T23:35:46.953+05:30  INFO 39425 --- [Profile-Service] [ionShutdownHook] com.netflix.discovery.DiscoveryClient    : Shutting down DiscoveryClient ...
2026-01-29T23:35:49.959+05:30  INFO 39425 --- [Profile-Service] [ionShutdownHook] com.netflix.discovery.DiscoveryClient    : Unregistering ...
2026-01-29T23:35:50.017+05:30  INFO 39425 --- [Profile-Service] [ionShutdownHook] c.n.d.s.t.d.RedirectingEurekaHttpClient  : Request execution error. endpoint=DefaultEndpoint{ serviceUrl='http://localhost:8761/eureka/} exception=I/O error on DELETE request for "http://localhost:8761/eureka/apps/PROFILE-SERVICE/192.0.0.2:Profile-Service:8081": Connect to http://localhost:8761 failed: Connection refused stacktrace=org.springframework.web.client.ResourceAccessException: I/O error on DELETE request for "http://localhost:8761/eureka/apps/PROFILE-SERVICE/192.0.0.2:Profile-Service:8081": Connect to http://localhost:8761 failed: Connection refused
	at org.springframework.web.client.RestTemplate.createResourceAccessException(RestTemplate.java:926)
	at org.springframework.web.client.RestTemplate.doExecute(RestTemplate.java:906)
	at org.springframework.web.client.RestTemplate.execute(RestTemplate.java:841)
	at org.springframework.web.client.RestTemplate.exchange(RestTemplate.java:702)
	at org.springframework.cloud.netflix.eureka.http.RestTemplateEurekaHttpClient.cancel(RestTemplateEurekaHttpClient.java:100)
	at com.netflix.discovery.shared.transport.decorator.EurekaHttpClientDecorator$2.execute(EurekaHttpClientDecorator.java:74)
	at com.netflix.discovery.shared.transport.decorator.RedirectingEurekaHttpClient.execute(RedirectingEurekaHttpClient.java:91)
	at com.netflix.discovery.shared.transport.decorator.EurekaHttpClientDecorator.cancel(EurekaHttpClientDecorator.java:71)
	at com.netflix.discovery.shared.transport.decorator.EurekaHttpClientDecorator$2.execute(EurekaHttpClientDecorator.java:74)
	at com.netflix.discovery.shared.transport.decorator.RetryableEurekaHttpClient.execute(RetryableEurekaHttpClient.java:120)
	at com.netflix.discovery.shared.transport.decorator.EurekaHttpClientDecorator.cancel(EurekaHttpClientDecorator.java:71)
	at com.netflix.discovery.shared.transport.decorator.EurekaHttpClientDecorator$2.execute(EurekaHttpClientDecorator.java:74)
	at com.netflix.discovery.shared.transport.decorator.SessionedEurekaHttpClient.execute(SessionedEurekaHttpClient.java:76)
	at com.netflix.discovery.shared.transport.decorator.EurekaHttpClientDecorator.cancel(EurekaHttpClientDecorator.java:71)
	at com.netflix.discovery.DiscoveryClient.unregister(DiscoveryClient.java:919)
	at com.netflix.discovery.DiscoveryClient.shutdown(DiscoveryClient.java:900)
	at java.base/jdk.internal.reflect.DirectMethodHandleAccessor.invoke(DirectMethodHandleAccessor.java:103)
	at java.base/java.lang.reflect.Method.invoke(Method.java:580)
	at org.springframework.beans.factory.annotation.InitDestroyAnnotationBeanPostProcessor$LifecycleMethod.invoke(InitDestroyAnnotationBeanPostProcessor.java:457)
	at org.springframework.beans.factory.annotation.InitDestroyAnnotationBeanPostProcessor$LifecycleMetadata.invokeDestroyMethods(InitDestroyAnnotationBeanPostProcessor.java:415)
	at org.springframework.beans.factory.annotation.InitDestroyAnnotationBeanPostProcessor.postProcessBeforeDestruction(InitDestroyAnnotationBeanPostProcessor.java:239)
	at org.springframework.beans.factory.support.DisposableBeanAdapter.destroy(DisposableBeanAdapter.java:203)
	at org.springframework.beans.factory.support.DisposableBeanAdapter.run(DisposableBeanAdapter.java:196)
	at org.springframework.cloud.context.scope.GenericScope$BeanLifecycleWrapper.destroy(GenericScope.java:387)
	at org.springframework.cloud.context.scope.GenericScope.destroy(GenericScope.java:134)
	at org.springframework.beans.factory.support.DisposableBeanAdapter.destroy(DisposableBeanAdapter.java:212)
	at org.springframework.beans.factory.support.DefaultSingletonBeanRegistry.destroyBean(DefaultSingletonBeanRegistry.java:798)
	at org.springframework.beans.factory.support.DefaultSingletonBeanRegistry.destroySingleton(DefaultSingletonBeanRegistry.java:748)
	at org.springframework.beans.factory.support.DefaultListableBeanFactory.destroySingleton(DefaultListableBeanFactory.java:1489)
	at org.springframework.beans.factory.support.DefaultSingletonBeanRegistry.destroySingletons(DefaultSingletonBeanRegistry.java:707)
	at org.springframework.beans.factory.support.DefaultListableBeanFactory.destroySingletons(DefaultListableBeanFactory.java:1482)
	at org.springframework.context.support.AbstractApplicationContext.destroyBeans(AbstractApplicationContext.java:1219)
	at org.springframework.context.support.AbstractApplicationContext.doClose(AbstractApplicationContext.java:1180)
	at org.springframework.boot.web.servlet.context.ServletWebServerApplicationContext.doClose(ServletWebServerApplicationContext.java:179)
	at org.springframework.context.support.AbstractApplicationContext.close(AbstractApplicationContext.java:1126)
	at org.springframework.boot.SpringApplicationShutdownHook.closeAndWait(SpringApplicationShutdownHook.java:147)
	at java.base/java.lang.Iterable.forEach(Iterable.java:75)
	at org.springframework.boot.SpringApplicationShutdownHook.run(SpringApplicationShutdownHook.java:116)
	at java.base/java.lang.Thread.run(Thread.java:1575)
Caused by: org.apache.hc.client5.http.HttpHostConnectException: Connect to http://localhost:8761 failed: Connection refused
	at java.base/sun.nio.ch.Net.pollConnect(Native Method)
	at java.base/sun.nio.ch.Net.pollConnectNow(Net.java:682)
	at java.base/sun.nio.ch.NioSocketImpl.timedFinishConnect(NioSocketImpl.java:549)
	at java.base/sun.nio.ch.NioSocketImpl.connect(NioSocketImpl.java:592)
	at java.base/java.net.SocksSocketImpl.connect(SocksSocketImpl.java:327)
	at java.base/java.net.Socket.connect(Socket.java:760)
	at org.apache.hc.client5.http.impl.io.DefaultHttpClientConnectionOperator.connect(DefaultHttpClientConnectionOperator.java:205)
	at org.apache.hc.client5.http.impl.io.PoolingHttpClientConnectionManager.connect(PoolingHttpClientConnectionManager.java:490)
	at org.apache.hc.client5.http.impl.classic.InternalExecRuntime.connectEndpoint(InternalExecRuntime.java:164)
	at org.apache.hc.client5.http.impl.classic.InternalExecRuntime.connectEndpoint(InternalExecRuntime.java:174)
	at org.apache.hc.client5.http.impl.classic.ConnectExec.execute(ConnectExec.java:144)
	at org.apache.hc.client5.http.impl.classic.ExecChainElement.execute(ExecChainElement.java:51)
	at org.apache.hc.client5.http.impl.classic.ProtocolExec.execute(ProtocolExec.java:195)
	at org.apache.hc.client5.http.impl.classic.ExecChainElement.execute(ExecChainElement.java:51)
	at org.apache.hc.client5.http.impl.classic.ContentCompressionExec.execute(ContentCompressionExec.java:150)
	at org.apache.hc.client5.http.impl.classic.ExecChainElement.execute(ExecChainElement.java:51)
	at org.apache.hc.client5.http.impl.classic.HttpRequestRetryExec.execute(HttpRequestRetryExec.java:113)
	at org.apache.hc.client5.http.impl.classic.ExecChainElement.execute(ExecChainElement.java:51)
	at org.apache.hc.client5.http.impl.classic.RedirectExec.execute(RedirectExec.java:110)
	at org.apache.hc.client5.http.impl.classic.ExecChainElement.execute(ExecChainElement.java:51)
	at org.apache.hc.client5.http.impl.classic.InternalHttpClient.doExecute(InternalHttpClient.java:185)
	at org.apache.hc.client5.http.impl.classic.CloseableHttpClient.execute(CloseableHttpClient.java:87)
	at org.apache.hc.client5.http.impl.classic.CloseableHttpClient.execute(CloseableHttpClient.java:55)
	at org.apache.hc.client5.http.classic.HttpClient.executeOpen(HttpClient.java:183)
	at org.springframework.http.client.HttpComponentsClientHttpRequest.executeInternal(HttpComponentsClientHttpRequest.java:99)
	at org.springframework.http.client.AbstractStreamingClientHttpRequest.executeInternal(AbstractStreamingClientHttpRequest.java:71)
	at org.springframework.http.client.AbstractClientHttpRequest.execute(AbstractClientHttpRequest.java:81)
	at org.springframework.http.client.InterceptingClientHttpRequest$InterceptingRequestExecution.execute(InterceptingClientHttpRequest.java:117)
	at org.springframework.cloud.netflix.eureka.http.RestTemplateTransportClientFactory.lambda$restTemplate$2(RestTemplateTransportClientFactory.java:145)
	at org.springframework.http.client.InterceptingClientHttpRequest$InterceptingRequestExecution.execute(InterceptingClientHttpRequest.java:88)
	at org.springframework.http.client.InterceptingClientHttpRequest.executeInternal(InterceptingClientHttpRequest.java:72)
	at org.springframework.http.client.AbstractBufferingClientHttpRequest.executeInternal(AbstractBufferingClientHttpRequest.java:48)
	at org.springframework.http.client.AbstractClientHttpRequest.execute(AbstractClientHttpRequest.java:81)
	at org.springframework.web.client.RestTemplate.doExecute(RestTemplate.java:900)
	... 37 more

2026-01-29T23:35:50.018+05:30  WARN 39425 --- [Profile-Service] [ionShutdownHook] c.n.d.s.t.d.RetryableEurekaHttpClient    : Request execution failed with message: I/O error on DELETE request for "http://localhost:8761/eureka/apps/PROFILE-SERVICE/192.0.0.2:Profile-Service:8081": Connect to http://localhost:8761 failed: Connection refused
2026-01-29T23:35:50.034+05:30  INFO 39425 --- [Profile-Service] [ionShutdownHook] c.n.d.s.t.d.RedirectingEurekaHttpClient  : Request execution error. endpoint=DefaultEndpoint{ serviceUrl='http://localhost:8761/eureka/}, exception=I/O error on DELETE request for "http://localhost:8761/eureka/apps/PROFILE-SERVICE/192.0.0.2:Profile-Service:8081": Connect to http://localhost:8761 failed: Connection refused stacktrace=org.springframework.web.client.ResourceAccessException: I/O error on DELETE request for "http://localhost:8761/eureka/apps/PROFILE-SERVICE/192.0.0.2:Profile-Service:8081": Connect to http://localhost:8761 failed: Connection refused
	at org.springframework.web.client.RestTemplate.createResourceAccessException(RestTemplate.java:926)
	at org.springframework.web.client.RestTemplate.doExecute(RestTemplate.java:906)
	at org.springframework.web.client.RestTemplate.execute(RestTemplate.java:841)
	at org.springframework.web.client.RestTemplate.exchange(RestTemplate.java:702)
	at org.springframework.cloud.netflix.eureka.http.RestTemplateEurekaHttpClient.cancel(RestTemplateEurekaHttpClient.java:100)
	at com.netflix.discovery.shared.transport.decorator.EurekaHttpClientDecorator$2.execute(EurekaHttpClientDecorator.java:74)
	at com.netflix.discovery.shared.transport.decorator.RedirectingEurekaHttpClient.executeOnNewServer(RedirectingEurekaHttpClient.java:121)
	at com.netflix.discovery.shared.transport.decorator.RedirectingEurekaHttpClient.execute(RedirectingEurekaHttpClient.java:80)
	at com.netflix.discovery.shared.transport.decorator.EurekaHttpClientDecorator.cancel(EurekaHttpClientDecorator.java:71)
	at com.netflix.discovery.shared.transport.decorator.EurekaHttpClientDecorator$2.execute(EurekaHttpClientDecorator.java:74)
	at com.netflix.discovery.shared.transport.decorator.RetryableEurekaHttpClient.execute(RetryableEurekaHttpClient.java:120)
	at com.netflix.discovery.shared.transport.decorator.EurekaHttpClientDecorator.cancel(EurekaHttpClientDecorator.java:71)
	at com.netflix.discovery.shared.transport.decorator.EurekaHttpClientDecorator$2.execute(EurekaHttpClientDecorator.java:74)
	at com.netflix.discovery.shared.transport.decorator.SessionedEurekaHttpClient.execute(SessionedEurekaHttpClient.java:76)
	at com.netflix.discovery.shared.transport.decorator.EurekaHttpClientDecorator.cancel(EurekaHttpClientDecorator.java:71)
	at com.netflix.discovery.DiscoveryClient.unregister(DiscoveryClient.java:919)
	at com.netflix.discovery.DiscoveryClient.shutdown(DiscoveryClient.java:900)
	at java.base/jdk.internal.reflect.DirectMethodHandleAccessor.invoke(DirectMethodHandleAccessor.java:103)
	at java.base/java.lang.reflect.Method.invoke(Method.java:580)
	at org.springframework.beans.factory.annotation.InitDestroyAnnotationBeanPostProcessor$LifecycleMethod.invoke(InitDestroyAnnotationBeanPostProcessor.java:457)
	at org.springframework.beans.factory.annotation.InitDestroyAnnotationBeanPostProcessor$LifecycleMetadata.invokeDestroyMethods(InitDestroyAnnotationBeanPostProcessor.java:415)
	at org.springframework.beans.factory.annotation.InitDestroyAnnotationBeanPostProcessor.postProcessBeforeDestruction(InitDestroyAnnotationBeanPostProcessor.java:239)
	at org.springframework.beans.factory.support.DisposableBeanAdapter.destroy(DisposableBeanAdapter.java:203)
	at org.springframework.beans.factory.support.DisposableBeanAdapter.run(DisposableBeanAdapter.java:196)
	at org.springframework.cloud.context.scope.GenericScope$BeanLifecycleWrapper.destroy(GenericScope.java:387)
	at org.springframework.cloud.context.scope.GenericScope.destroy(GenericScope.java:134)
	at org.springframework.beans.factory.support.DisposableBeanAdapter.destroy(DisposableBeanAdapter.java:212)
	at org.springframework.beans.factory.support.DefaultSingletonBeanRegistry.destroyBean(DefaultSingletonBeanRegistry.java:798)
	at org.springframework.beans.factory.support.DefaultSingletonBeanRegistry.destroySingleton(DefaultSingletonBeanRegistry.java:748)
	at org.springframework.beans.factory.support.DefaultListableBeanFactory.destroySingleton(DefaultListableBeanFactory.java:1489)
	at org.springframework.beans.factory.support.DefaultSingletonBeanRegistry.destroySingletons(DefaultSingletonBeanRegistry.java:707)
	at org.springframework.beans.factory.support.DefaultListableBeanFactory.destroySingletons(DefaultListableBeanFactory.java:1482)
	at org.springframework.context.support.AbstractApplicationContext.destroyBeans(AbstractApplicationContext.java:1219)
	at org.springframework.context.support.AbstractApplicationContext.doClose(AbstractApplicationContext.java:1180)
	at org.springframework.boot.web.servlet.context.ServletWebServerApplicationContext.doClose(ServletWebServerApplicationContext.java:179)
	at org.springframework.context.support.AbstractApplicationContext.close(AbstractApplicationContext.java:1126)
	at org.springframework.boot.SpringApplicationShutdownHook.closeAndWait(SpringApplicationShutdownHook.java:147)
	at java.base/java.lang.Iterable.forEach(Iterable.java:75)
	at org.springframework.boot.SpringApplicationShutdownHook.run(SpringApplicationShutdownHook.java:116)
	at java.base/java.lang.Thread.run(Thread.java:1575)
Caused by: org.apache.hc.client5.http.HttpHostConnectException: Connect to http://localhost:8761 failed: Connection refused
	at java.base/sun.nio.ch.Net.pollConnect(Native Method)
	at java.base/sun.nio.ch.Net.pollConnectNow(Net.java:682)
	at java.base/sun.nio.ch.NioSocketImpl.timedFinishConnect(NioSocketImpl.java:549)
	at java.base/sun.nio.ch.NioSocketImpl.connect(NioSocketImpl.java:592)
	at java.base/java.net.SocksSocketImpl.connect(SocksSocketImpl.java:327)
	at java.base/java.net.Socket.connect(Socket.java:760)
	at org.apache.hc.client5.http.impl.io.DefaultHttpClientConnectionOperator.connect(DefaultHttpClientConnectionOperator.java:205)
	at org.apache.hc.client5.http.impl.io.PoolingHttpClientConnectionManager.connect(PoolingHttpClientConnectionManager.java:490)
	at org.apache.hc.client5.http.impl.classic.InternalExecRuntime.connectEndpoint(InternalExecRuntime.java:164)
	at org.apache.hc.client5.http.impl.classic.InternalExecRuntime.connectEndpoint(InternalExecRuntime.java:174)
	at org.apache.hc.client5.http.impl.classic.ConnectExec.execute(ConnectExec.java:144)
	at org.apache.hc.client5.http.impl.classic.ExecChainElement.execute(ExecChainElement.java:51)
	at org.apache.hc.client5.http.impl.classic.ProtocolExec.execute(ProtocolExec.java:195)
	at org.apache.hc.client5.http.impl.classic.ExecChainElement.execute(ExecChainElement.java:51)
	at org.apache.hc.client5.http.impl.classic.ContentCompressionExec.execute(ContentCompressionExec.java:150)
	at org.apache.hc.client5.http.impl.classic.ExecChainElement.execute(ExecChainElement.java:51)
	at org.apache.hc.client5.http.impl.classic.HttpRequestRetryExec.execute(HttpRequestRetryExec.java:113)
	at org.apache.hc.client5.http.impl.classic.ExecChainElement.execute(ExecChainElement.java:51)
	at org.apache.hc.client5.http.impl.classic.RedirectExec.execute(RedirectExec.java:110)
	at org.apache.hc.client5.http.impl.classic.ExecChainElement.execute(ExecChainElement.java:51)
	at org.apache.hc.client5.http.impl.classic.InternalHttpClient.doExecute(InternalHttpClient.java:185)
	at org.apache.hc.client5.http.impl.classic.CloseableHttpClient.execute(CloseableHttpClient.java:87)
	at org.apache.hc.client5.http.impl.classic.CloseableHttpClient.execute(CloseableHttpClient.java:55)
	at org.apache.hc.client5.http.classic.HttpClient.executeOpen(HttpClient.java:183)
	at org.springframework.http.client.HttpComponentsClientHttpRequest.executeInternal(HttpComponentsClientHttpRequest.java:99)
	at org.springframework.http.client.AbstractStreamingClientHttpRequest.executeInternal(AbstractStreamingClientHttpRequest.java:71)
	at org.springframework.http.client.AbstractClientHttpRequest.execute(AbstractClientHttpRequest.java:81)
	at org.springframework.http.client.InterceptingClientHttpRequest$InterceptingRequestExecution.execute(InterceptingClientHttpRequest.java:117)
	at org.springframework.cloud.netflix.eureka.http.RestTemplateTransportClientFactory.lambda$restTemplate$2(RestTemplateTransportClientFactory.java:145)
	at org.springframework.http.client.InterceptingClientHttpRequest$InterceptingRequestExecution.execute(InterceptingClientHttpRequest.java:88)
	at org.springframework.http.client.InterceptingClientHttpRequest.executeInternal(InterceptingClientHttpRequest.java:72)
	at org.springframework.http.client.AbstractBufferingClientHttpRequest.executeInternal(AbstractBufferingClientHttpRequest.java:48)
	at org.springframework.http.client.AbstractClientHttpRequest.execute(AbstractClientHttpRequest.java:81)
	at org.springframework.web.client.RestTemplate.doExecute(RestTemplate.java:900)
	... 38 more

2026-01-29T23:35:50.034+05:30  WARN 39425 --- [Profile-Service] [ionShutdownHook] c.n.d.s.t.d.RetryableEurekaHttpClient    : Request execution failed with message: I/O error on DELETE request for "http://localhost:8761/eureka/apps/PROFILE-SERVICE/192.0.0.2:Profile-Service:8081": Connect to http://localhost:8761 failed: Connection refused
2026-01-29T23:35:50.034+05:30 ERROR 39425 --- [Profile-Service] [ionShutdownHook] com.netflix.discovery.DiscoveryClient    : DiscoveryClient_PROFILE-SERVICE/192.0.0.2:Profile-Service:8081 - de-registration failedCannot execute request on any known server

com.netflix.discovery.shared.transport.TransportException: Cannot execute request on any known server
	at com.netflix.discovery.shared.transport.decorator.RetryableEurekaHttpClient.execute(RetryableEurekaHttpClient.java:112)
	at com.netflix.discovery.shared.transport.decorator.EurekaHttpClientDecorator.cancel(EurekaHttpClientDecorator.java:71)
	at com.netflix.discovery.shared.transport.decorator.EurekaHttpClientDecorator$2.execute(EurekaHttpClientDecorator.java:74)
	at com.netflix.discovery.shared.transport.decorator.SessionedEurekaHttpClient.execute(SessionedEurekaHttpClient.java:76)
	at com.netflix.discovery.shared.transport.decorator.EurekaHttpClientDecorator.cancel(EurekaHttpClientDecorator.java:71)
	at com.netflix.discovery.DiscoveryClient.unregister(DiscoveryClient.java:919)
	at com.netflix.discovery.DiscoveryClient.shutdown(DiscoveryClient.java:900)
	at java.base/jdk.internal.reflect.DirectMethodHandleAccessor.invoke(DirectMethodHandleAccessor.java:103)
	at java.base/java.lang.reflect.Method.invoke(Method.java:580)
	at org.springframework.beans.factory.annotation.InitDestroyAnnotationBeanPostProcessor$LifecycleMethod.invoke(InitDestroyAnnotationBeanPostProcessor.java:457)
	at org.springframework.beans.factory.annotation.InitDestroyAnnotationBeanPostProcessor$LifecycleMetadata.invokeDestroyMethods(InitDestroyAnnotationBeanPostProcessor.java:415)
	at org.springframework.beans.factory.annotation.InitDestroyAnnotationBeanPostProcessor.postProcessBeforeDestruction(InitDestroyAnnotationBeanPostProcessor.java:239)
	at org.springframework.beans.factory.support.DisposableBeanAdapter.destroy(DisposableBeanAdapter.java:203)
	at org.springframework.beans.factory.support.DisposableBeanAdapter.run(DisposableBeanAdapter.java:196)
	at org.springframework.cloud.context.scope.GenericScope$BeanLifecycleWrapper.destroy(GenericScope.java:387)
	at org.springframework.cloud.context.scope.GenericScope.destroy(GenericScope.java:134)
	at org.springframework.beans.factory.support.DisposableBeanAdapter.destroy(DisposableBeanAdapter.java:212)
	at org.springframework.beans.factory.support.DefaultSingletonBeanRegistry.destroyBean(DefaultSingletonBeanRegistry.java:798)
	at org.springframework.beans.factory.support.DefaultSingletonBeanRegistry.destroySingleton(DefaultSingletonBeanRegistry.java:748)
	at org.springframework.beans.factory.support.DefaultListableBeanFactory.destroySingleton(DefaultListableBeanFactory.java:1489)
	at org.springframework.beans.factory.support.DefaultSingletonBeanRegistry.destroySingletons(DefaultSingletonBeanRegistry.java:707)
	at org.springframework.beans.factory.support.DefaultListableBeanFactory.destroySingletons(DefaultListableBeanFactory.java:1482)
	at org.springframework.context.support.AbstractApplicationContext.destroyBeans(AbstractApplicationContext.java:1219)
	at org.springframework.context.support.AbstractApplicationContext.doClose(AbstractApplicationContext.java:1180)
	at org.springframework.boot.web.servlet.context.ServletWebServerApplicationContext.doClose(ServletWebServerApplicationContext.java:179)
	at org.springframework.context.support.AbstractApplicationContext.close(AbstractApplicationContext.java:1126)
	at org.springframework.boot.SpringApplicationShutdownHook.closeAndWait(SpringApplicationShutdownHook.java:147)
	at java.base/java.lang.Iterable.forEach(Iterable.java:75)
	at org.springframework.boot.SpringApplicationShutdownHook.run(SpringApplicationShutdownHook.java:116)
	at java.base/java.lang.Thread.run(Thread.java:1575)

2026-01-29T23:35:50.035+05:30  INFO 39425 --- [Profile-Service] [ionShutdownHook] com.netflix.discovery.DiscoveryClient    : Completed shut down of DiscoveryClient
