[INFO] Scanning for projects...
[INFO] 
[INFO] ---------------------< com.alphonso:user-service >----------------------
[INFO] Building auth-service 0.0.1-SNAPSHOT
[INFO]   from pom.xml
[INFO] --------------------------------[ jar ]---------------------------------
[INFO] 
[INFO] >>> spring-boot:3.5.6:run (default-cli) > test-compile @ user-service >>>
[INFO] 
[INFO] --- resources:3.3.1:resources (default-resources) @ user-service ---
[INFO] Copying 3 resources from src/main/resources to target/classes
[INFO] Copying 0 resource from src/main/resources to target/classes
[INFO] 
[INFO] --- compiler:3.14.0:compile (default-compile) @ user-service ---
[INFO] Nothing to compile - all classes are up to date.
[INFO] 
[INFO] --- resources:3.3.1:testResources (default-testResources) @ user-service ---
[INFO] skip non existing resourceDirectory /Users/srinivas/Documents/chanduAnna/AlphonsoBackend-V2/User-Service/src/test/resources
[INFO] 
[INFO] --- compiler:3.14.0:testCompile (default-testCompile) @ user-service ---
[INFO] Nothing to compile - all classes are up to date.
[INFO] 
[INFO] <<< spring-boot:3.5.6:run (default-cli) < test-compile @ user-service <<<
[INFO] 
[INFO] 
[INFO] --- spring-boot:3.5.6:run (default-cli) @ user-service ---
[INFO] Attaching agents: []

  .   ____          _            __ _ _
 /\\ / ___'_ __ _ _(_)_ __  __ _ \ \ \ \
( ( )\___ | '_ | '_| | '_ \/ _` | \ \ \ \
 \\/  ___)| |_)| | | | | || (_| |  ) ) ) )
  '  |____| .__|_| |_|_| |_\__, | / / / /
 =========|_|==============|___/=/_/_/_/

 :: Spring Boot ::                (v3.5.6)

2026-01-28T01:37:52.359+05:30  INFO 41328 --- [User-Service] [  restartedMain] c.a.user_service.UserServiceApplication  : Starting UserServiceApplication using Java 23.0.2 with PID 41328 (/Users/srinivas/Documents/chanduAnna/AlphonsoBackend-V2/User-Service/target/classes started by srinivas in /Users/srinivas/Documents/chanduAnna/AlphonsoBackend-V2/User-Service)
2026-01-28T01:37:52.360+05:30  INFO 41328 --- [User-Service] [  restartedMain] c.a.user_service.UserServiceApplication  : The following 1 profile is active: "dev"
2026-01-28T01:37:52.389+05:30  INFO 41328 --- [User-Service] [  restartedMain] .e.DevToolsPropertyDefaultsPostProcessor : Devtools property defaults active! Set 'spring.devtools.add-properties' to 'false' to disable
2026-01-28T01:37:52.389+05:30  INFO 41328 --- [User-Service] [  restartedMain] .e.DevToolsPropertyDefaultsPostProcessor : For additional web related logging consider setting the 'logging.level.web' property to 'DEBUG'
2026-01-28T01:37:52.811+05:30  INFO 41328 --- [User-Service] [  restartedMain] .s.d.r.c.RepositoryConfigurationDelegate : Bootstrapping Spring Data JPA repositories in DEFAULT mode.
2026-01-28T01:37:52.895+05:30  INFO 41328 --- [User-Service] [  restartedMain] .s.d.r.c.RepositoryConfigurationDelegate : Finished Spring Data repository scanning in 79 ms. Found 3 JPA repository interfaces.
2026-01-28T01:37:53.029+05:30  INFO 41328 --- [User-Service] [  restartedMain] o.s.cloud.context.scope.GenericScope     : BeanFactory id=a7f2b39b-a17b-3c80-b117-18d62a7905cf
2026-01-28T01:37:53.252+05:30  INFO 41328 --- [User-Service] [  restartedMain] o.s.b.w.embedded.tomcat.TomcatWebServer  : Tomcat initialized with port 8080 (http)
2026-01-28T01:37:53.261+05:30  INFO 41328 --- [User-Service] [  restartedMain] o.apache.catalina.core.StandardService   : Starting service [Tomcat]
2026-01-28T01:37:53.261+05:30  INFO 41328 --- [User-Service] [  restartedMain] o.apache.catalina.core.StandardEngine    : Starting Servlet engine: [Apache Tomcat/10.1.46]
2026-01-28T01:37:53.286+05:30  INFO 41328 --- [User-Service] [  restartedMain] o.a.c.c.C.[Tomcat].[localhost].[/]       : Initializing Spring embedded WebApplicationContext
2026-01-28T01:37:53.287+05:30  INFO 41328 --- [User-Service] [  restartedMain] w.s.c.ServletWebServerApplicationContext : Root WebApplicationContext: initialization completed in 897 ms
2026-01-28T01:37:53.380+05:30  INFO 41328 --- [User-Service] [  restartedMain] o.hibernate.jpa.internal.util.LogHelper  : HHH000204: Processing PersistenceUnitInfo [name: default]
2026-01-28T01:37:53.408+05:30  INFO 41328 --- [User-Service] [  restartedMain] org.hibernate.Version                    : HHH000412: Hibernate ORM core version 6.6.29.Final
2026-01-28T01:37:53.428+05:30  INFO 41328 --- [User-Service] [  restartedMain] o.h.c.internal.RegionFactoryInitiator    : HHH000026: Second-level cache disabled
2026-01-28T01:37:53.545+05:30  INFO 41328 --- [User-Service] [  restartedMain] o.s.o.j.p.SpringPersistenceUnitInfo      : No LoadTimeWeaver setup: ignoring JPA class transformer
2026-01-28T01:37:53.558+05:30  INFO 41328 --- [User-Service] [  restartedMain] com.zaxxer.hikari.HikariDataSource       : HikariPool-1 - Starting...
2026-01-28T01:37:53.663+05:30  INFO 41328 --- [User-Service] [  restartedMain] com.zaxxer.hikari.pool.HikariPool        : HikariPool-1 - Added connection com.mysql.cj.jdbc.ConnectionImpl@78b0fba4
2026-01-28T01:37:53.663+05:30  INFO 41328 --- [User-Service] [  restartedMain] com.zaxxer.hikari.HikariDataSource       : HikariPool-1 - Start completed.
2026-01-28T01:37:53.694+05:30  WARN 41328 --- [User-Service] [  restartedMain] org.hibernate.orm.deprecation            : HHH90000025: MySQL8Dialect does not need to be specified explicitly using 'hibernate.dialect' (remove the property setting and it will be selected by default)
2026-01-28T01:37:53.695+05:30  WARN 41328 --- [User-Service] [  restartedMain] org.hibernate.orm.deprecation            : HHH90000026: MySQL8Dialect has been deprecated; use org.hibernate.dialect.MySQLDialect instead
2026-01-28T01:37:53.703+05:30  INFO 41328 --- [User-Service] [  restartedMain] org.hibernate.orm.connections.pooling    : HHH10001005: Database info:
	Database JDBC URL [Connecting through datasource 'HikariDataSource (HikariPool-1)']
	Database driver: undefined/unknown
	Database version: 8.0
	Autocommit mode: undefined/unknown
	Isolation level: undefined/unknown
	Minimum pool size: undefined/unknown
	Maximum pool size: undefined/unknown
2026-01-28T01:37:54.105+05:30  INFO 41328 --- [User-Service] [  restartedMain] o.h.e.t.j.p.i.JtaPlatformInitiator       : HHH000489: No JTA platform available (set 'hibernate.transaction.jta.platform' to enable JTA platform integration)
2026-01-28T01:37:54.200+05:30  INFO 41328 --- [User-Service] [  restartedMain] j.LocalContainerEntityManagerFactoryBean : Initialized JPA EntityManagerFactory for persistence unit 'default'
2026-01-28T01:37:54.386+05:30  INFO 41328 --- [User-Service] [  restartedMain] c.a.user_service.ServiceImp.UserService  : UserService initialized with 2 allowed Google client IDs
2026-01-28T01:37:54.407+05:30  WARN 41328 --- [User-Service] [  restartedMain] JpaBaseConfiguration$JpaWebConfiguration : spring.jpa.open-in-view is enabled by default. Therefore, database queries may be performed during view rendering. Explicitly configure spring.jpa.open-in-view to disable this warning
2026-01-28T01:37:54.438+05:30  INFO 41328 --- [User-Service] [  restartedMain] r$InitializeUserDetailsManagerConfigurer : Global AuthenticationManager configured with UserDetailsService bean with name customUserDetailsService
2026-01-28T01:37:54.665+05:30  WARN 41328 --- [User-Service] [  restartedMain] o.s.b.d.a.OptionalLiveReloadServer       : Unable to start LiveReload server
2026-01-28T01:37:54.693+05:30  INFO 41328 --- [User-Service] [  restartedMain] DiscoveryClientOptionalArgsConfiguration : Eureka HTTP Client uses RestTemplate.
2026-01-28T01:37:54.710+05:30  WARN 41328 --- [User-Service] [  restartedMain] iguration$LoadBalancerCaffeineWarnLogger : Spring Cloud LoadBalancer is currently working with the default cache. While this cache implementation is useful for development and tests, it's recommended to use Caffeine cache in production.You can switch to using Caffeine cache, by adding it and org.springframework.cache.caffeine.CaffeineCacheManager to the classpath.
2026-01-28T01:37:54.765+05:30  INFO 41328 --- [User-Service] [  restartedMain] o.s.c.n.eureka.InstanceInfoFactory       : Setting initial instance status as: STARTING
2026-01-28T01:37:54.788+05:30  INFO 41328 --- [User-Service] [  restartedMain] com.netflix.discovery.DiscoveryClient    : Initializing Eureka in region us-east-1
2026-01-28T01:37:54.791+05:30  INFO 41328 --- [User-Service] [  restartedMain] c.n.d.s.r.aws.ConfigClusterResolver      : Resolving eureka endpoints via configuration
2026-01-28T01:37:54.803+05:30  INFO 41328 --- [User-Service] [  restartedMain] com.netflix.discovery.DiscoveryClient    : Disable delta property : false
2026-01-28T01:37:54.803+05:30  INFO 41328 --- [User-Service] [  restartedMain] com.netflix.discovery.DiscoveryClient    : Single vip registry refresh property : null
2026-01-28T01:37:54.803+05:30  INFO 41328 --- [User-Service] [  restartedMain] com.netflix.discovery.DiscoveryClient    : Force full registry fetch : false
2026-01-28T01:37:54.803+05:30  INFO 41328 --- [User-Service] [  restartedMain] com.netflix.discovery.DiscoveryClient    : Application is null : false
2026-01-28T01:37:54.803+05:30  INFO 41328 --- [User-Service] [  restartedMain] com.netflix.discovery.DiscoveryClient    : Registered Applications size is zero : true
2026-01-28T01:37:54.803+05:30  INFO 41328 --- [User-Service] [  restartedMain] com.netflix.discovery.DiscoveryClient    : Application version is -1: true
2026-01-28T01:37:54.803+05:30  INFO 41328 --- [User-Service] [  restartedMain] com.netflix.discovery.DiscoveryClient    : Getting all instance registry info from the eureka server
2026-01-28T01:37:55.221+05:30  INFO 41328 --- [User-Service] [  restartedMain] com.netflix.discovery.DiscoveryClient    : The response status is 200
2026-01-28T01:37:55.225+05:30  INFO 41328 --- [User-Service] [  restartedMain] com.netflix.discovery.DiscoveryClient    : Starting heartbeat executor: renew interval is: 30
2026-01-28T01:37:55.229+05:30  INFO 41328 --- [User-Service] [  restartedMain] c.n.discovery.InstanceInfoReplicator     : InstanceInfoReplicator onDemand update allowed rate per min is 4
2026-01-28T01:37:55.230+05:30  INFO 41328 --- [User-Service] [  restartedMain] com.netflix.discovery.DiscoveryClient    : Discovery Client initialized at timestamp 1769544475230 with initial instances count: 0
2026-01-28T01:37:55.234+05:30  INFO 41328 --- [User-Service] [  restartedMain] o.s.c.n.e.s.EurekaServiceRegistry        : Registering application USER-SERVICE with eureka with status UP
2026-01-28T01:37:55.235+05:30  INFO 41328 --- [User-Service] [  restartedMain] com.netflix.discovery.DiscoveryClient    : Saw local status change event StatusChangeEvent [timestamp=1769544475234, current=UP, previous=STARTING]
2026-01-28T01:37:55.236+05:30  INFO 41328 --- [User-Service] [foReplicator-%d] com.netflix.discovery.DiscoveryClient    : DiscoveryClient_USER-SERVICE/10.84.240.145:User-Service:8080: registering service...
2026-01-28T01:37:55.249+05:30  INFO 41328 --- [User-Service] [  restartedMain] o.s.b.w.embedded.tomcat.TomcatWebServer  : Tomcat started on port 8080 (http) with context path '/'
2026-01-28T01:37:55.249+05:30  INFO 41328 --- [User-Service] [  restartedMain] .s.c.n.e.s.EurekaAutoServiceRegistration : Updating port to 8080
2026-01-28T01:37:55.259+05:30  INFO 41328 --- [User-Service] [  restartedMain] c.a.user_service.UserServiceApplication  : Started UserServiceApplication in 3.091 seconds (process running for 3.402)
2026-01-28T01:37:55.324+05:30  INFO 41328 --- [User-Service] [foReplicator-%d] com.netflix.discovery.DiscoveryClient    : DiscoveryClient_USER-SERVICE/10.84.240.145:User-Service:8080 - registration status: 204
2026-01-28T01:38:25.227+05:30  INFO 41328 --- [User-Service] [reshExecutor-%d] com.netflix.discovery.DiscoveryClient    : Disable delta property : false
2026-01-28T01:38:25.229+05:30  INFO 41328 --- [User-Service] [reshExecutor-%d] com.netflix.discovery.DiscoveryClient    : Single vip registry refresh property : null
2026-01-28T01:38:25.229+05:30  INFO 41328 --- [User-Service] [reshExecutor-%d] com.netflix.discovery.DiscoveryClient    : Force full registry fetch : false
2026-01-28T01:38:25.229+05:30  INFO 41328 --- [User-Service] [reshExecutor-%d] com.netflix.discovery.DiscoveryClient    : Application is null : false
2026-01-28T01:38:25.229+05:30  INFO 41328 --- [User-Service] [reshExecutor-%d] com.netflix.discovery.DiscoveryClient    : Registered Applications size is zero : true
2026-01-28T01:38:25.229+05:30  INFO 41328 --- [User-Service] [reshExecutor-%d] com.netflix.discovery.DiscoveryClient    : Application version is -1: false
2026-01-28T01:38:25.229+05:30  INFO 41328 --- [User-Service] [reshExecutor-%d] com.netflix.discovery.DiscoveryClient    : Getting all instance registry info from the eureka server
2026-01-28T01:38:25.275+05:30  INFO 41328 --- [User-Service] [reshExecutor-%d] com.netflix.discovery.DiscoveryClient    : The response status is 200
2026-01-28T01:42:54.803+05:30  INFO 41328 --- [User-Service] [rap-executor-%d] c.n.d.s.r.aws.ConfigClusterResolver      : Resolving eureka endpoints via configuration
2026-01-28T01:47:54.808+05:30  INFO 41328 --- [User-Service] [rap-executor-%d] c.n.d.s.r.aws.ConfigClusterResolver      : Resolving eureka endpoints via configuration
2026-01-28T01:52:54.851+05:30  INFO 41328 --- [User-Service] [rap-executor-%d] c.n.d.s.r.aws.ConfigClusterResolver      : Resolving eureka endpoints via configuration
2026-01-28T01:56:17.681+05:30  INFO 41328 --- [User-Service] [nio-8080-exec-1] o.a.c.c.C.[Tomcat].[localhost].[/]       : Initializing Spring DispatcherServlet 'dispatcherServlet'
2026-01-28T01:56:17.683+05:30  INFO 41328 --- [User-Service] [nio-8080-exec-1] o.s.web.servlet.DispatcherServlet        : Initializing Servlet 'dispatcherServlet'
2026-01-28T01:56:17.842+05:30  INFO 41328 --- [User-Service] [nio-8080-exec-1] o.s.web.servlet.DispatcherServlet        : Completed initialization in 157 ms
2026-01-28T01:56:18.187+05:30  INFO 41328 --- [User-Service] [nio-8080-exec-1] c.a.u.Controller.UserController          : Login attempt for email: pawarsrinivasnaik@gmail.com
2026-01-28T01:56:18.188+05:30  INFO 41328 --- [User-Service] [nio-8080-exec-1] c.a.user_service.ServiceImp.UserService  : Login attempt for email: pawarsrinivasnaik@gmail.com
Hibernate: 
    select
        ur1_0.id,
        ur1_0.role_id,
        ur1_0.created_at,
        ur1_0.email,
        ur1_0.first_name,
        ur1_0.is_verified,
        ur1_0.last_name,
        ur1_0.password_hash,
        ur1_0.provider 
    from
        user ur1_0 
    where
        ur1_0.email=?
Hibernate: 
    select
        rc1_0.id,
        rc1_0.category_name,
        rc1_0.description 
    from
        roles_category rc1_0 
    where
        rc1_0.id=?
2026-01-28T01:56:18.672+05:30  INFO 41328 --- [User-Service] [nio-8080-exec-1] c.a.user_service.ServiceImp.UserService  : Login successful for email: pawarsrinivasnaik@gmail.com
2026-01-28T01:56:18.675+05:30  INFO 41328 --- [User-Service] [nio-8080-exec-1] c.a.u.Controller.UserController          : Login successful for email: pawarsrinivasnaik@gmail.com
2026-01-28T01:57:54.860+05:30  INFO 41328 --- [User-Service] [rap-executor-%d] c.n.d.s.r.aws.ConfigClusterResolver      : Resolving eureka endpoints via configuration
2026-01-28T02:02:54.864+05:30  INFO 41328 --- [User-Service] [rap-executor-%d] c.n.d.s.r.aws.ConfigClusterResolver      : Resolving eureka endpoints via configuration
2026-01-28T02:04:58.274+05:30  INFO 41328 --- [User-Service] [nio-8080-exec-3] c.a.u.Controller.UserController          : Login attempt for email: pawarsrinivasnaik@gmail.com
2026-01-28T02:04:58.279+05:30  INFO 41328 --- [User-Service] [nio-8080-exec-3] c.a.user_service.ServiceImp.UserService  : Login attempt for email: pawarsrinivasnaik@gmail.com
Hibernate: 
    select
        ur1_0.id,
        ur1_0.role_id,
        ur1_0.created_at,
        ur1_0.email,
        ur1_0.first_name,
        ur1_0.is_verified,
        ur1_0.last_name,
        ur1_0.password_hash,
        ur1_0.provider 
    from
        user ur1_0 
    where
        ur1_0.email=?
Hibernate: 
    select
        rc1_0.id,
        rc1_0.category_name,
        rc1_0.description 
    from
        roles_category rc1_0 
    where
        rc1_0.id=?
2026-01-28T02:04:58.556+05:30  INFO 41328 --- [User-Service] [nio-8080-exec-3] c.a.user_service.ServiceImp.UserService  : Login successful for email: pawarsrinivasnaik@gmail.com
2026-01-28T02:04:58.556+05:30  INFO 41328 --- [User-Service] [nio-8080-exec-3] c.a.u.Controller.UserController          : Login successful for email: pawarsrinivasnaik@gmail.com
2026-01-28T02:05:54.622+05:30  INFO 41328 --- [User-Service] [nio-8080-exec-4] c.a.u.Controller.UserController          : Login attempt for email: pawarsrinivasnaik@gmail.com
2026-01-28T02:05:54.623+05:30  INFO 41328 --- [User-Service] [nio-8080-exec-4] c.a.user_service.ServiceImp.UserService  : Login attempt for email: pawarsrinivasnaik@gmail.com
Hibernate: 
    select
        ur1_0.id,
        ur1_0.role_id,
        ur1_0.created_at,
        ur1_0.email,
        ur1_0.first_name,
        ur1_0.is_verified,
        ur1_0.last_name,
        ur1_0.password_hash,
        ur1_0.provider 
    from
        user ur1_0 
    where
        ur1_0.email=?
Hibernate: 
    select
        rc1_0.id,
        rc1_0.category_name,
        rc1_0.description 
    from
        roles_category rc1_0 
    where
        rc1_0.id=?
2026-01-28T02:05:54.746+05:30  INFO 41328 --- [User-Service] [nio-8080-exec-4] c.a.user_service.ServiceImp.UserService  : Login successful for email: pawarsrinivasnaik@gmail.com
2026-01-28T02:05:54.746+05:30  INFO 41328 --- [User-Service] [nio-8080-exec-4] c.a.u.Controller.UserController          : Login successful for email: pawarsrinivasnaik@gmail.com
2026-01-28T02:07:54.926+05:30  INFO 41328 --- [User-Service] [rap-executor-%d] c.n.d.s.r.aws.ConfigClusterResolver      : Resolving eureka endpoints via configuration
2026-01-28T02:11:15.545+05:30  INFO 41328 --- [User-Service] [nio-8080-exec-6] c.a.u.Controller.UserController          : Google login request received
2026-01-28T02:11:15.712+05:30  INFO 41328 --- [User-Service] [nio-8080-exec-6] c.a.user_service.ServiceImp.UserService  : Google login attempt initiated
Hibernate: 
    select
        rc1_0.id,
        rc1_0.category_name,
        rc1_0.description 
    from
        roles_category rc1_0 
    where
        rc1_0.category_name=?
Hibernate: 
    select
        ur1_0.id,
        ur1_0.role_id,
        ur1_0.created_at,
        ur1_0.email,
        ur1_0.first_name,
        ur1_0.is_verified,
        ur1_0.last_name,
        ur1_0.password_hash,
        ur1_0.provider 
    from
        user ur1_0 
    where
        ur1_0.email=?
2026-01-28T02:11:16.537+05:30  INFO 41328 --- [User-Service] [nio-8080-exec-6] c.a.user_service.ServiceImp.UserService  : Google login completed successfully for bablubalu624@gmail.com
2026-01-28T02:11:16.546+05:30  INFO 41328 --- [User-Service] [nio-8080-exec-6] c.a.u.Controller.UserController          : Google login successful for email: bablubalu624@gmail.com
2026-01-28T02:12:54.947+05:30  INFO 41328 --- [User-Service] [rap-executor-%d] c.n.d.s.r.aws.ConfigClusterResolver      : Resolving eureka endpoints via configuration
2026-01-28T02:17:54.948+05:30  INFO 41328 --- [User-Service] [rap-executor-%d] c.n.d.s.r.aws.ConfigClusterResolver      : Resolving eureka endpoints via configuration
2026-01-28T02:20:21.105+05:30  INFO 41328 --- [User-Service] [nio-8080-exec-8] c.a.u.Controller.UserController          : Google login request received
2026-01-28T02:20:21.119+05:30  INFO 41328 --- [User-Service] [nio-8080-exec-8] c.a.user_service.ServiceImp.UserService  : Google login attempt initiated
Hibernate: 
    select
        rc1_0.id,
        rc1_0.category_name,
        rc1_0.description 
    from
        roles_category rc1_0 
    where
        rc1_0.category_name=?
Hibernate: 
    select
        ur1_0.id,
        ur1_0.role_id,
        ur1_0.created_at,
        ur1_0.email,
        ur1_0.first_name,
        ur1_0.is_verified,
        ur1_0.last_name,
        ur1_0.password_hash,
        ur1_0.provider 
    from
        user ur1_0 
    where
        ur1_0.email=?
2026-01-28T02:20:22.421+05:30  INFO 41328 --- [User-Service] [nio-8080-exec-8] c.a.user_service.ServiceImp.UserService  : Google login completed successfully for bablubalu624@gmail.com
2026-01-28T02:20:22.433+05:30  INFO 41328 --- [User-Service] [nio-8080-exec-8] c.a.u.Controller.UserController          : Google login successful for email: bablubalu624@gmail.com
2026-01-28T02:22:55.052+05:30  INFO 41328 --- [User-Service] [rap-executor-%d] c.n.d.s.r.aws.ConfigClusterResolver      : Resolving eureka endpoints via configuration
2026-01-28T02:26:48.377+05:30  INFO 41328 --- [User-Service] [io-8080-exec-10] c.a.u.Controller.UserController          : Google login request received
2026-01-28T02:26:48.401+05:30  INFO 41328 --- [User-Service] [io-8080-exec-10] c.a.user_service.ServiceImp.UserService  : Google login attempt initiated
Hibernate: 
    select
        rc1_0.id,
        rc1_0.category_name,
        rc1_0.description 
    from
        roles_category rc1_0 
    where
        rc1_0.category_name=?
Hibernate: 
    select
        ur1_0.id,
        ur1_0.role_id,
        ur1_0.created_at,
        ur1_0.email,
        ur1_0.first_name,
        ur1_0.is_verified,
        ur1_0.last_name,
        ur1_0.password_hash,
        ur1_0.provider 
    from
        user ur1_0 
    where
        ur1_0.email=?
2026-01-28T02:26:48.982+05:30  INFO 41328 --- [User-Service] [io-8080-exec-10] c.a.user_service.ServiceImp.UserService  : Google login completed successfully for bablubalu624@gmail.com
2026-01-28T02:26:48.994+05:30  INFO 41328 --- [User-Service] [io-8080-exec-10] c.a.u.Controller.UserController          : Google login successful for email: bablubalu624@gmail.com
2026-01-28T02:27:55.257+05:30  INFO 41328 --- [User-Service] [rap-executor-%d] c.n.d.s.r.aws.ConfigClusterResolver      : Resolving eureka endpoints via configuration
2026-01-28T02:32:55.265+05:30  INFO 41328 --- [User-Service] [rap-executor-%d] c.n.d.s.r.aws.ConfigClusterResolver      : Resolving eureka endpoints via configuration
2026-01-28T02:37:55.344+05:30  INFO 41328 --- [User-Service] [rap-executor-%d] c.n.d.s.r.aws.ConfigClusterResolver      : Resolving eureka endpoints via configuration
2026-01-28T02:42:55.584+05:30  INFO 41328 --- [User-Service] [rap-executor-%d] c.n.d.s.r.aws.ConfigClusterResolver      : Resolving eureka endpoints via configuration
2026-01-28T02:47:55.615+05:30  INFO 41328 --- [User-Service] [rap-executor-%d] c.n.d.s.r.aws.ConfigClusterResolver      : Resolving eureka endpoints via configuration
2026-01-28T02:52:55.682+05:30  INFO 41328 --- [User-Service] [rap-executor-%d] c.n.d.s.r.aws.ConfigClusterResolver      : Resolving eureka endpoints via configuration
2026-01-28T02:54:53.890+05:30  INFO 41328 --- [User-Service] [nio-8080-exec-2] c.a.u.Controller.UserController          : Login attempt for email: pawarsrinivasnaik@gmail.com
2026-01-28T02:54:53.892+05:30  INFO 41328 --- [User-Service] [nio-8080-exec-2] c.a.user_service.ServiceImp.UserService  : Login attempt for email: pawarsrinivasnaik@gmail.com
Hibernate: 
    select
        ur1_0.id,
        ur1_0.role_id,
        ur1_0.created_at,
        ur1_0.email,
        ur1_0.first_name,
        ur1_0.is_verified,
        ur1_0.last_name,
        ur1_0.password_hash,
        ur1_0.provider 
    from
        user ur1_0 
    where
        ur1_0.email=?
Hibernate: 
    select
        rc1_0.id,
        rc1_0.category_name,
        rc1_0.description 
    from
        roles_category rc1_0 
    where
        rc1_0.id=?
2026-01-28T02:54:54.105+05:30  INFO 41328 --- [User-Service] [nio-8080-exec-2] c.a.user_service.ServiceImp.UserService  : Login successful for email: pawarsrinivasnaik@gmail.com
2026-01-28T02:54:54.105+05:30  INFO 41328 --- [User-Service] [nio-8080-exec-2] c.a.u.Controller.UserController          : Login successful for email: pawarsrinivasnaik@gmail.com
2026-01-28T02:57:55.701+05:30  INFO 41328 --- [User-Service] [rap-executor-%d] c.n.d.s.r.aws.ConfigClusterResolver      : Resolving eureka endpoints via configuration
